
****** Vitis HLS - High-Level Synthesis from C, C++ and OpenCL v2023.2 (64-bit)
  **** SW Build 4023990 on Oct 11 2023
  **** IP Build 4028589 on Sat Oct 14 00:45:43 MDT 2023
  **** SharedData Build 4025554 on Tue Oct 10 17:18:54 MDT 2023
    ** Copyright 1986-2022 Xilinx, Inc. All Rights Reserved.
    ** Copyright 2022-2023 Advanced Micro Devices, Inc. All Rights Reserved.

source /tools/Xilinx/Vitis_HLS/2023.2/scripts/vitis_hls/hls.tcl -notrace
INFO: [HLS 200-10] Running '/tools/Xilinx/Vitis_HLS/2023.2/bin/unwrapped/lnx64.o/vitis_hls'
INFO: [HLS 200-10] For user 'fran' on host 'asus' (Linux_x86_64 version 6.8.0-52-generic) on Mon Mar 03 19:05:50 CET 2025
INFO: [HLS 200-10] On os Ubuntu 22.04.5 LTS
INFO: [HLS 200-10] In directory '/home/fran/Documentos/progra/sys_fir/lab/s2mm/s2mm/sw_emu/s2mm/s2mm'
INFO: [HLS 200-2053] The vitis_hls executable is being deprecated. Consider using vitis-run --mode hls --tcl
Sourcing Tcl script 's2mm.tcl'
INFO: [HLS 200-1510] Running: open_project s2mm 
INFO: [HLS 200-10] Creating and opening project '/home/fran/Documentos/progra/sys_fir/lab/s2mm/s2mm/sw_emu/s2mm/s2mm/s2mm'.
INFO: [HLS 200-1510] Running: set_top s2mm 
INFO: [HLS 200-1510] Running: add_files /home/fran/Documentos/progra/sys_fir/fuentes/HLS/s2mm.cpp -cflags  -g 
INFO: [HLS 200-10] Adding design file '/home/fran/Documentos/progra/sys_fir/fuentes/HLS/s2mm.cpp' to the project
INFO: [HLS 200-1510] Running: open_solution -flow_target vitis solution 
INFO: [HLS 200-10] Creating and opening solution '/home/fran/Documentos/progra/sys_fir/lab/s2mm/s2mm/sw_emu/s2mm/s2mm/s2mm/solution'.
INFO: [HLS 200-1505] Using flow_target 'vitis'
Resolution: For help on HLS 200-1505 see docs.xilinx.com/access/sources/dita/topic?Doc_Version=2023.2%20English&url=ug1448-hls-guidance&resourceid=200-1505.html
INFO: [HLS 200-435] Setting 'open_solution -flow_target vitis' configuration: config_interface -m_axi_latency=64
INFO: [HLS 200-435] Setting 'open_solution -flow_target vitis' configuration: config_interface -m_axi_alignment_byte_size=64
INFO: [HLS 200-435] Setting 'open_solution -flow_target vitis' configuration: config_interface -m_axi_max_widen_bitwidth=512
INFO: [HLS 200-435] Setting 'open_solution -flow_target vitis' configuration: config_rtl -register_reset_num=3
INFO: [HLS 200-1510] Running: set_part xcvc1902-vsva2197-2MP-e-S 
INFO: [HLS 200-1611] Setting target device to 'xcvc1902-vsva2197-2MP-e-S'
INFO: [HLS 200-1510] Running: create_clock -period 312.500000MHz -name default 
INFO: [SYN 201-201] Setting up clock 'default' with a period of 3.2ns.
INFO: [HLS 200-1510] Running: config_rtl -kernel_profile 
INFO: [HLS 200-1510] Running: config_dataflow -strict_mode warning 
INFO: [HLS 200-1510] Running: config_debug -enable 
INFO: [HLS 200-1510] Running: config_rtl -deadlock_detection none 
INFO: [HLS 200-1510] Running: config_interface -m_axi_conservative_mode=1 
INFO: [HLS 200-1510] Running: config_interface -m_axi_addr64 
INFO: [HLS 200-1510] Running: config_interface -m_axi_auto_max_ports=0 
INFO: [HLS 200-1510] Running: config_export -format xo -ipname s2mm 
INFO: [HLS 200-1510] Running: csynth_design -synthesis_check 
INFO: [HLS 200-111] Finished File checks and directory preparation: CPU user time: 0.04 seconds. CPU system time: 0.01 seconds. Elapsed time: 0.04 seconds; current allocated memory: 298.012 MB.
INFO: [HLS 200-10] Analyzing design file '/home/fran/Documentos/progra/sys_fir/fuentes/HLS/s2mm.cpp' ... 
INFO: [HLS 200-111] Finished Source Code Analysis and Preprocessing: CPU user time: 1.13 seconds. CPU system time: 0.26 seconds. Elapsed time: 1.4 seconds; current allocated memory: 299.758 MB.
INFO: [HLS 200-777] Using interface defaults for 'Vitis' flow target.
INFO: [HLS 200-1995] There were 71 instructions in the design after the 'Compile/Link' phase of compilation. See the Design Size Report for more details: /home/fran/Documentos/progra/sys_fir/lab/s2mm/s2mm/sw_emu/s2mm/s2mm/s2mm/solution/syn/report/csynth_design_size.rpt
INFO: [HLS 200-1995] There were 36 instructions in the design after the 'Unroll/Inline (step 1)' phase of compilation. See the Design Size Report for more details: /home/fran/Documentos/progra/sys_fir/lab/s2mm/s2mm/sw_emu/s2mm/s2mm/s2mm/solution/syn/report/csynth_design_size.rpt
INFO: [HLS 200-1995] There were 31 instructions in the design after the 'Unroll/Inline (step 2)' phase of compilation. See the Design Size Report for more details: /home/fran/Documentos/progra/sys_fir/lab/s2mm/s2mm/sw_emu/s2mm/s2mm/s2mm/solution/syn/report/csynth_design_size.rpt
INFO: [HLS 200-1995] There were 34 instructions in the design after the 'Unroll/Inline (step 3)' phase of compilation. See the Design Size Report for more details: /home/fran/Documentos/progra/sys_fir/lab/s2mm/s2mm/sw_emu/s2mm/s2mm/s2mm/solution/syn/report/csynth_design_size.rpt
INFO: [HLS 200-1995] There were 34 instructions in the design after the 'Unroll/Inline (step 4)' phase of compilation. See the Design Size Report for more details: /home/fran/Documentos/progra/sys_fir/lab/s2mm/s2mm/sw_emu/s2mm/s2mm/s2mm/solution/syn/report/csynth_design_size.rpt
INFO: [HLS 200-1995] There were 33 instructions in the design after the 'Array/Struct (step 1)' phase of compilation. See the Design Size Report for more details: /home/fran/Documentos/progra/sys_fir/lab/s2mm/s2mm/sw_emu/s2mm/s2mm/s2mm/solution/syn/report/csynth_design_size.rpt
INFO: [HLS 200-1995] There were 33 instructions in the design after the 'Array/Struct (step 2)' phase of compilation. See the Design Size Report for more details: /home/fran/Documentos/progra/sys_fir/lab/s2mm/s2mm/sw_emu/s2mm/s2mm/s2mm/solution/syn/report/csynth_design_size.rpt
INFO: [HLS 200-1995] There were 33 instructions in the design after the 'Array/Struct (step 3)' phase of compilation. See the Design Size Report for more details: /home/fran/Documentos/progra/sys_fir/lab/s2mm/s2mm/sw_emu/s2mm/s2mm/s2mm/solution/syn/report/csynth_design_size.rpt
INFO: [HLS 200-1995] There were 33 instructions in the design after the 'Array/Struct (step 4)' phase of compilation. See the Design Size Report for more details: /home/fran/Documentos/progra/sys_fir/lab/s2mm/s2mm/sw_emu/s2mm/s2mm/s2mm/solution/syn/report/csynth_design_size.rpt
INFO: [HLS 200-1995] There were 34 instructions in the design after the 'Array/Struct (step 5)' phase of compilation. See the Design Size Report for more details: /home/fran/Documentos/progra/sys_fir/lab/s2mm/s2mm/sw_emu/s2mm/s2mm/s2mm/solution/syn/report/csynth_design_size.rpt
INFO: [HLS 200-1995] There were 34 instructions in the design after the 'Performance (step 1)' phase of compilation. See the Design Size Report for more details: /home/fran/Documentos/progra/sys_fir/lab/s2mm/s2mm/sw_emu/s2mm/s2mm/s2mm/solution/syn/report/csynth_design_size.rpt
INFO: [HLS 200-1995] There were 33 instructions in the design after the 'Performance (step 2)' phase of compilation. See the Design Size Report for more details: /home/fran/Documentos/progra/sys_fir/lab/s2mm/s2mm/sw_emu/s2mm/s2mm/s2mm/solution/syn/report/csynth_design_size.rpt
INFO: [HLS 200-1995] There were 33 instructions in the design after the 'Performance (step 3)' phase of compilation. See the Design Size Report for more details: /home/fran/Documentos/progra/sys_fir/lab/s2mm/s2mm/sw_emu/s2mm/s2mm/s2mm/solution/syn/report/csynth_design_size.rpt
INFO: [HLS 200-1995] There were 33 instructions in the design after the 'Performance (step 4)' phase of compilation. See the Design Size Report for more details: /home/fran/Documentos/progra/sys_fir/lab/s2mm/s2mm/sw_emu/s2mm/s2mm/s2mm/solution/syn/report/csynth_design_size.rpt
INFO: [HLS 200-1995] There were 33 instructions in the design after the 'HW Transforms (step 1)' phase of compilation. See the Design Size Report for more details: /home/fran/Documentos/progra/sys_fir/lab/s2mm/s2mm/sw_emu/s2mm/s2mm/s2mm/solution/syn/report/csynth_design_size.rpt
INFO: [HLS 200-1995] There were 29 instructions in the design after the 'HW Transforms (step 2)' phase of compilation. See the Design Size Report for more details: /home/fran/Documentos/progra/sys_fir/lab/s2mm/s2mm/sw_emu/s2mm/s2mm/s2mm/solution/syn/report/csynth_design_size.rpt
WARNING: [HLS 214-386] A depth specification is required for MAXI interface port 'mem' for cosimulation. (/home/fran/Documentos/progra/sys_fir/fuentes/HLS/s2mm.cpp:28:0)
INFO: [HLS 200-111] Finished Compiling Optimization and Transform: CPU user time: 1.68 seconds. CPU system time: 0.28 seconds. Elapsed time: 6.79 seconds; current allocated memory: 301.637 MB.
INFO: [HLS 200-111] Finished Checking Pragmas: CPU user time: 0 seconds. CPU system time: 0 seconds. Elapsed time: 0 seconds; current allocated memory: 301.637 MB.
INFO: [HLS 200-1493] Running only source code synthesis checks, skipping scheduling and RTL generation.
INFO: [HLS 200-111] Finished Command csynth_design CPU user time: 2.85 seconds. CPU system time: 0.57 seconds. Elapsed time: 8.26 seconds; current allocated memory: 3.898 MB.
INFO: [HLS 200-1510] Running: close_project 
HLS completed successfully
INFO: [HLS 200-112] Total CPU user time: 4.13 seconds. Total CPU system time: 0.72 seconds. Total elapsed time: 9.54 seconds; peak allocated memory: 301.957 MB.
INFO: [Common 17-206] Exiting vitis_hls at Mon Mar  3 19:05:59 2025...
