Sat Mar  1 11:08:18 2025: Running xcd server. This server was built by gradle.
Sat Mar  1 11:08:18 2025: Server was asked to start on port: '41947'
Sat Mar  1 11:08:18 2025: Server is using token UUID: '21691ddd-c9d1-4634-9df2-9e38c42ee297'
Sat Mar  1 11:08:18 2025: SESSION_MGR: creating session with session uuid: '6d04a3e9-ade5-4ab9-8d63-1f78fcd2ec76' and name 'default'
Sat Mar  1 11:08:18 2025: Attempting to start server on port '41947'
Sat Mar  1 11:08:18 2025: XCD main fifo: created main fifo '/tmp/xcdmain21691ddd-c9d1-4634-9df2-9e38c42ee297', fd read = 13
Sat Mar  1 11:08:18 2025: Running Dispatch Server
Sat Mar  1 11:08:18 2025: Version 2.2.0
Sat Mar  1 11:08:20 2025: Dispatch Server: Accepted socket connection from client
Sat Mar  1 11:08:20 2025: Starting Socket connection
Sat Mar  1 11:08:20 2025: EXCHANGE_TOKEN received, server token: 21691ddd-c9d1-4634-9df2-9e38c42ee297, passed token: 21691ddd-c9d1-4634-9df2-9e38c42ee297
Sat Mar  1 11:08:20 2025: DISPATCH_HANDLER: Adding handler from function makeHandler in library libxv_system_diagram
Sat Mar  1 11:08:20 2025: SESSION_MGR: creating session with session uuid: 'e592f19f-6f32-49ce-9f16-ed76bbd67c1a' and name 'v++_compile_fir_hls'
Sat Mar  1 11:08:20 2025: KERNEL_SVC: creating session with uuid: 'e592f19f-6f32-49ce-9f16-ed76bbd67c1a' and name 'v++_compile_fir_hls'
Sat Mar  1 11:08:20 2025: GUIDANCE_SMGR: creating guidance session with uuid: 'e592f19f-6f32-49ce-9f16-ed76bbd67c1a' and name 'v++_compile_fir_hls'
Sat Mar  1 11:08:20 2025: SYSTEM_DIAGRAM: creating session with uuid: 'e592f19f-6f32-49ce-9f16-ed76bbd67c1a' and name 'v++_compile_fir_hls'
Sat Mar  1 11:08:32 2025: SESSION_MGR: closing session for UUID 'e592f19f-6f32-49ce-9f16-ed76bbd67c1a' with name 'v++_compile_fir_hls'
Sat Mar  1 11:08:32 2025: KERNEL_SVC: closing session for UUID 'e592f19f-6f32-49ce-9f16-ed76bbd67c1a' with name 'v++_compile_fir_hls'
Sat Mar  1 11:08:32 2025: GUIDANCE_SMGR: closing session for UUID 'e592f19f-6f32-49ce-9f16-ed76bbd67c1a' with name 'v++_compile_fir_hls'
Sat Mar  1 11:08:32 2025: SYSTEM_DIAGRAM: closing session for UUID 'e592f19f-6f32-49ce-9f16-ed76bbd67c1a' with name 'v++_compile_fir_hls'
Sat Mar  1 11:08:32 2025: STOP_SERVER received, server token: 21691ddd-c9d1-4634-9df2-9e38c42ee297, passed token: 21691ddd-c9d1-4634-9df2-9e38c42ee297
Sat Mar  1 11:08:32 2025: Socket received request to stop server.
Sat Mar  1 11:08:32 2025: Dispatch Server: do_await_stop
Sat Mar  1 11:08:32 2025: Dispatch Server: stopping mainFifo_
Sat Mar  1 11:08:32 2025: XCD main fifo: Stopping
Sat Mar  1 11:08:32 2025: XCD main fifo: do_read error code: Operation canceled
Sat Mar  1 11:08:32 2025: XCD main fifo: bytes_transferred: 0
Sat Mar  1 11:08:32 2025: SERVER: destructor for server bound to port 41947
Sat Mar  1 11:08:32 2025: XCD main fifo: Good unlink of /tmp/xcdmain21691ddd-c9d1-4634-9df2-9e38c42ee297
Sat Mar  1 11:08:32 2025: Server exiting with status 0.
Sat Mar  1 11:08:32 2025: Closing log file.
Mon Mar  3 12:04:00 2025: Running xcd server. This server was built by gradle.
Mon Mar  3 12:04:00 2025: Server was asked to start on port: '41207'
Mon Mar  3 12:04:00 2025: Server is using token UUID: '394c55cd-859c-495f-adad-b2de6734d1ec'
Mon Mar  3 12:04:00 2025: SESSION_MGR: creating session with session uuid: '6d04a3e9-ade5-4ab9-8d63-1f78fcd2ec76' and name 'default'
Mon Mar  3 12:04:00 2025: Attempting to start server on port '41207'
Mon Mar  3 12:04:00 2025: XCD main fifo: created main fifo '/tmp/xcdmain394c55cd-859c-495f-adad-b2de6734d1ec', fd read = 13
Mon Mar  3 12:04:00 2025: Running Dispatch Server
Mon Mar  3 12:04:00 2025: Version 2.2.0
Mon Mar  3 12:04:02 2025: Dispatch Server: Accepted socket connection from client
Mon Mar  3 12:04:02 2025: Starting Socket connection
Mon Mar  3 12:04:02 2025: EXCHANGE_TOKEN received, server token: 394c55cd-859c-495f-adad-b2de6734d1ec, passed token: 394c55cd-859c-495f-adad-b2de6734d1ec
Mon Mar  3 12:04:02 2025: DISPATCH_HANDLER: Adding handler from function makeHandler in library libxv_system_diagram
Mon Mar  3 12:04:02 2025: SESSION_MGR: creating session with session uuid: '2c926970-a566-4963-b554-c65b6911b5b5' and name 'v++_compile_fir_hls'
Mon Mar  3 12:04:02 2025: KERNEL_SVC: creating session with uuid: '2c926970-a566-4963-b554-c65b6911b5b5' and name 'v++_compile_fir_hls'
Mon Mar  3 12:04:02 2025: GUIDANCE_SMGR: creating guidance session with uuid: '2c926970-a566-4963-b554-c65b6911b5b5' and name 'v++_compile_fir_hls'
Mon Mar  3 12:04:02 2025: SYSTEM_DIAGRAM: creating session with uuid: '2c926970-a566-4963-b554-c65b6911b5b5' and name 'v++_compile_fir_hls'
Mon Mar  3 12:04:15 2025: SESSION_MGR: closing session for UUID '2c926970-a566-4963-b554-c65b6911b5b5' with name 'v++_compile_fir_hls'
Mon Mar  3 12:04:15 2025: KERNEL_SVC: closing session for UUID '2c926970-a566-4963-b554-c65b6911b5b5' with name 'v++_compile_fir_hls'
Mon Mar  3 12:04:15 2025: GUIDANCE_SMGR: closing session for UUID '2c926970-a566-4963-b554-c65b6911b5b5' with name 'v++_compile_fir_hls'
Mon Mar  3 12:04:15 2025: SYSTEM_DIAGRAM: closing session for UUID '2c926970-a566-4963-b554-c65b6911b5b5' with name 'v++_compile_fir_hls'
Mon Mar  3 12:04:15 2025: STOP_SERVER received, server token: 394c55cd-859c-495f-adad-b2de6734d1ec, passed token: 394c55cd-859c-495f-adad-b2de6734d1ec
Mon Mar  3 12:04:15 2025: Socket received request to stop server.
Mon Mar  3 12:04:15 2025: Dispatch Server: do_await_stop
Mon Mar  3 12:04:15 2025: Dispatch Server: stopping mainFifo_
Mon Mar  3 12:04:15 2025: XCD main fifo: Stopping
Mon Mar  3 12:04:15 2025: XCD main fifo: do_read error code: Operation canceled
Mon Mar  3 12:04:15 2025: XCD main fifo: bytes_transferred: 0
Mon Mar  3 12:04:15 2025: SERVER: destructor for server bound to port 41207
Mon Mar  3 12:04:15 2025: XCD main fifo: Good unlink of /tmp/xcdmain394c55cd-859c-495f-adad-b2de6734d1ec
Mon Mar  3 12:04:15 2025: Server exiting with status 0.
Mon Mar  3 12:04:15 2025: Closing log file.
Mon Mar  3 19:05:14 2025: Running xcd server. This server was built by gradle.
Mon Mar  3 19:05:14 2025: Server was asked to start on port: '45581'
Mon Mar  3 19:05:14 2025: Server is using token UUID: '785b5673-c568-44fd-bfdc-fc1cb8e667e7'
Mon Mar  3 19:05:14 2025: SESSION_MGR: creating session with session uuid: '6d04a3e9-ade5-4ab9-8d63-1f78fcd2ec76' and name 'default'
Mon Mar  3 19:05:14 2025: Attempting to start server on port '45581'
Mon Mar  3 19:05:14 2025: XCD main fifo: created main fifo '/tmp/xcdmain785b5673-c568-44fd-bfdc-fc1cb8e667e7', fd read = 13
Mon Mar  3 19:05:14 2025: Running Dispatch Server
Mon Mar  3 19:05:14 2025: Version 2.2.0
Mon Mar  3 19:05:15 2025: Dispatch Server: Accepted socket connection from client
Mon Mar  3 19:05:15 2025: Starting Socket connection
Mon Mar  3 19:05:15 2025: EXCHANGE_TOKEN received, server token: 785b5673-c568-44fd-bfdc-fc1cb8e667e7, passed token: 785b5673-c568-44fd-bfdc-fc1cb8e667e7
Mon Mar  3 19:05:16 2025: DISPATCH_HANDLER: Adding handler from function makeHandler in library libxv_system_diagram
Mon Mar  3 19:05:16 2025: SESSION_MGR: creating session with session uuid: '2295fbcf-8fbe-4f22-b83e-553f9412b77a' and name 'v++_compile_fir_hls'
Mon Mar  3 19:05:16 2025: KERNEL_SVC: creating session with uuid: '2295fbcf-8fbe-4f22-b83e-553f9412b77a' and name 'v++_compile_fir_hls'
Mon Mar  3 19:05:16 2025: GUIDANCE_SMGR: creating guidance session with uuid: '2295fbcf-8fbe-4f22-b83e-553f9412b77a' and name 'v++_compile_fir_hls'
Mon Mar  3 19:05:16 2025: SYSTEM_DIAGRAM: creating session with uuid: '2295fbcf-8fbe-4f22-b83e-553f9412b77a' and name 'v++_compile_fir_hls'
Mon Mar  3 19:05:28 2025: SESSION_MGR: closing session for UUID '2295fbcf-8fbe-4f22-b83e-553f9412b77a' with name 'v++_compile_fir_hls'
Mon Mar  3 19:05:28 2025: KERNEL_SVC: closing session for UUID '2295fbcf-8fbe-4f22-b83e-553f9412b77a' with name 'v++_compile_fir_hls'
Mon Mar  3 19:05:28 2025: GUIDANCE_SMGR: closing session for UUID '2295fbcf-8fbe-4f22-b83e-553f9412b77a' with name 'v++_compile_fir_hls'
Mon Mar  3 19:05:28 2025: SYSTEM_DIAGRAM: closing session for UUID '2295fbcf-8fbe-4f22-b83e-553f9412b77a' with name 'v++_compile_fir_hls'
Mon Mar  3 19:05:28 2025: STOP_SERVER received, server token: 785b5673-c568-44fd-bfdc-fc1cb8e667e7, passed token: 785b5673-c568-44fd-bfdc-fc1cb8e667e7
Mon Mar  3 19:05:28 2025: Socket received request to stop server.
Mon Mar  3 19:05:28 2025: Dispatch Server: do_await_stop
Mon Mar  3 19:05:28 2025: Dispatch Server: stopping mainFifo_
Mon Mar  3 19:05:28 2025: XCD main fifo: Stopping
Mon Mar  3 19:05:28 2025: XCD main fifo: do_read error code: Operation canceled
Mon Mar  3 19:05:28 2025: XCD main fifo: bytes_transferred: 0
Mon Mar  3 19:05:28 2025: SERVER: destructor for server bound to port 45581
Mon Mar  3 19:05:28 2025: XCD main fifo: Good unlink of /tmp/xcdmain785b5673-c568-44fd-bfdc-fc1cb8e667e7
Mon Mar  3 19:05:28 2025: Server exiting with status 0.
Mon Mar  3 19:05:28 2025: Closing log file.
