Sat Mar  1 10:52:14 2025: Running xcd server. This server was built by gradle.
Sat Mar  1 10:52:14 2025: Server was asked to start on port: '35163'
Sat Mar  1 10:52:14 2025: Server is using token UUID: '2155b1f3-eb1d-44ef-a9a3-ff596ea461f3'
Sat Mar  1 10:52:14 2025: SESSION_MGR: creating session with session uuid: '6d04a3e9-ade5-4ab9-8d63-1f78fcd2ec76' and name 'default'
Sat Mar  1 10:52:14 2025: Attempting to start server on port '35163'
Sat Mar  1 10:52:14 2025: XCD main fifo: created main fifo '/tmp/xcdmain2155b1f3-eb1d-44ef-a9a3-ff596ea461f3', fd read = 13
Sat Mar  1 10:52:14 2025: Running Dispatch Server
Sat Mar  1 10:52:14 2025: Version 2.2.0
Sat Mar  1 10:52:16 2025: Dispatch Server: Accepted socket connection from client
Sat Mar  1 10:52:16 2025: Starting Socket connection
Sat Mar  1 10:52:16 2025: EXCHANGE_TOKEN received, server token: 2155b1f3-eb1d-44ef-a9a3-ff596ea461f3, passed token: 2155b1f3-eb1d-44ef-a9a3-ff596ea461f3
Sat Mar  1 10:52:16 2025: DISPATCH_HANDLER: Adding handler from function makeHandler in library libxv_system_diagram
Sat Mar  1 10:52:16 2025: SESSION_MGR: creating session with session uuid: 'e9a715d1-7ef5-4e83-bdd3-ded97c125d68' and name 'v++_compile_mm2s'
Sat Mar  1 10:52:16 2025: KERNEL_SVC: creating session with uuid: 'e9a715d1-7ef5-4e83-bdd3-ded97c125d68' and name 'v++_compile_mm2s'
Sat Mar  1 10:52:16 2025: GUIDANCE_SMGR: creating guidance session with uuid: 'e9a715d1-7ef5-4e83-bdd3-ded97c125d68' and name 'v++_compile_mm2s'
Sat Mar  1 10:52:16 2025: SYSTEM_DIAGRAM: creating session with uuid: 'e9a715d1-7ef5-4e83-bdd3-ded97c125d68' and name 'v++_compile_mm2s'
Sat Mar  1 10:52:19 2025: Dispatch Server: Accepted socket connection from client
Sat Mar  1 10:52:19 2025: Starting Socket connection
Sat Mar  1 10:52:29 2025: SESSION_MGR: closing session for UUID 'e9a715d1-7ef5-4e83-bdd3-ded97c125d68' with name 'v++_compile_mm2s'
Sat Mar  1 10:52:29 2025: KERNEL_SVC: closing session for UUID 'e9a715d1-7ef5-4e83-bdd3-ded97c125d68' with name 'v++_compile_mm2s'
Sat Mar  1 10:52:29 2025: GUIDANCE_SMGR: closing session for UUID 'e9a715d1-7ef5-4e83-bdd3-ded97c125d68' with name 'v++_compile_mm2s'
Sat Mar  1 10:52:29 2025: SYSTEM_DIAGRAM: closing session for UUID 'e9a715d1-7ef5-4e83-bdd3-ded97c125d68' with name 'v++_compile_mm2s'
Sat Mar  1 10:52:29 2025: STOP_SERVER received, server token: 2155b1f3-eb1d-44ef-a9a3-ff596ea461f3, passed token: 2155b1f3-eb1d-44ef-a9a3-ff596ea461f3
Sat Mar  1 10:52:29 2025: Socket received request to stop server.
Sat Mar  1 10:52:29 2025: Dispatch Server: do_await_stop
Sat Mar  1 10:52:29 2025: Dispatch Server: stopping mainFifo_
Sat Mar  1 10:52:29 2025: XCD main fifo: Stopping
Sat Mar  1 10:52:29 2025: XCD main fifo: do_read error code: Operation canceled
Sat Mar  1 10:52:29 2025: XCD main fifo: bytes_transferred: 0
Sat Mar  1 10:52:29 2025: SERVER: destructor for server bound to port 35163
Sat Mar  1 10:52:29 2025: XCD main fifo: Good unlink of /tmp/xcdmain2155b1f3-eb1d-44ef-a9a3-ff596ea461f3
Sat Mar  1 10:52:29 2025: Server exiting with status 0.
Sat Mar  1 10:52:29 2025: Closing log file.
Sat Mar  1 11:11:47 2025: Running xcd server. This server was built by gradle.
Sat Mar  1 11:11:47 2025: Server was asked to start on port: '40973'
Sat Mar  1 11:11:47 2025: Server is using token UUID: 'ab8b9032-9785-41d3-8903-40348e4ffa9d'
Sat Mar  1 11:11:47 2025: SESSION_MGR: creating session with session uuid: '6d04a3e9-ade5-4ab9-8d63-1f78fcd2ec76' and name 'default'
Sat Mar  1 11:11:47 2025: Attempting to start server on port '40973'
Sat Mar  1 11:11:47 2025: XCD main fifo: created main fifo '/tmp/xcdmainab8b9032-9785-41d3-8903-40348e4ffa9d', fd read = 13
Sat Mar  1 11:11:47 2025: Running Dispatch Server
Sat Mar  1 11:11:47 2025: Version 2.2.0
Sat Mar  1 11:11:49 2025: Dispatch Server: Accepted socket connection from client
Sat Mar  1 11:11:49 2025: Starting Socket connection
Sat Mar  1 11:11:49 2025: EXCHANGE_TOKEN received, server token: ab8b9032-9785-41d3-8903-40348e4ffa9d, passed token: ab8b9032-9785-41d3-8903-40348e4ffa9d
Sat Mar  1 11:11:49 2025: DISPATCH_HANDLER: Adding handler from function makeHandler in library libxv_system_diagram
Sat Mar  1 11:11:49 2025: SESSION_MGR: creating session with session uuid: 'bbb25d18-b6f5-4d5a-b0f9-3d97a9d2f6eb' and name 'v++_compile_mm2s'
Sat Mar  1 11:11:49 2025: KERNEL_SVC: creating session with uuid: 'bbb25d18-b6f5-4d5a-b0f9-3d97a9d2f6eb' and name 'v++_compile_mm2s'
Sat Mar  1 11:11:49 2025: GUIDANCE_SMGR: creating guidance session with uuid: 'bbb25d18-b6f5-4d5a-b0f9-3d97a9d2f6eb' and name 'v++_compile_mm2s'
Sat Mar  1 11:11:49 2025: SYSTEM_DIAGRAM: creating session with uuid: 'bbb25d18-b6f5-4d5a-b0f9-3d97a9d2f6eb' and name 'v++_compile_mm2s'
Sat Mar  1 11:11:51 2025: Dispatch Server: Accepted socket connection from client
Sat Mar  1 11:11:51 2025: Starting Socket connection
Sat Mar  1 11:12:01 2025: SESSION_MGR: closing session for UUID 'bbb25d18-b6f5-4d5a-b0f9-3d97a9d2f6eb' with name 'v++_compile_mm2s'
Sat Mar  1 11:12:01 2025: KERNEL_SVC: closing session for UUID 'bbb25d18-b6f5-4d5a-b0f9-3d97a9d2f6eb' with name 'v++_compile_mm2s'
Sat Mar  1 11:12:01 2025: GUIDANCE_SMGR: closing session for UUID 'bbb25d18-b6f5-4d5a-b0f9-3d97a9d2f6eb' with name 'v++_compile_mm2s'
Sat Mar  1 11:12:01 2025: SYSTEM_DIAGRAM: closing session for UUID 'bbb25d18-b6f5-4d5a-b0f9-3d97a9d2f6eb' with name 'v++_compile_mm2s'
Sat Mar  1 11:12:01 2025: STOP_SERVER received, server token: ab8b9032-9785-41d3-8903-40348e4ffa9d, passed token: ab8b9032-9785-41d3-8903-40348e4ffa9d
Sat Mar  1 11:12:01 2025: Socket received request to stop server.
Sat Mar  1 11:12:01 2025: Dispatch Server: do_await_stop
Sat Mar  1 11:12:01 2025: Dispatch Server: stopping mainFifo_
Sat Mar  1 11:12:01 2025: XCD main fifo: Stopping
Sat Mar  1 11:12:01 2025: XCD main fifo: do_read error code: Operation canceled
Sat Mar  1 11:12:01 2025: XCD main fifo: bytes_transferred: 0
Sat Mar  1 11:12:01 2025: SERVER: destructor for server bound to port 40973
Sat Mar  1 11:12:01 2025: XCD main fifo: Good unlink of /tmp/xcdmainab8b9032-9785-41d3-8903-40348e4ffa9d
Sat Mar  1 11:12:01 2025: Server exiting with status 0.
Sat Mar  1 11:12:01 2025: Closing log file.
Sat Mar  1 11:12:03 2025: Running xcd server. This server was built by gradle.
Sat Mar  1 11:12:03 2025: Server was asked to start on port: '38743'
Sat Mar  1 11:12:03 2025: Server is using token UUID: 'a6dc2138-f1d8-4f7f-90ed-1ecc2e232cad'
Sat Mar  1 11:12:03 2025: SESSION_MGR: creating session with session uuid: '6d04a3e9-ade5-4ab9-8d63-1f78fcd2ec76' and name 'default'
Sat Mar  1 11:12:03 2025: Attempting to start server on port '38743'
Sat Mar  1 11:12:03 2025: XCD main fifo: created main fifo '/tmp/xcdmaina6dc2138-f1d8-4f7f-90ed-1ecc2e232cad', fd read = 13
Sat Mar  1 11:12:03 2025: Running Dispatch Server
Sat Mar  1 11:12:03 2025: Version 2.2.0
Sat Mar  1 11:12:05 2025: Dispatch Server: Accepted socket connection from client
Sat Mar  1 11:12:05 2025: Starting Socket connection
Sat Mar  1 11:12:05 2025: EXCHANGE_TOKEN received, server token: a6dc2138-f1d8-4f7f-90ed-1ecc2e232cad, passed token: a6dc2138-f1d8-4f7f-90ed-1ecc2e232cad
Sat Mar  1 11:12:05 2025: DISPATCH_HANDLER: Adding handler from function makeHandler in library libxv_system_diagram
Sat Mar  1 11:12:05 2025: SESSION_MGR: creating session with session uuid: '59a97427-22eb-4ef4-b53e-a1b4b0c5c391' and name 'vitis-run_compile_mm2s'
Sat Mar  1 11:12:05 2025: KERNEL_SVC: creating session with uuid: '59a97427-22eb-4ef4-b53e-a1b4b0c5c391' and name 'vitis-run_compile_mm2s'
Sat Mar  1 11:12:05 2025: GUIDANCE_SMGR: creating guidance session with uuid: '59a97427-22eb-4ef4-b53e-a1b4b0c5c391' and name 'vitis-run_compile_mm2s'
Sat Mar  1 11:12:05 2025: SYSTEM_DIAGRAM: creating session with uuid: '59a97427-22eb-4ef4-b53e-a1b4b0c5c391' and name 'vitis-run_compile_mm2s'
Sat Mar  1 11:12:07 2025: Dispatch Server: Accepted socket connection from client
Sat Mar  1 11:12:07 2025: Starting Socket connection
Sat Mar  1 11:12:19 2025: SESSION_MGR: closing session for UUID '59a97427-22eb-4ef4-b53e-a1b4b0c5c391' with name 'vitis-run_compile_mm2s'
Sat Mar  1 11:12:19 2025: KERNEL_SVC: closing session for UUID '59a97427-22eb-4ef4-b53e-a1b4b0c5c391' with name 'vitis-run_compile_mm2s'
Sat Mar  1 11:12:19 2025: GUIDANCE_SMGR: closing session for UUID '59a97427-22eb-4ef4-b53e-a1b4b0c5c391' with name 'vitis-run_compile_mm2s'
Sat Mar  1 11:12:19 2025: SYSTEM_DIAGRAM: closing session for UUID '59a97427-22eb-4ef4-b53e-a1b4b0c5c391' with name 'vitis-run_compile_mm2s'
Sat Mar  1 11:12:19 2025: STOP_SERVER received, server token: a6dc2138-f1d8-4f7f-90ed-1ecc2e232cad, passed token: a6dc2138-f1d8-4f7f-90ed-1ecc2e232cad
Sat Mar  1 11:12:19 2025: Socket received request to stop server.
Sat Mar  1 11:12:19 2025: Dispatch Server: do_await_stop
Sat Mar  1 11:12:19 2025: Dispatch Server: stopping mainFifo_
Sat Mar  1 11:12:19 2025: XCD main fifo: Stopping
Sat Mar  1 11:12:19 2025: XCD main fifo: do_read error code: Operation canceled
Sat Mar  1 11:12:19 2025: XCD main fifo: bytes_transferred: 0
Sat Mar  1 11:12:19 2025: SERVER: destructor for server bound to port 38743
Sat Mar  1 11:12:19 2025: XCD main fifo: Good unlink of /tmp/xcdmaina6dc2138-f1d8-4f7f-90ed-1ecc2e232cad
Sat Mar  1 11:12:19 2025: Server exiting with status 0.
Sat Mar  1 11:12:19 2025: Closing log file.
Sat Mar  1 11:14:37 2025: Running xcd server. This server was built by gradle.
Sat Mar  1 11:14:37 2025: Server was asked to start on port: '42955'
Sat Mar  1 11:14:37 2025: Server is using token UUID: '5da6e3bf-af9f-4bc5-b763-388e197e880d'
Sat Mar  1 11:14:37 2025: SESSION_MGR: creating session with session uuid: '6d04a3e9-ade5-4ab9-8d63-1f78fcd2ec76' and name 'default'
Sat Mar  1 11:14:37 2025: Attempting to start server on port '42955'
Sat Mar  1 11:14:37 2025: XCD main fifo: created main fifo '/tmp/xcdmain5da6e3bf-af9f-4bc5-b763-388e197e880d', fd read = 13
Sat Mar  1 11:14:37 2025: Running Dispatch Server
Sat Mar  1 11:14:37 2025: Version 2.2.0
Sat Mar  1 11:14:39 2025: Dispatch Server: Accepted socket connection from client
Sat Mar  1 11:14:39 2025: Starting Socket connection
Sat Mar  1 11:14:39 2025: EXCHANGE_TOKEN received, server token: 5da6e3bf-af9f-4bc5-b763-388e197e880d, passed token: 5da6e3bf-af9f-4bc5-b763-388e197e880d
Sat Mar  1 11:14:39 2025: DISPATCH_HANDLER: Adding handler from function makeHandler in library libxv_system_diagram
Sat Mar  1 11:14:39 2025: SESSION_MGR: creating session with session uuid: 'c984b3cc-c7dc-4b5a-b277-58ff0b68c95b' and name 'v++_compile_mm2s'
Sat Mar  1 11:14:39 2025: KERNEL_SVC: creating session with uuid: 'c984b3cc-c7dc-4b5a-b277-58ff0b68c95b' and name 'v++_compile_mm2s'
Sat Mar  1 11:14:39 2025: GUIDANCE_SMGR: creating guidance session with uuid: 'c984b3cc-c7dc-4b5a-b277-58ff0b68c95b' and name 'v++_compile_mm2s'
Sat Mar  1 11:14:39 2025: SYSTEM_DIAGRAM: creating session with uuid: 'c984b3cc-c7dc-4b5a-b277-58ff0b68c95b' and name 'v++_compile_mm2s'
Sat Mar  1 11:14:41 2025: Dispatch Server: Accepted socket connection from client
Sat Mar  1 11:14:41 2025: Starting Socket connection
Sat Mar  1 11:14:51 2025: SESSION_MGR: closing session for UUID 'c984b3cc-c7dc-4b5a-b277-58ff0b68c95b' with name 'v++_compile_mm2s'
Sat Mar  1 11:14:51 2025: KERNEL_SVC: closing session for UUID 'c984b3cc-c7dc-4b5a-b277-58ff0b68c95b' with name 'v++_compile_mm2s'
Sat Mar  1 11:14:51 2025: GUIDANCE_SMGR: closing session for UUID 'c984b3cc-c7dc-4b5a-b277-58ff0b68c95b' with name 'v++_compile_mm2s'
Sat Mar  1 11:14:51 2025: SYSTEM_DIAGRAM: closing session for UUID 'c984b3cc-c7dc-4b5a-b277-58ff0b68c95b' with name 'v++_compile_mm2s'
Sat Mar  1 11:14:51 2025: STOP_SERVER received, server token: 5da6e3bf-af9f-4bc5-b763-388e197e880d, passed token: 5da6e3bf-af9f-4bc5-b763-388e197e880d
Sat Mar  1 11:14:51 2025: Socket received request to stop server.
Sat Mar  1 11:14:51 2025: Dispatch Server: do_await_stop
Sat Mar  1 11:14:51 2025: Dispatch Server: stopping mainFifo_
Sat Mar  1 11:14:51 2025: XCD main fifo: Stopping
Sat Mar  1 11:14:51 2025: XCD main fifo: do_read error code: Operation canceled
Sat Mar  1 11:14:51 2025: XCD main fifo: bytes_transferred: 0
Sat Mar  1 11:14:51 2025: SERVER: destructor for server bound to port 42955
Sat Mar  1 11:14:51 2025: XCD main fifo: Good unlink of /tmp/xcdmain5da6e3bf-af9f-4bc5-b763-388e197e880d
Sat Mar  1 11:14:51 2025: Server exiting with status 0.
Sat Mar  1 11:14:51 2025: Closing log file.
Sat Mar  1 11:14:53 2025: Running xcd server. This server was built by gradle.
Sat Mar  1 11:14:53 2025: Server was asked to start on port: '45155'
Sat Mar  1 11:14:53 2025: Server is using token UUID: '6cebaa5f-9074-42b7-a66d-000b050e485e'
Sat Mar  1 11:14:53 2025: SESSION_MGR: creating session with session uuid: '6d04a3e9-ade5-4ab9-8d63-1f78fcd2ec76' and name 'default'
Sat Mar  1 11:14:53 2025: Attempting to start server on port '45155'
Sat Mar  1 11:14:53 2025: XCD main fifo: created main fifo '/tmp/xcdmain6cebaa5f-9074-42b7-a66d-000b050e485e', fd read = 13
Sat Mar  1 11:14:53 2025: Running Dispatch Server
Sat Mar  1 11:14:53 2025: Version 2.2.0
Sat Mar  1 11:14:54 2025: Dispatch Server: Accepted socket connection from client
Sat Mar  1 11:14:54 2025: Starting Socket connection
Sat Mar  1 11:14:54 2025: EXCHANGE_TOKEN received, server token: 6cebaa5f-9074-42b7-a66d-000b050e485e, passed token: 6cebaa5f-9074-42b7-a66d-000b050e485e
Sat Mar  1 11:14:55 2025: DISPATCH_HANDLER: Adding handler from function makeHandler in library libxv_system_diagram
Sat Mar  1 11:14:55 2025: SESSION_MGR: creating session with session uuid: '9903660a-aa40-4fc3-984c-c78db874af41' and name 'vitis-run_compile_mm2s'
Sat Mar  1 11:14:55 2025: KERNEL_SVC: creating session with uuid: '9903660a-aa40-4fc3-984c-c78db874af41' and name 'vitis-run_compile_mm2s'
Sat Mar  1 11:14:55 2025: GUIDANCE_SMGR: creating guidance session with uuid: '9903660a-aa40-4fc3-984c-c78db874af41' and name 'vitis-run_compile_mm2s'
Sat Mar  1 11:14:55 2025: SYSTEM_DIAGRAM: creating session with uuid: '9903660a-aa40-4fc3-984c-c78db874af41' and name 'vitis-run_compile_mm2s'
Sat Mar  1 11:14:57 2025: Dispatch Server: Accepted socket connection from client
Sat Mar  1 11:14:57 2025: Starting Socket connection
Sat Mar  1 11:15:09 2025: SESSION_MGR: closing session for UUID '9903660a-aa40-4fc3-984c-c78db874af41' with name 'vitis-run_compile_mm2s'
Sat Mar  1 11:15:09 2025: KERNEL_SVC: closing session for UUID '9903660a-aa40-4fc3-984c-c78db874af41' with name 'vitis-run_compile_mm2s'
Sat Mar  1 11:15:09 2025: GUIDANCE_SMGR: closing session for UUID '9903660a-aa40-4fc3-984c-c78db874af41' with name 'vitis-run_compile_mm2s'
Sat Mar  1 11:15:09 2025: SYSTEM_DIAGRAM: closing session for UUID '9903660a-aa40-4fc3-984c-c78db874af41' with name 'vitis-run_compile_mm2s'
Sat Mar  1 11:15:09 2025: STOP_SERVER received, server token: 6cebaa5f-9074-42b7-a66d-000b050e485e, passed token: 6cebaa5f-9074-42b7-a66d-000b050e485e
Sat Mar  1 11:15:09 2025: Socket received request to stop server.
Sat Mar  1 11:15:09 2025: Dispatch Server: do_await_stop
Sat Mar  1 11:15:09 2025: Dispatch Server: stopping mainFifo_
Sat Mar  1 11:15:09 2025: XCD main fifo: Stopping
Sat Mar  1 11:15:09 2025: XCD main fifo: do_read error code: Operation canceled
Sat Mar  1 11:15:09 2025: XCD main fifo: bytes_transferred: 0
Sat Mar  1 11:15:09 2025: SERVER: destructor for server bound to port 45155
Sat Mar  1 11:15:09 2025: XCD main fifo: Good unlink of /tmp/xcdmain6cebaa5f-9074-42b7-a66d-000b050e485e
Sat Mar  1 11:15:09 2025: Server exiting with status 0.
Sat Mar  1 11:15:09 2025: Closing log file.
Sat Mar  1 11:17:25 2025: Running xcd server. This server was built by gradle.
Sat Mar  1 11:17:25 2025: Server was asked to start on port: '41515'
Sat Mar  1 11:17:25 2025: Server is using token UUID: 'fa1c63d7-ef2b-4f89-9c97-debc2c210b76'
Sat Mar  1 11:17:25 2025: SESSION_MGR: creating session with session uuid: '6d04a3e9-ade5-4ab9-8d63-1f78fcd2ec76' and name 'default'
Sat Mar  1 11:17:25 2025: Attempting to start server on port '41515'
Sat Mar  1 11:17:25 2025: XCD main fifo: created main fifo '/tmp/xcdmainfa1c63d7-ef2b-4f89-9c97-debc2c210b76', fd read = 13
Sat Mar  1 11:17:25 2025: Running Dispatch Server
Sat Mar  1 11:17:25 2025: Version 2.2.0
Sat Mar  1 11:17:27 2025: Dispatch Server: Accepted socket connection from client
Sat Mar  1 11:17:27 2025: Starting Socket connection
Sat Mar  1 11:17:27 2025: EXCHANGE_TOKEN received, server token: fa1c63d7-ef2b-4f89-9c97-debc2c210b76, passed token: fa1c63d7-ef2b-4f89-9c97-debc2c210b76
Sat Mar  1 11:17:27 2025: DISPATCH_HANDLER: Adding handler from function makeHandler in library libxv_system_diagram
Sat Mar  1 11:17:27 2025: SESSION_MGR: creating session with session uuid: '05f102ae-5a88-4571-b90e-d2e6534ed59d' and name 'v++_compile_mm2s'
Sat Mar  1 11:17:27 2025: KERNEL_SVC: creating session with uuid: '05f102ae-5a88-4571-b90e-d2e6534ed59d' and name 'v++_compile_mm2s'
Sat Mar  1 11:17:27 2025: GUIDANCE_SMGR: creating guidance session with uuid: '05f102ae-5a88-4571-b90e-d2e6534ed59d' and name 'v++_compile_mm2s'
Sat Mar  1 11:17:27 2025: SYSTEM_DIAGRAM: creating session with uuid: '05f102ae-5a88-4571-b90e-d2e6534ed59d' and name 'v++_compile_mm2s'
Sat Mar  1 11:17:29 2025: Dispatch Server: Accepted socket connection from client
Sat Mar  1 11:17:29 2025: Starting Socket connection
Sat Mar  1 11:17:39 2025: SESSION_MGR: closing session for UUID '05f102ae-5a88-4571-b90e-d2e6534ed59d' with name 'v++_compile_mm2s'
Sat Mar  1 11:17:39 2025: KERNEL_SVC: closing session for UUID '05f102ae-5a88-4571-b90e-d2e6534ed59d' with name 'v++_compile_mm2s'
Sat Mar  1 11:17:39 2025: GUIDANCE_SMGR: closing session for UUID '05f102ae-5a88-4571-b90e-d2e6534ed59d' with name 'v++_compile_mm2s'
Sat Mar  1 11:17:39 2025: SYSTEM_DIAGRAM: closing session for UUID '05f102ae-5a88-4571-b90e-d2e6534ed59d' with name 'v++_compile_mm2s'
Sat Mar  1 11:17:39 2025: STOP_SERVER received, server token: fa1c63d7-ef2b-4f89-9c97-debc2c210b76, passed token: fa1c63d7-ef2b-4f89-9c97-debc2c210b76
Sat Mar  1 11:17:39 2025: Socket received request to stop server.
Sat Mar  1 11:17:39 2025: Dispatch Server: do_await_stop
Sat Mar  1 11:17:39 2025: Dispatch Server: stopping mainFifo_
Sat Mar  1 11:17:39 2025: XCD main fifo: Stopping
Sat Mar  1 11:17:39 2025: XCD main fifo: do_read error code: Operation canceled
Sat Mar  1 11:17:39 2025: XCD main fifo: bytes_transferred: 0
Sat Mar  1 11:17:39 2025: SERVER: destructor for server bound to port 41515
Sat Mar  1 11:17:39 2025: XCD main fifo: Good unlink of /tmp/xcdmainfa1c63d7-ef2b-4f89-9c97-debc2c210b76
Sat Mar  1 11:17:39 2025: Server exiting with status 0.
Sat Mar  1 11:17:39 2025: Closing log file.
Sat Mar  1 11:17:40 2025: Running xcd server. This server was built by gradle.
Sat Mar  1 11:17:40 2025: Server was asked to start on port: '44975'
Sat Mar  1 11:17:40 2025: Server is using token UUID: 'b72e19e0-b5f8-4b0c-9db5-a8d6accb14ea'
Sat Mar  1 11:17:40 2025: SESSION_MGR: creating session with session uuid: '6d04a3e9-ade5-4ab9-8d63-1f78fcd2ec76' and name 'default'
Sat Mar  1 11:17:40 2025: Attempting to start server on port '44975'
Sat Mar  1 11:17:40 2025: XCD main fifo: created main fifo '/tmp/xcdmainb72e19e0-b5f8-4b0c-9db5-a8d6accb14ea', fd read = 13
Sat Mar  1 11:17:40 2025: Running Dispatch Server
Sat Mar  1 11:17:40 2025: Version 2.2.0
Sat Mar  1 11:17:42 2025: Dispatch Server: Accepted socket connection from client
Sat Mar  1 11:17:42 2025: Starting Socket connection
Sat Mar  1 11:17:42 2025: EXCHANGE_TOKEN received, server token: b72e19e0-b5f8-4b0c-9db5-a8d6accb14ea, passed token: b72e19e0-b5f8-4b0c-9db5-a8d6accb14ea
Sat Mar  1 11:17:42 2025: DISPATCH_HANDLER: Adding handler from function makeHandler in library libxv_system_diagram
Sat Mar  1 11:17:42 2025: SESSION_MGR: creating session with session uuid: '559e7892-1dea-4a3d-850c-571987946a00' and name 'vitis-run_compile_mm2s'
Sat Mar  1 11:17:42 2025: KERNEL_SVC: creating session with uuid: '559e7892-1dea-4a3d-850c-571987946a00' and name 'vitis-run_compile_mm2s'
Sat Mar  1 11:17:42 2025: GUIDANCE_SMGR: creating guidance session with uuid: '559e7892-1dea-4a3d-850c-571987946a00' and name 'vitis-run_compile_mm2s'
Sat Mar  1 11:17:42 2025: SYSTEM_DIAGRAM: creating session with uuid: '559e7892-1dea-4a3d-850c-571987946a00' and name 'vitis-run_compile_mm2s'
Sat Mar  1 11:17:44 2025: Dispatch Server: Accepted socket connection from client
Sat Mar  1 11:17:44 2025: Starting Socket connection
Sat Mar  1 11:17:56 2025: SESSION_MGR: closing session for UUID '559e7892-1dea-4a3d-850c-571987946a00' with name 'vitis-run_compile_mm2s'
Sat Mar  1 11:17:56 2025: KERNEL_SVC: closing session for UUID '559e7892-1dea-4a3d-850c-571987946a00' with name 'vitis-run_compile_mm2s'
Sat Mar  1 11:17:56 2025: GUIDANCE_SMGR: closing session for UUID '559e7892-1dea-4a3d-850c-571987946a00' with name 'vitis-run_compile_mm2s'
Sat Mar  1 11:17:56 2025: SYSTEM_DIAGRAM: closing session for UUID '559e7892-1dea-4a3d-850c-571987946a00' with name 'vitis-run_compile_mm2s'
Sat Mar  1 11:17:56 2025: STOP_SERVER received, server token: b72e19e0-b5f8-4b0c-9db5-a8d6accb14ea, passed token: b72e19e0-b5f8-4b0c-9db5-a8d6accb14ea
Sat Mar  1 11:17:56 2025: Socket received request to stop server.
Sat Mar  1 11:17:56 2025: Dispatch Server: do_await_stop
Sat Mar  1 11:17:56 2025: Dispatch Server: stopping mainFifo_
Sat Mar  1 11:17:56 2025: XCD main fifo: Stopping
Sat Mar  1 11:17:56 2025: XCD main fifo: do_read error code: Operation canceled
Sat Mar  1 11:17:56 2025: XCD main fifo: bytes_transferred: 0
Sat Mar  1 11:17:56 2025: SERVER: destructor for server bound to port 44975
Sat Mar  1 11:17:56 2025: XCD main fifo: Good unlink of /tmp/xcdmainb72e19e0-b5f8-4b0c-9db5-a8d6accb14ea
Sat Mar  1 11:17:56 2025: Server exiting with status 0.
Sat Mar  1 11:17:56 2025: Closing log file.
Mon Mar  3 13:20:24 2025: Running xcd server. This server was built by gradle.
Mon Mar  3 13:20:24 2025: Server was asked to start on port: '38747'
Mon Mar  3 13:20:24 2025: Server is using token UUID: '2a4c9e82-e1a8-4391-98de-89a1dbe514e9'
Mon Mar  3 13:20:24 2025: SESSION_MGR: creating session with session uuid: '6d04a3e9-ade5-4ab9-8d63-1f78fcd2ec76' and name 'default'
Mon Mar  3 13:20:24 2025: Attempting to start server on port '38747'
Mon Mar  3 13:20:24 2025: XCD main fifo: created main fifo '/tmp/xcdmain2a4c9e82-e1a8-4391-98de-89a1dbe514e9', fd read = 13
Mon Mar  3 13:20:24 2025: Running Dispatch Server
Mon Mar  3 13:20:24 2025: Version 2.2.0
Mon Mar  3 13:20:26 2025: Dispatch Server: Accepted socket connection from client
Mon Mar  3 13:20:26 2025: Starting Socket connection
Mon Mar  3 13:20:26 2025: EXCHANGE_TOKEN received, server token: 2a4c9e82-e1a8-4391-98de-89a1dbe514e9, passed token: 2a4c9e82-e1a8-4391-98de-89a1dbe514e9
Mon Mar  3 13:20:26 2025: DISPATCH_HANDLER: Adding handler from function makeHandler in library libxv_system_diagram
Mon Mar  3 13:20:26 2025: SESSION_MGR: creating session with session uuid: 'a788b1e7-646d-43c1-85db-a724a2a74465' and name 'v++_compile_mm2s'
Mon Mar  3 13:20:26 2025: KERNEL_SVC: creating session with uuid: 'a788b1e7-646d-43c1-85db-a724a2a74465' and name 'v++_compile_mm2s'
Mon Mar  3 13:20:26 2025: GUIDANCE_SMGR: creating guidance session with uuid: 'a788b1e7-646d-43c1-85db-a724a2a74465' and name 'v++_compile_mm2s'
Mon Mar  3 13:20:26 2025: SYSTEM_DIAGRAM: creating session with uuid: 'a788b1e7-646d-43c1-85db-a724a2a74465' and name 'v++_compile_mm2s'
Mon Mar  3 13:20:28 2025: Dispatch Server: Accepted socket connection from client
Mon Mar  3 13:20:28 2025: Starting Socket connection
Mon Mar  3 13:20:38 2025: SESSION_MGR: closing session for UUID 'a788b1e7-646d-43c1-85db-a724a2a74465' with name 'v++_compile_mm2s'
Mon Mar  3 13:20:38 2025: KERNEL_SVC: closing session for UUID 'a788b1e7-646d-43c1-85db-a724a2a74465' with name 'v++_compile_mm2s'
Mon Mar  3 13:20:38 2025: GUIDANCE_SMGR: closing session for UUID 'a788b1e7-646d-43c1-85db-a724a2a74465' with name 'v++_compile_mm2s'
Mon Mar  3 13:20:38 2025: SYSTEM_DIAGRAM: closing session for UUID 'a788b1e7-646d-43c1-85db-a724a2a74465' with name 'v++_compile_mm2s'
Mon Mar  3 13:20:38 2025: STOP_SERVER received, server token: 2a4c9e82-e1a8-4391-98de-89a1dbe514e9, passed token: 2a4c9e82-e1a8-4391-98de-89a1dbe514e9
Mon Mar  3 13:20:38 2025: Socket received request to stop server.
Mon Mar  3 13:20:38 2025: Dispatch Server: do_await_stop
Mon Mar  3 13:20:38 2025: Dispatch Server: stopping mainFifo_
Mon Mar  3 13:20:38 2025: XCD main fifo: Stopping
Mon Mar  3 13:20:38 2025: XCD main fifo: do_read error code: Operation canceled
Mon Mar  3 13:20:38 2025: XCD main fifo: bytes_transferred: 0
Mon Mar  3 13:20:38 2025: SERVER: destructor for server bound to port 38747
Mon Mar  3 13:20:38 2025: XCD main fifo: Good unlink of /tmp/xcdmain2a4c9e82-e1a8-4391-98de-89a1dbe514e9
Mon Mar  3 13:20:38 2025: Server exiting with status 0.
Mon Mar  3 13:20:38 2025: Closing log file.
Mon Mar  3 13:20:39 2025: Running xcd server. This server was built by gradle.
Mon Mar  3 13:20:39 2025: Server was asked to start on port: '39749'
Mon Mar  3 13:20:39 2025: Server is using token UUID: 'fae7337e-81ff-4d03-81a7-e40e7e8cce8d'
Mon Mar  3 13:20:39 2025: SESSION_MGR: creating session with session uuid: '6d04a3e9-ade5-4ab9-8d63-1f78fcd2ec76' and name 'default'
Mon Mar  3 13:20:39 2025: Attempting to start server on port '39749'
Mon Mar  3 13:20:39 2025: XCD main fifo: created main fifo '/tmp/xcdmainfae7337e-81ff-4d03-81a7-e40e7e8cce8d', fd read = 13
Mon Mar  3 13:20:39 2025: Running Dispatch Server
Mon Mar  3 13:20:39 2025: Version 2.2.0
Mon Mar  3 13:20:41 2025: Dispatch Server: Accepted socket connection from client
Mon Mar  3 13:20:41 2025: Starting Socket connection
Mon Mar  3 13:20:41 2025: EXCHANGE_TOKEN received, server token: fae7337e-81ff-4d03-81a7-e40e7e8cce8d, passed token: fae7337e-81ff-4d03-81a7-e40e7e8cce8d
Mon Mar  3 13:20:41 2025: DISPATCH_HANDLER: Adding handler from function makeHandler in library libxv_system_diagram
Mon Mar  3 13:20:41 2025: SESSION_MGR: creating session with session uuid: '24a4606e-026c-4b9f-8aba-ab5fc1ef994c' and name 'vitis-run_compile_mm2s'
Mon Mar  3 13:20:41 2025: KERNEL_SVC: creating session with uuid: '24a4606e-026c-4b9f-8aba-ab5fc1ef994c' and name 'vitis-run_compile_mm2s'
Mon Mar  3 13:20:41 2025: GUIDANCE_SMGR: creating guidance session with uuid: '24a4606e-026c-4b9f-8aba-ab5fc1ef994c' and name 'vitis-run_compile_mm2s'
Mon Mar  3 13:20:41 2025: SYSTEM_DIAGRAM: creating session with uuid: '24a4606e-026c-4b9f-8aba-ab5fc1ef994c' and name 'vitis-run_compile_mm2s'
Mon Mar  3 13:20:44 2025: Dispatch Server: Accepted socket connection from client
Mon Mar  3 13:20:44 2025: Starting Socket connection
Mon Mar  3 13:20:55 2025: SESSION_MGR: closing session for UUID '24a4606e-026c-4b9f-8aba-ab5fc1ef994c' with name 'vitis-run_compile_mm2s'
Mon Mar  3 13:20:55 2025: KERNEL_SVC: closing session for UUID '24a4606e-026c-4b9f-8aba-ab5fc1ef994c' with name 'vitis-run_compile_mm2s'
Mon Mar  3 13:20:55 2025: GUIDANCE_SMGR: closing session for UUID '24a4606e-026c-4b9f-8aba-ab5fc1ef994c' with name 'vitis-run_compile_mm2s'
Mon Mar  3 13:20:55 2025: SYSTEM_DIAGRAM: closing session for UUID '24a4606e-026c-4b9f-8aba-ab5fc1ef994c' with name 'vitis-run_compile_mm2s'
Mon Mar  3 13:20:55 2025: STOP_SERVER received, server token: fae7337e-81ff-4d03-81a7-e40e7e8cce8d, passed token: fae7337e-81ff-4d03-81a7-e40e7e8cce8d
Mon Mar  3 13:20:55 2025: Socket received request to stop server.
Mon Mar  3 13:20:55 2025: Dispatch Server: do_await_stop
Mon Mar  3 13:20:55 2025: Dispatch Server: stopping mainFifo_
Mon Mar  3 13:20:55 2025: XCD main fifo: Stopping
Mon Mar  3 13:20:55 2025: XCD main fifo: do_read error code: Operation canceled
Mon Mar  3 13:20:55 2025: XCD main fifo: bytes_transferred: 0
Mon Mar  3 13:20:55 2025: SERVER: destructor for server bound to port 39749
Mon Mar  3 13:20:55 2025: XCD main fifo: Good unlink of /tmp/xcdmainfae7337e-81ff-4d03-81a7-e40e7e8cce8d
Mon Mar  3 13:20:55 2025: Server exiting with status 0.
Mon Mar  3 13:20:55 2025: Closing log file.
Mon Mar  3 15:43:05 2025: Running xcd server. This server was built by gradle.
Mon Mar  3 15:43:05 2025: Server was asked to start on port: '44585'
Mon Mar  3 15:43:05 2025: Server is using token UUID: '3cd898a5-778d-4169-9bb6-0263fc92964a'
Mon Mar  3 15:43:05 2025: SESSION_MGR: creating session with session uuid: '6d04a3e9-ade5-4ab9-8d63-1f78fcd2ec76' and name 'default'
Mon Mar  3 15:43:05 2025: Attempting to start server on port '44585'
Mon Mar  3 15:43:05 2025: XCD main fifo: created main fifo '/tmp/xcdmain3cd898a5-778d-4169-9bb6-0263fc92964a', fd read = 13
Mon Mar  3 15:43:05 2025: Running Dispatch Server
Mon Mar  3 15:43:05 2025: Version 2.2.0
Mon Mar  3 15:43:07 2025: Dispatch Server: Accepted socket connection from client
Mon Mar  3 15:43:07 2025: Starting Socket connection
Mon Mar  3 15:43:07 2025: EXCHANGE_TOKEN received, server token: 3cd898a5-778d-4169-9bb6-0263fc92964a, passed token: 3cd898a5-778d-4169-9bb6-0263fc92964a
Mon Mar  3 15:43:07 2025: DISPATCH_HANDLER: Adding handler from function makeHandler in library libxv_system_diagram
Mon Mar  3 15:43:07 2025: SESSION_MGR: creating session with session uuid: '82b52567-3f28-4f32-b1d8-c60d587c148a' and name 'v++_compile_mm2s'
Mon Mar  3 15:43:07 2025: KERNEL_SVC: creating session with uuid: '82b52567-3f28-4f32-b1d8-c60d587c148a' and name 'v++_compile_mm2s'
Mon Mar  3 15:43:07 2025: GUIDANCE_SMGR: creating guidance session with uuid: '82b52567-3f28-4f32-b1d8-c60d587c148a' and name 'v++_compile_mm2s'
Mon Mar  3 15:43:07 2025: SYSTEM_DIAGRAM: creating session with uuid: '82b52567-3f28-4f32-b1d8-c60d587c148a' and name 'v++_compile_mm2s'
Mon Mar  3 15:43:09 2025: Dispatch Server: Accepted socket connection from client
Mon Mar  3 15:43:09 2025: Starting Socket connection
Mon Mar  3 15:43:19 2025: SESSION_MGR: closing session for UUID '82b52567-3f28-4f32-b1d8-c60d587c148a' with name 'v++_compile_mm2s'
Mon Mar  3 15:43:19 2025: KERNEL_SVC: closing session for UUID '82b52567-3f28-4f32-b1d8-c60d587c148a' with name 'v++_compile_mm2s'
Mon Mar  3 15:43:19 2025: GUIDANCE_SMGR: closing session for UUID '82b52567-3f28-4f32-b1d8-c60d587c148a' with name 'v++_compile_mm2s'
Mon Mar  3 15:43:19 2025: SYSTEM_DIAGRAM: closing session for UUID '82b52567-3f28-4f32-b1d8-c60d587c148a' with name 'v++_compile_mm2s'
Mon Mar  3 15:43:19 2025: STOP_SERVER received, server token: 3cd898a5-778d-4169-9bb6-0263fc92964a, passed token: 3cd898a5-778d-4169-9bb6-0263fc92964a
Mon Mar  3 15:43:19 2025: Socket received request to stop server.
Mon Mar  3 15:43:19 2025: Dispatch Server: do_await_stop
Mon Mar  3 15:43:19 2025: Dispatch Server: stopping mainFifo_
Mon Mar  3 15:43:19 2025: XCD main fifo: Stopping
Mon Mar  3 15:43:19 2025: XCD main fifo: do_read error code: Operation canceled
Mon Mar  3 15:43:19 2025: XCD main fifo: bytes_transferred: 0
Mon Mar  3 15:43:19 2025: SERVER: destructor for server bound to port 44585
Mon Mar  3 15:43:19 2025: XCD main fifo: Good unlink of /tmp/xcdmain3cd898a5-778d-4169-9bb6-0263fc92964a
Mon Mar  3 15:43:19 2025: Server exiting with status 0.
Mon Mar  3 15:43:19 2025: Closing log file.
Mon Mar  3 15:43:20 2025: Running xcd server. This server was built by gradle.
Mon Mar  3 15:43:20 2025: Server was asked to start on port: '39183'
Mon Mar  3 15:43:20 2025: Server is using token UUID: '35d24356-e513-4e13-8386-072ecff2c5e4'
Mon Mar  3 15:43:20 2025: SESSION_MGR: creating session with session uuid: '6d04a3e9-ade5-4ab9-8d63-1f78fcd2ec76' and name 'default'
Mon Mar  3 15:43:20 2025: Attempting to start server on port '39183'
Mon Mar  3 15:43:20 2025: XCD main fifo: created main fifo '/tmp/xcdmain35d24356-e513-4e13-8386-072ecff2c5e4', fd read = 13
Mon Mar  3 15:43:20 2025: Running Dispatch Server
Mon Mar  3 15:43:20 2025: Version 2.2.0
Mon Mar  3 15:43:22 2025: Dispatch Server: Accepted socket connection from client
Mon Mar  3 15:43:22 2025: Starting Socket connection
Mon Mar  3 15:43:22 2025: EXCHANGE_TOKEN received, server token: 35d24356-e513-4e13-8386-072ecff2c5e4, passed token: 35d24356-e513-4e13-8386-072ecff2c5e4
Mon Mar  3 15:43:22 2025: DISPATCH_HANDLER: Adding handler from function makeHandler in library libxv_system_diagram
Mon Mar  3 15:43:22 2025: SESSION_MGR: creating session with session uuid: '5530bfd5-3254-40f7-8ead-7071e5bf7ec1' and name 'vitis-run_compile_mm2s'
Mon Mar  3 15:43:22 2025: KERNEL_SVC: creating session with uuid: '5530bfd5-3254-40f7-8ead-7071e5bf7ec1' and name 'vitis-run_compile_mm2s'
Mon Mar  3 15:43:22 2025: GUIDANCE_SMGR: creating guidance session with uuid: '5530bfd5-3254-40f7-8ead-7071e5bf7ec1' and name 'vitis-run_compile_mm2s'
Mon Mar  3 15:43:22 2025: SYSTEM_DIAGRAM: creating session with uuid: '5530bfd5-3254-40f7-8ead-7071e5bf7ec1' and name 'vitis-run_compile_mm2s'
Mon Mar  3 15:43:24 2025: Dispatch Server: Accepted socket connection from client
Mon Mar  3 15:43:24 2025: Starting Socket connection
Mon Mar  3 15:43:35 2025: SESSION_MGR: closing session for UUID '5530bfd5-3254-40f7-8ead-7071e5bf7ec1' with name 'vitis-run_compile_mm2s'
Mon Mar  3 15:43:35 2025: KERNEL_SVC: closing session for UUID '5530bfd5-3254-40f7-8ead-7071e5bf7ec1' with name 'vitis-run_compile_mm2s'
Mon Mar  3 15:43:35 2025: GUIDANCE_SMGR: closing session for UUID '5530bfd5-3254-40f7-8ead-7071e5bf7ec1' with name 'vitis-run_compile_mm2s'
Mon Mar  3 15:43:35 2025: SYSTEM_DIAGRAM: closing session for UUID '5530bfd5-3254-40f7-8ead-7071e5bf7ec1' with name 'vitis-run_compile_mm2s'
Mon Mar  3 15:43:35 2025: STOP_SERVER received, server token: 35d24356-e513-4e13-8386-072ecff2c5e4, passed token: 35d24356-e513-4e13-8386-072ecff2c5e4
Mon Mar  3 15:43:35 2025: Socket received request to stop server.
Mon Mar  3 15:43:35 2025: Dispatch Server: do_await_stop
Mon Mar  3 15:43:35 2025: Dispatch Server: stopping mainFifo_
Mon Mar  3 15:43:35 2025: XCD main fifo: Stopping
Mon Mar  3 15:43:35 2025: XCD main fifo: do_read error code: Operation canceled
Mon Mar  3 15:43:35 2025: XCD main fifo: bytes_transferred: 0
Mon Mar  3 15:43:35 2025: SERVER: destructor for server bound to port 39183
Mon Mar  3 15:43:35 2025: XCD main fifo: Good unlink of /tmp/xcdmain35d24356-e513-4e13-8386-072ecff2c5e4
Mon Mar  3 15:43:35 2025: Server exiting with status 0.
Mon Mar  3 15:43:35 2025: Closing log file.
Mon Mar  3 15:48:47 2025: Running xcd server. This server was built by gradle.
Mon Mar  3 15:48:47 2025: Server was asked to start on port: '45013'
Mon Mar  3 15:48:47 2025: Server is using token UUID: '4e740266-8d0e-4ce3-b6f1-67fc56e45891'
Mon Mar  3 15:48:47 2025: SESSION_MGR: creating session with session uuid: '6d04a3e9-ade5-4ab9-8d63-1f78fcd2ec76' and name 'default'
Mon Mar  3 15:48:47 2025: Attempting to start server on port '45013'
Mon Mar  3 15:48:47 2025: XCD main fifo: created main fifo '/tmp/xcdmain4e740266-8d0e-4ce3-b6f1-67fc56e45891', fd read = 13
Mon Mar  3 15:48:47 2025: Running Dispatch Server
Mon Mar  3 15:48:47 2025: Version 2.2.0
Mon Mar  3 15:48:49 2025: Dispatch Server: Accepted socket connection from client
Mon Mar  3 15:48:49 2025: Starting Socket connection
Mon Mar  3 15:48:49 2025: EXCHANGE_TOKEN received, server token: 4e740266-8d0e-4ce3-b6f1-67fc56e45891, passed token: 4e740266-8d0e-4ce3-b6f1-67fc56e45891
Mon Mar  3 15:48:49 2025: DISPATCH_HANDLER: Adding handler from function makeHandler in library libxv_system_diagram
Mon Mar  3 15:48:49 2025: SESSION_MGR: creating session with session uuid: '1356ff1a-b55c-4f5b-b78c-b7460122ae72' and name 'v++_compile_mm2s'
Mon Mar  3 15:48:49 2025: KERNEL_SVC: creating session with uuid: '1356ff1a-b55c-4f5b-b78c-b7460122ae72' and name 'v++_compile_mm2s'
Mon Mar  3 15:48:49 2025: GUIDANCE_SMGR: creating guidance session with uuid: '1356ff1a-b55c-4f5b-b78c-b7460122ae72' and name 'v++_compile_mm2s'
Mon Mar  3 15:48:49 2025: SYSTEM_DIAGRAM: creating session with uuid: '1356ff1a-b55c-4f5b-b78c-b7460122ae72' and name 'v++_compile_mm2s'
Mon Mar  3 15:48:51 2025: Dispatch Server: Accepted socket connection from client
Mon Mar  3 15:48:51 2025: Starting Socket connection
Mon Mar  3 15:49:01 2025: SESSION_MGR: closing session for UUID '1356ff1a-b55c-4f5b-b78c-b7460122ae72' with name 'v++_compile_mm2s'
Mon Mar  3 15:49:01 2025: KERNEL_SVC: closing session for UUID '1356ff1a-b55c-4f5b-b78c-b7460122ae72' with name 'v++_compile_mm2s'
Mon Mar  3 15:49:01 2025: GUIDANCE_SMGR: closing session for UUID '1356ff1a-b55c-4f5b-b78c-b7460122ae72' with name 'v++_compile_mm2s'
Mon Mar  3 15:49:01 2025: SYSTEM_DIAGRAM: closing session for UUID '1356ff1a-b55c-4f5b-b78c-b7460122ae72' with name 'v++_compile_mm2s'
Mon Mar  3 15:49:01 2025: STOP_SERVER received, server token: 4e740266-8d0e-4ce3-b6f1-67fc56e45891, passed token: 4e740266-8d0e-4ce3-b6f1-67fc56e45891
Mon Mar  3 15:49:01 2025: Socket received request to stop server.
Mon Mar  3 15:49:01 2025: Dispatch Server: do_await_stop
Mon Mar  3 15:49:01 2025: Dispatch Server: stopping mainFifo_
Mon Mar  3 15:49:01 2025: XCD main fifo: Stopping
Mon Mar  3 15:49:01 2025: XCD main fifo: do_read error code: Operation canceled
Mon Mar  3 15:49:01 2025: XCD main fifo: bytes_transferred: 0
Mon Mar  3 15:49:01 2025: SERVER: destructor for server bound to port 45013
Mon Mar  3 15:49:01 2025: XCD main fifo: Good unlink of /tmp/xcdmain4e740266-8d0e-4ce3-b6f1-67fc56e45891
Mon Mar  3 15:49:01 2025: Server exiting with status 0.
Mon Mar  3 15:49:01 2025: Closing log file.
Mon Mar  3 15:49:02 2025: Running xcd server. This server was built by gradle.
Mon Mar  3 15:49:02 2025: Server was asked to start on port: '45595'
Mon Mar  3 15:49:02 2025: Server is using token UUID: '88ce6a7a-6ee2-48b6-92dc-9855c89065f0'
Mon Mar  3 15:49:02 2025: SESSION_MGR: creating session with session uuid: '6d04a3e9-ade5-4ab9-8d63-1f78fcd2ec76' and name 'default'
Mon Mar  3 15:49:02 2025: Attempting to start server on port '45595'
Mon Mar  3 15:49:02 2025: XCD main fifo: created main fifo '/tmp/xcdmain88ce6a7a-6ee2-48b6-92dc-9855c89065f0', fd read = 13
Mon Mar  3 15:49:02 2025: Running Dispatch Server
Mon Mar  3 15:49:02 2025: Version 2.2.0
Mon Mar  3 15:49:04 2025: Dispatch Server: Accepted socket connection from client
Mon Mar  3 15:49:04 2025: Starting Socket connection
Mon Mar  3 15:49:04 2025: EXCHANGE_TOKEN received, server token: 88ce6a7a-6ee2-48b6-92dc-9855c89065f0, passed token: 88ce6a7a-6ee2-48b6-92dc-9855c89065f0
Mon Mar  3 15:49:04 2025: DISPATCH_HANDLER: Adding handler from function makeHandler in library libxv_system_diagram
Mon Mar  3 15:49:04 2025: SESSION_MGR: creating session with session uuid: 'daced803-ea34-4525-a326-2232adec2773' and name 'vitis-run_compile_mm2s'
Mon Mar  3 15:49:04 2025: KERNEL_SVC: creating session with uuid: 'daced803-ea34-4525-a326-2232adec2773' and name 'vitis-run_compile_mm2s'
Mon Mar  3 15:49:04 2025: GUIDANCE_SMGR: creating guidance session with uuid: 'daced803-ea34-4525-a326-2232adec2773' and name 'vitis-run_compile_mm2s'
Mon Mar  3 15:49:04 2025: SYSTEM_DIAGRAM: creating session with uuid: 'daced803-ea34-4525-a326-2232adec2773' and name 'vitis-run_compile_mm2s'
Mon Mar  3 15:49:06 2025: Dispatch Server: Accepted socket connection from client
Mon Mar  3 15:49:06 2025: Starting Socket connection
Mon Mar  3 15:49:17 2025: SESSION_MGR: closing session for UUID 'daced803-ea34-4525-a326-2232adec2773' with name 'vitis-run_compile_mm2s'
Mon Mar  3 15:49:17 2025: KERNEL_SVC: closing session for UUID 'daced803-ea34-4525-a326-2232adec2773' with name 'vitis-run_compile_mm2s'
Mon Mar  3 15:49:17 2025: GUIDANCE_SMGR: closing session for UUID 'daced803-ea34-4525-a326-2232adec2773' with name 'vitis-run_compile_mm2s'
Mon Mar  3 15:49:17 2025: SYSTEM_DIAGRAM: closing session for UUID 'daced803-ea34-4525-a326-2232adec2773' with name 'vitis-run_compile_mm2s'
Mon Mar  3 15:49:17 2025: STOP_SERVER received, server token: 88ce6a7a-6ee2-48b6-92dc-9855c89065f0, passed token: 88ce6a7a-6ee2-48b6-92dc-9855c89065f0
Mon Mar  3 15:49:17 2025: Socket received request to stop server.
Mon Mar  3 15:49:17 2025: Dispatch Server: do_await_stop
Mon Mar  3 15:49:17 2025: Dispatch Server: stopping mainFifo_
Mon Mar  3 15:49:17 2025: XCD main fifo: Stopping
Mon Mar  3 15:49:17 2025: XCD main fifo: do_read error code: Operation canceled
Mon Mar  3 15:49:17 2025: XCD main fifo: bytes_transferred: 0
Mon Mar  3 15:49:17 2025: SERVER: destructor for server bound to port 45595
Mon Mar  3 15:49:17 2025: XCD main fifo: Good unlink of /tmp/xcdmain88ce6a7a-6ee2-48b6-92dc-9855c89065f0
Mon Mar  3 15:49:17 2025: Server exiting with status 0.
Mon Mar  3 15:49:17 2025: Closing log file.
Mon Mar  3 16:09:51 2025: Running xcd server. This server was built by gradle.
Mon Mar  3 16:09:51 2025: Server was asked to start on port: '34247'
Mon Mar  3 16:09:51 2025: Server is using token UUID: '7d6e28fa-893a-4450-8978-ac83eaf2f31b'
Mon Mar  3 16:09:51 2025: SESSION_MGR: creating session with session uuid: '6d04a3e9-ade5-4ab9-8d63-1f78fcd2ec76' and name 'default'
Mon Mar  3 16:09:51 2025: Attempting to start server on port '34247'
Mon Mar  3 16:09:51 2025: XCD main fifo: created main fifo '/tmp/xcdmain7d6e28fa-893a-4450-8978-ac83eaf2f31b', fd read = 13
Mon Mar  3 16:09:51 2025: Running Dispatch Server
Mon Mar  3 16:09:51 2025: Version 2.2.0
Mon Mar  3 16:09:53 2025: Dispatch Server: Accepted socket connection from client
Mon Mar  3 16:09:53 2025: Starting Socket connection
Mon Mar  3 16:09:53 2025: EXCHANGE_TOKEN received, server token: 7d6e28fa-893a-4450-8978-ac83eaf2f31b, passed token: 7d6e28fa-893a-4450-8978-ac83eaf2f31b
Mon Mar  3 16:09:53 2025: DISPATCH_HANDLER: Adding handler from function makeHandler in library libxv_system_diagram
Mon Mar  3 16:09:53 2025: SESSION_MGR: creating session with session uuid: '6c27be64-6dcf-4b28-aa04-38f5b37038cf' and name 'v++_compile_mm2s'
Mon Mar  3 16:09:53 2025: KERNEL_SVC: creating session with uuid: '6c27be64-6dcf-4b28-aa04-38f5b37038cf' and name 'v++_compile_mm2s'
Mon Mar  3 16:09:53 2025: GUIDANCE_SMGR: creating guidance session with uuid: '6c27be64-6dcf-4b28-aa04-38f5b37038cf' and name 'v++_compile_mm2s'
Mon Mar  3 16:09:53 2025: SYSTEM_DIAGRAM: creating session with uuid: '6c27be64-6dcf-4b28-aa04-38f5b37038cf' and name 'v++_compile_mm2s'
Mon Mar  3 16:09:55 2025: Dispatch Server: Accepted socket connection from client
Mon Mar  3 16:09:55 2025: Starting Socket connection
Mon Mar  3 16:10:05 2025: SESSION_MGR: closing session for UUID '6c27be64-6dcf-4b28-aa04-38f5b37038cf' with name 'v++_compile_mm2s'
Mon Mar  3 16:10:05 2025: KERNEL_SVC: closing session for UUID '6c27be64-6dcf-4b28-aa04-38f5b37038cf' with name 'v++_compile_mm2s'
Mon Mar  3 16:10:05 2025: GUIDANCE_SMGR: closing session for UUID '6c27be64-6dcf-4b28-aa04-38f5b37038cf' with name 'v++_compile_mm2s'
Mon Mar  3 16:10:05 2025: SYSTEM_DIAGRAM: closing session for UUID '6c27be64-6dcf-4b28-aa04-38f5b37038cf' with name 'v++_compile_mm2s'
Mon Mar  3 16:10:05 2025: STOP_SERVER received, server token: 7d6e28fa-893a-4450-8978-ac83eaf2f31b, passed token: 7d6e28fa-893a-4450-8978-ac83eaf2f31b
Mon Mar  3 16:10:05 2025: Socket received request to stop server.
Mon Mar  3 16:10:05 2025: Dispatch Server: do_await_stop
Mon Mar  3 16:10:05 2025: Dispatch Server: stopping mainFifo_
Mon Mar  3 16:10:05 2025: XCD main fifo: Stopping
Mon Mar  3 16:10:05 2025: XCD main fifo: do_read error code: Operation canceled
Mon Mar  3 16:10:05 2025: XCD main fifo: bytes_transferred: 0
Mon Mar  3 16:10:05 2025: SERVER: destructor for server bound to port 34247
Mon Mar  3 16:10:05 2025: XCD main fifo: Good unlink of /tmp/xcdmain7d6e28fa-893a-4450-8978-ac83eaf2f31b
Mon Mar  3 16:10:05 2025: Server exiting with status 0.
Mon Mar  3 16:10:05 2025: Closing log file.
Mon Mar  3 16:10:07 2025: Running xcd server. This server was built by gradle.
Mon Mar  3 16:10:07 2025: Server was asked to start on port: '39123'
Mon Mar  3 16:10:07 2025: Server is using token UUID: '135a9bb7-a602-43c8-828d-70884c0d5ed2'
Mon Mar  3 16:10:07 2025: SESSION_MGR: creating session with session uuid: '6d04a3e9-ade5-4ab9-8d63-1f78fcd2ec76' and name 'default'
Mon Mar  3 16:10:07 2025: Attempting to start server on port '39123'
Mon Mar  3 16:10:07 2025: XCD main fifo: created main fifo '/tmp/xcdmain135a9bb7-a602-43c8-828d-70884c0d5ed2', fd read = 13
Mon Mar  3 16:10:07 2025: Running Dispatch Server
Mon Mar  3 16:10:07 2025: Version 2.2.0
Mon Mar  3 16:10:08 2025: Dispatch Server: Accepted socket connection from client
Mon Mar  3 16:10:08 2025: Starting Socket connection
Mon Mar  3 16:10:08 2025: EXCHANGE_TOKEN received, server token: 135a9bb7-a602-43c8-828d-70884c0d5ed2, passed token: 135a9bb7-a602-43c8-828d-70884c0d5ed2
Mon Mar  3 16:10:09 2025: DISPATCH_HANDLER: Adding handler from function makeHandler in library libxv_system_diagram
Mon Mar  3 16:10:09 2025: SESSION_MGR: creating session with session uuid: 'e4049785-fac0-48f9-bc74-0a7498e72e4d' and name 'vitis-run_compile_mm2s'
Mon Mar  3 16:10:09 2025: KERNEL_SVC: creating session with uuid: 'e4049785-fac0-48f9-bc74-0a7498e72e4d' and name 'vitis-run_compile_mm2s'
Mon Mar  3 16:10:09 2025: GUIDANCE_SMGR: creating guidance session with uuid: 'e4049785-fac0-48f9-bc74-0a7498e72e4d' and name 'vitis-run_compile_mm2s'
Mon Mar  3 16:10:09 2025: SYSTEM_DIAGRAM: creating session with uuid: 'e4049785-fac0-48f9-bc74-0a7498e72e4d' and name 'vitis-run_compile_mm2s'
Mon Mar  3 16:10:11 2025: Dispatch Server: Accepted socket connection from client
Mon Mar  3 16:10:11 2025: Starting Socket connection
Mon Mar  3 16:10:22 2025: SESSION_MGR: closing session for UUID 'e4049785-fac0-48f9-bc74-0a7498e72e4d' with name 'vitis-run_compile_mm2s'
Mon Mar  3 16:10:22 2025: KERNEL_SVC: closing session for UUID 'e4049785-fac0-48f9-bc74-0a7498e72e4d' with name 'vitis-run_compile_mm2s'
Mon Mar  3 16:10:22 2025: GUIDANCE_SMGR: closing session for UUID 'e4049785-fac0-48f9-bc74-0a7498e72e4d' with name 'vitis-run_compile_mm2s'
Mon Mar  3 16:10:22 2025: SYSTEM_DIAGRAM: closing session for UUID 'e4049785-fac0-48f9-bc74-0a7498e72e4d' with name 'vitis-run_compile_mm2s'
Mon Mar  3 16:10:22 2025: STOP_SERVER received, server token: 135a9bb7-a602-43c8-828d-70884c0d5ed2, passed token: 135a9bb7-a602-43c8-828d-70884c0d5ed2
Mon Mar  3 16:10:22 2025: Socket received request to stop server.
Mon Mar  3 16:10:22 2025: Dispatch Server: do_await_stop
Mon Mar  3 16:10:22 2025: Dispatch Server: stopping mainFifo_
Mon Mar  3 16:10:22 2025: XCD main fifo: Stopping
Mon Mar  3 16:10:22 2025: XCD main fifo: do_read error code: Operation canceled
Mon Mar  3 16:10:22 2025: XCD main fifo: bytes_transferred: 0
Mon Mar  3 16:10:22 2025: SERVER: destructor for server bound to port 39123
Mon Mar  3 16:10:22 2025: XCD main fifo: Good unlink of /tmp/xcdmain135a9bb7-a602-43c8-828d-70884c0d5ed2
Mon Mar  3 16:10:22 2025: Server exiting with status 0.
Mon Mar  3 16:10:22 2025: Closing log file.
Mon Mar  3 16:55:57 2025: Running xcd server. This server was built by gradle.
Mon Mar  3 16:55:57 2025: Server was asked to start on port: '45565'
Mon Mar  3 16:55:57 2025: Server is using token UUID: '35254b23-a695-4a75-94d6-5e2d1f93d6b4'
Mon Mar  3 16:55:57 2025: SESSION_MGR: creating session with session uuid: '6d04a3e9-ade5-4ab9-8d63-1f78fcd2ec76' and name 'default'
Mon Mar  3 16:55:58 2025: Attempting to start server on port '45565'
Mon Mar  3 16:55:58 2025: XCD main fifo: created main fifo '/tmp/xcdmain35254b23-a695-4a75-94d6-5e2d1f93d6b4', fd read = 13
Mon Mar  3 16:55:58 2025: Running Dispatch Server
Mon Mar  3 16:55:58 2025: Version 2.2.0
Mon Mar  3 16:55:59 2025: Dispatch Server: Accepted socket connection from client
Mon Mar  3 16:55:59 2025: Starting Socket connection
Mon Mar  3 16:55:59 2025: EXCHANGE_TOKEN received, server token: 35254b23-a695-4a75-94d6-5e2d1f93d6b4, passed token: 35254b23-a695-4a75-94d6-5e2d1f93d6b4
Mon Mar  3 16:55:59 2025: DISPATCH_HANDLER: Adding handler from function makeHandler in library libxv_system_diagram
Mon Mar  3 16:55:59 2025: SESSION_MGR: creating session with session uuid: 'b076bef7-7e5c-4c45-b5b0-c40de84698fc' and name 'v++_compile_mm2s'
Mon Mar  3 16:55:59 2025: KERNEL_SVC: creating session with uuid: 'b076bef7-7e5c-4c45-b5b0-c40de84698fc' and name 'v++_compile_mm2s'
Mon Mar  3 16:55:59 2025: GUIDANCE_SMGR: creating guidance session with uuid: 'b076bef7-7e5c-4c45-b5b0-c40de84698fc' and name 'v++_compile_mm2s'
Mon Mar  3 16:55:59 2025: SYSTEM_DIAGRAM: creating session with uuid: 'b076bef7-7e5c-4c45-b5b0-c40de84698fc' and name 'v++_compile_mm2s'
Mon Mar  3 16:56:02 2025: Dispatch Server: Accepted socket connection from client
Mon Mar  3 16:56:02 2025: Starting Socket connection
Mon Mar  3 16:56:11 2025: SESSION_MGR: closing session for UUID 'b076bef7-7e5c-4c45-b5b0-c40de84698fc' with name 'v++_compile_mm2s'
Mon Mar  3 16:56:11 2025: KERNEL_SVC: closing session for UUID 'b076bef7-7e5c-4c45-b5b0-c40de84698fc' with name 'v++_compile_mm2s'
Mon Mar  3 16:56:11 2025: GUIDANCE_SMGR: closing session for UUID 'b076bef7-7e5c-4c45-b5b0-c40de84698fc' with name 'v++_compile_mm2s'
Mon Mar  3 16:56:11 2025: SYSTEM_DIAGRAM: closing session for UUID 'b076bef7-7e5c-4c45-b5b0-c40de84698fc' with name 'v++_compile_mm2s'
Mon Mar  3 16:56:11 2025: STOP_SERVER received, server token: 35254b23-a695-4a75-94d6-5e2d1f93d6b4, passed token: 35254b23-a695-4a75-94d6-5e2d1f93d6b4
Mon Mar  3 16:56:11 2025: Socket received request to stop server.
Mon Mar  3 16:56:11 2025: Dispatch Server: do_await_stop
Mon Mar  3 16:56:11 2025: Dispatch Server: stopping mainFifo_
Mon Mar  3 16:56:11 2025: XCD main fifo: Stopping
Mon Mar  3 16:56:11 2025: XCD main fifo: do_read error code: Operation canceled
Mon Mar  3 16:56:11 2025: XCD main fifo: bytes_transferred: 0
Mon Mar  3 16:56:11 2025: SERVER: destructor for server bound to port 45565
Mon Mar  3 16:56:11 2025: XCD main fifo: Good unlink of /tmp/xcdmain35254b23-a695-4a75-94d6-5e2d1f93d6b4
Mon Mar  3 16:56:11 2025: Server exiting with status 0.
Mon Mar  3 16:56:11 2025: Closing log file.
Mon Mar  3 16:56:13 2025: Running xcd server. This server was built by gradle.
Mon Mar  3 16:56:13 2025: Server was asked to start on port: '40277'
Mon Mar  3 16:56:13 2025: Server is using token UUID: 'f5859485-384e-408f-b407-f52435feb4aa'
Mon Mar  3 16:56:13 2025: SESSION_MGR: creating session with session uuid: '6d04a3e9-ade5-4ab9-8d63-1f78fcd2ec76' and name 'default'
Mon Mar  3 16:56:13 2025: Attempting to start server on port '40277'
Mon Mar  3 16:56:13 2025: XCD main fifo: created main fifo '/tmp/xcdmainf5859485-384e-408f-b407-f52435feb4aa', fd read = 13
Mon Mar  3 16:56:13 2025: Running Dispatch Server
Mon Mar  3 16:56:13 2025: Version 2.2.0
Mon Mar  3 16:56:15 2025: Dispatch Server: Accepted socket connection from client
Mon Mar  3 16:56:15 2025: Starting Socket connection
Mon Mar  3 16:56:15 2025: EXCHANGE_TOKEN received, server token: f5859485-384e-408f-b407-f52435feb4aa, passed token: f5859485-384e-408f-b407-f52435feb4aa
Mon Mar  3 16:56:15 2025: DISPATCH_HANDLER: Adding handler from function makeHandler in library libxv_system_diagram
Mon Mar  3 16:56:15 2025: SESSION_MGR: creating session with session uuid: '41d780c6-0b82-46d3-8ea9-d2e51990b4b8' and name 'vitis-run_compile_mm2s'
Mon Mar  3 16:56:15 2025: KERNEL_SVC: creating session with uuid: '41d780c6-0b82-46d3-8ea9-d2e51990b4b8' and name 'vitis-run_compile_mm2s'
Mon Mar  3 16:56:15 2025: GUIDANCE_SMGR: creating guidance session with uuid: '41d780c6-0b82-46d3-8ea9-d2e51990b4b8' and name 'vitis-run_compile_mm2s'
Mon Mar  3 16:56:15 2025: SYSTEM_DIAGRAM: creating session with uuid: '41d780c6-0b82-46d3-8ea9-d2e51990b4b8' and name 'vitis-run_compile_mm2s'
Mon Mar  3 16:56:17 2025: Dispatch Server: Accepted socket connection from client
Mon Mar  3 16:56:17 2025: Starting Socket connection
Mon Mar  3 16:56:28 2025: SESSION_MGR: closing session for UUID '41d780c6-0b82-46d3-8ea9-d2e51990b4b8' with name 'vitis-run_compile_mm2s'
Mon Mar  3 16:56:28 2025: KERNEL_SVC: closing session for UUID '41d780c6-0b82-46d3-8ea9-d2e51990b4b8' with name 'vitis-run_compile_mm2s'
Mon Mar  3 16:56:28 2025: GUIDANCE_SMGR: closing session for UUID '41d780c6-0b82-46d3-8ea9-d2e51990b4b8' with name 'vitis-run_compile_mm2s'
Mon Mar  3 16:56:28 2025: SYSTEM_DIAGRAM: closing session for UUID '41d780c6-0b82-46d3-8ea9-d2e51990b4b8' with name 'vitis-run_compile_mm2s'
Mon Mar  3 16:56:28 2025: STOP_SERVER received, server token: f5859485-384e-408f-b407-f52435feb4aa, passed token: f5859485-384e-408f-b407-f52435feb4aa
Mon Mar  3 16:56:28 2025: Socket received request to stop server.
Mon Mar  3 16:56:28 2025: Dispatch Server: do_await_stop
Mon Mar  3 16:56:28 2025: Dispatch Server: stopping mainFifo_
Mon Mar  3 16:56:28 2025: XCD main fifo: Stopping
Mon Mar  3 16:56:28 2025: XCD main fifo: do_read error code: Operation canceled
Mon Mar  3 16:56:28 2025: XCD main fifo: bytes_transferred: 0
Mon Mar  3 16:56:28 2025: SERVER: destructor for server bound to port 40277
Mon Mar  3 16:56:28 2025: XCD main fifo: Good unlink of /tmp/xcdmainf5859485-384e-408f-b407-f52435feb4aa
Mon Mar  3 16:56:28 2025: Server exiting with status 0.
Mon Mar  3 16:56:28 2025: Closing log file.
Mon Mar  3 16:58:54 2025: Running xcd server. This server was built by gradle.
Mon Mar  3 16:58:54 2025: Server was asked to start on port: '40719'
Mon Mar  3 16:58:54 2025: Server is using token UUID: '2c43958a-b1a5-4a28-8bdd-fd8eef057d8f'
Mon Mar  3 16:58:54 2025: SESSION_MGR: creating session with session uuid: '6d04a3e9-ade5-4ab9-8d63-1f78fcd2ec76' and name 'default'
Mon Mar  3 16:58:54 2025: Attempting to start server on port '40719'
Mon Mar  3 16:58:54 2025: XCD main fifo: created main fifo '/tmp/xcdmain2c43958a-b1a5-4a28-8bdd-fd8eef057d8f', fd read = 13
Mon Mar  3 16:58:54 2025: Running Dispatch Server
Mon Mar  3 16:58:54 2025: Version 2.2.0
Mon Mar  3 16:58:56 2025: Dispatch Server: Accepted socket connection from client
Mon Mar  3 16:58:56 2025: Starting Socket connection
Mon Mar  3 16:58:56 2025: EXCHANGE_TOKEN received, server token: 2c43958a-b1a5-4a28-8bdd-fd8eef057d8f, passed token: 2c43958a-b1a5-4a28-8bdd-fd8eef057d8f
Mon Mar  3 16:58:56 2025: DISPATCH_HANDLER: Adding handler from function makeHandler in library libxv_system_diagram
Mon Mar  3 16:58:56 2025: SESSION_MGR: creating session with session uuid: '76b798a0-f6b6-45d7-aec7-a534cf449db2' and name 'v++_compile_mm2s'
Mon Mar  3 16:58:56 2025: KERNEL_SVC: creating session with uuid: '76b798a0-f6b6-45d7-aec7-a534cf449db2' and name 'v++_compile_mm2s'
Mon Mar  3 16:58:56 2025: GUIDANCE_SMGR: creating guidance session with uuid: '76b798a0-f6b6-45d7-aec7-a534cf449db2' and name 'v++_compile_mm2s'
Mon Mar  3 16:58:56 2025: SYSTEM_DIAGRAM: creating session with uuid: '76b798a0-f6b6-45d7-aec7-a534cf449db2' and name 'v++_compile_mm2s'
Mon Mar  3 16:58:58 2025: Dispatch Server: Accepted socket connection from client
Mon Mar  3 16:58:58 2025: Starting Socket connection
Mon Mar  3 16:59:08 2025: SESSION_MGR: closing session for UUID '76b798a0-f6b6-45d7-aec7-a534cf449db2' with name 'v++_compile_mm2s'
Mon Mar  3 16:59:08 2025: KERNEL_SVC: closing session for UUID '76b798a0-f6b6-45d7-aec7-a534cf449db2' with name 'v++_compile_mm2s'
Mon Mar  3 16:59:08 2025: GUIDANCE_SMGR: closing session for UUID '76b798a0-f6b6-45d7-aec7-a534cf449db2' with name 'v++_compile_mm2s'
Mon Mar  3 16:59:08 2025: SYSTEM_DIAGRAM: closing session for UUID '76b798a0-f6b6-45d7-aec7-a534cf449db2' with name 'v++_compile_mm2s'
Mon Mar  3 16:59:08 2025: STOP_SERVER received, server token: 2c43958a-b1a5-4a28-8bdd-fd8eef057d8f, passed token: 2c43958a-b1a5-4a28-8bdd-fd8eef057d8f
Mon Mar  3 16:59:08 2025: Socket received request to stop server.
Mon Mar  3 16:59:08 2025: Dispatch Server: do_await_stop
Mon Mar  3 16:59:08 2025: Dispatch Server: stopping mainFifo_
Mon Mar  3 16:59:08 2025: XCD main fifo: Stopping
Mon Mar  3 16:59:08 2025: XCD main fifo: do_read error code: Operation canceled
Mon Mar  3 16:59:08 2025: XCD main fifo: bytes_transferred: 0
Mon Mar  3 16:59:08 2025: SERVER: destructor for server bound to port 40719
Mon Mar  3 16:59:08 2025: XCD main fifo: Good unlink of /tmp/xcdmain2c43958a-b1a5-4a28-8bdd-fd8eef057d8f
Mon Mar  3 16:59:08 2025: Server exiting with status 0.
Mon Mar  3 16:59:08 2025: Closing log file.
Mon Mar  3 16:59:10 2025: Running xcd server. This server was built by gradle.
Mon Mar  3 16:59:10 2025: Server was asked to start on port: '43891'
Mon Mar  3 16:59:10 2025: Server is using token UUID: 'f643e5e4-8b5f-4f81-a82f-2fb558e965d7'
Mon Mar  3 16:59:10 2025: SESSION_MGR: creating session with session uuid: '6d04a3e9-ade5-4ab9-8d63-1f78fcd2ec76' and name 'default'
Mon Mar  3 16:59:10 2025: Attempting to start server on port '43891'
Mon Mar  3 16:59:10 2025: XCD main fifo: created main fifo '/tmp/xcdmainf643e5e4-8b5f-4f81-a82f-2fb558e965d7', fd read = 13
Mon Mar  3 16:59:10 2025: Running Dispatch Server
Mon Mar  3 16:59:10 2025: Version 2.2.0
Mon Mar  3 16:59:12 2025: Dispatch Server: Accepted socket connection from client
Mon Mar  3 16:59:12 2025: Starting Socket connection
Mon Mar  3 16:59:12 2025: EXCHANGE_TOKEN received, server token: f643e5e4-8b5f-4f81-a82f-2fb558e965d7, passed token: f643e5e4-8b5f-4f81-a82f-2fb558e965d7
Mon Mar  3 16:59:12 2025: DISPATCH_HANDLER: Adding handler from function makeHandler in library libxv_system_diagram
Mon Mar  3 16:59:12 2025: SESSION_MGR: creating session with session uuid: '55ef3ae3-bca0-4ad9-849e-c68901803cd2' and name 'vitis-run_compile_mm2s'
Mon Mar  3 16:59:12 2025: KERNEL_SVC: creating session with uuid: '55ef3ae3-bca0-4ad9-849e-c68901803cd2' and name 'vitis-run_compile_mm2s'
Mon Mar  3 16:59:12 2025: GUIDANCE_SMGR: creating guidance session with uuid: '55ef3ae3-bca0-4ad9-849e-c68901803cd2' and name 'vitis-run_compile_mm2s'
Mon Mar  3 16:59:12 2025: SYSTEM_DIAGRAM: creating session with uuid: '55ef3ae3-bca0-4ad9-849e-c68901803cd2' and name 'vitis-run_compile_mm2s'
Mon Mar  3 16:59:14 2025: Dispatch Server: Accepted socket connection from client
Mon Mar  3 16:59:14 2025: Starting Socket connection
Mon Mar  3 16:59:26 2025: SESSION_MGR: closing session for UUID '55ef3ae3-bca0-4ad9-849e-c68901803cd2' with name 'vitis-run_compile_mm2s'
Mon Mar  3 16:59:26 2025: KERNEL_SVC: closing session for UUID '55ef3ae3-bca0-4ad9-849e-c68901803cd2' with name 'vitis-run_compile_mm2s'
Mon Mar  3 16:59:26 2025: GUIDANCE_SMGR: closing session for UUID '55ef3ae3-bca0-4ad9-849e-c68901803cd2' with name 'vitis-run_compile_mm2s'
Mon Mar  3 16:59:26 2025: SYSTEM_DIAGRAM: closing session for UUID '55ef3ae3-bca0-4ad9-849e-c68901803cd2' with name 'vitis-run_compile_mm2s'
Mon Mar  3 16:59:26 2025: STOP_SERVER received, server token: f643e5e4-8b5f-4f81-a82f-2fb558e965d7, passed token: f643e5e4-8b5f-4f81-a82f-2fb558e965d7
Mon Mar  3 16:59:26 2025: Socket received request to stop server.
Mon Mar  3 16:59:26 2025: Dispatch Server: do_await_stop
Mon Mar  3 16:59:26 2025: Dispatch Server: stopping mainFifo_
Mon Mar  3 16:59:26 2025: XCD main fifo: Stopping
Mon Mar  3 16:59:26 2025: XCD main fifo: do_read error code: Operation canceled
Mon Mar  3 16:59:26 2025: XCD main fifo: bytes_transferred: 0
Mon Mar  3 16:59:26 2025: SERVER: destructor for server bound to port 43891
Mon Mar  3 16:59:26 2025: XCD main fifo: Good unlink of /tmp/xcdmainf643e5e4-8b5f-4f81-a82f-2fb558e965d7
Mon Mar  3 16:59:26 2025: Server exiting with status 0.
Mon Mar  3 16:59:26 2025: Closing log file.
Mon Mar  3 17:24:27 2025: Running xcd server. This server was built by gradle.
Mon Mar  3 17:24:27 2025: Server was asked to start on port: '36347'
Mon Mar  3 17:24:27 2025: Server is using token UUID: 'd6243f18-542b-4d76-8060-81f231680d4e'
Mon Mar  3 17:24:27 2025: SESSION_MGR: creating session with session uuid: '6d04a3e9-ade5-4ab9-8d63-1f78fcd2ec76' and name 'default'
Mon Mar  3 17:24:27 2025: Attempting to start server on port '36347'
Mon Mar  3 17:24:27 2025: XCD main fifo: created main fifo '/tmp/xcdmaind6243f18-542b-4d76-8060-81f231680d4e', fd read = 13
Mon Mar  3 17:24:27 2025: Running Dispatch Server
Mon Mar  3 17:24:27 2025: Version 2.2.0
Mon Mar  3 17:24:29 2025: Dispatch Server: Accepted socket connection from client
Mon Mar  3 17:24:29 2025: Starting Socket connection
Mon Mar  3 17:24:29 2025: EXCHANGE_TOKEN received, server token: d6243f18-542b-4d76-8060-81f231680d4e, passed token: d6243f18-542b-4d76-8060-81f231680d4e
Mon Mar  3 17:24:29 2025: DISPATCH_HANDLER: Adding handler from function makeHandler in library libxv_system_diagram
Mon Mar  3 17:24:29 2025: SESSION_MGR: creating session with session uuid: '96187b9f-e5d7-4fc3-8802-d4dd6fa48bdd' and name 'v++_compile_mm2s'
Mon Mar  3 17:24:29 2025: KERNEL_SVC: creating session with uuid: '96187b9f-e5d7-4fc3-8802-d4dd6fa48bdd' and name 'v++_compile_mm2s'
Mon Mar  3 17:24:29 2025: GUIDANCE_SMGR: creating guidance session with uuid: '96187b9f-e5d7-4fc3-8802-d4dd6fa48bdd' and name 'v++_compile_mm2s'
Mon Mar  3 17:24:29 2025: SYSTEM_DIAGRAM: creating session with uuid: '96187b9f-e5d7-4fc3-8802-d4dd6fa48bdd' and name 'v++_compile_mm2s'
Mon Mar  3 17:24:31 2025: Dispatch Server: Accepted socket connection from client
Mon Mar  3 17:24:31 2025: Starting Socket connection
Mon Mar  3 17:24:41 2025: SESSION_MGR: closing session for UUID '96187b9f-e5d7-4fc3-8802-d4dd6fa48bdd' with name 'v++_compile_mm2s'
Mon Mar  3 17:24:41 2025: KERNEL_SVC: closing session for UUID '96187b9f-e5d7-4fc3-8802-d4dd6fa48bdd' with name 'v++_compile_mm2s'
Mon Mar  3 17:24:41 2025: GUIDANCE_SMGR: closing session for UUID '96187b9f-e5d7-4fc3-8802-d4dd6fa48bdd' with name 'v++_compile_mm2s'
Mon Mar  3 17:24:41 2025: SYSTEM_DIAGRAM: closing session for UUID '96187b9f-e5d7-4fc3-8802-d4dd6fa48bdd' with name 'v++_compile_mm2s'
Mon Mar  3 17:24:41 2025: STOP_SERVER received, server token: d6243f18-542b-4d76-8060-81f231680d4e, passed token: d6243f18-542b-4d76-8060-81f231680d4e
Mon Mar  3 17:24:41 2025: Socket received request to stop server.
Mon Mar  3 17:24:41 2025: Dispatch Server: do_await_stop
Mon Mar  3 17:24:41 2025: Dispatch Server: stopping mainFifo_
Mon Mar  3 17:24:41 2025: XCD main fifo: Stopping
Mon Mar  3 17:24:41 2025: XCD main fifo: do_read error code: Operation canceled
Mon Mar  3 17:24:41 2025: XCD main fifo: bytes_transferred: 0
Mon Mar  3 17:24:41 2025: SERVER: destructor for server bound to port 36347
Mon Mar  3 17:24:41 2025: XCD main fifo: Good unlink of /tmp/xcdmaind6243f18-542b-4d76-8060-81f231680d4e
Mon Mar  3 17:24:41 2025: Server exiting with status 0.
Mon Mar  3 17:24:41 2025: Closing log file.
Mon Mar  3 17:24:43 2025: Running xcd server. This server was built by gradle.
Mon Mar  3 17:24:43 2025: Server was asked to start on port: '33885'
Mon Mar  3 17:24:43 2025: Server is using token UUID: '9e8499d4-1315-4b58-ad3b-48ee6d698a62'
Mon Mar  3 17:24:43 2025: SESSION_MGR: creating session with session uuid: '6d04a3e9-ade5-4ab9-8d63-1f78fcd2ec76' and name 'default'
Mon Mar  3 17:24:43 2025: Attempting to start server on port '33885'
Mon Mar  3 17:24:43 2025: XCD main fifo: created main fifo '/tmp/xcdmain9e8499d4-1315-4b58-ad3b-48ee6d698a62', fd read = 13
Mon Mar  3 17:24:43 2025: Running Dispatch Server
Mon Mar  3 17:24:43 2025: Version 2.2.0
Mon Mar  3 17:24:45 2025: Dispatch Server: Accepted socket connection from client
Mon Mar  3 17:24:45 2025: Starting Socket connection
Mon Mar  3 17:24:45 2025: EXCHANGE_TOKEN received, server token: 9e8499d4-1315-4b58-ad3b-48ee6d698a62, passed token: 9e8499d4-1315-4b58-ad3b-48ee6d698a62
Mon Mar  3 17:24:45 2025: DISPATCH_HANDLER: Adding handler from function makeHandler in library libxv_system_diagram
Mon Mar  3 17:24:45 2025: SESSION_MGR: creating session with session uuid: 'f46f0a84-25d3-45ea-a765-700e31d2403e' and name 'vitis-run_compile_mm2s'
Mon Mar  3 17:24:45 2025: KERNEL_SVC: creating session with uuid: 'f46f0a84-25d3-45ea-a765-700e31d2403e' and name 'vitis-run_compile_mm2s'
Mon Mar  3 17:24:45 2025: GUIDANCE_SMGR: creating guidance session with uuid: 'f46f0a84-25d3-45ea-a765-700e31d2403e' and name 'vitis-run_compile_mm2s'
Mon Mar  3 17:24:45 2025: SYSTEM_DIAGRAM: creating session with uuid: 'f46f0a84-25d3-45ea-a765-700e31d2403e' and name 'vitis-run_compile_mm2s'
Mon Mar  3 17:24:47 2025: Dispatch Server: Accepted socket connection from client
Mon Mar  3 17:24:47 2025: Starting Socket connection
Mon Mar  3 17:24:58 2025: SESSION_MGR: closing session for UUID 'f46f0a84-25d3-45ea-a765-700e31d2403e' with name 'vitis-run_compile_mm2s'
Mon Mar  3 17:24:58 2025: KERNEL_SVC: closing session for UUID 'f46f0a84-25d3-45ea-a765-700e31d2403e' with name 'vitis-run_compile_mm2s'
Mon Mar  3 17:24:58 2025: GUIDANCE_SMGR: closing session for UUID 'f46f0a84-25d3-45ea-a765-700e31d2403e' with name 'vitis-run_compile_mm2s'
Mon Mar  3 17:24:58 2025: SYSTEM_DIAGRAM: closing session for UUID 'f46f0a84-25d3-45ea-a765-700e31d2403e' with name 'vitis-run_compile_mm2s'
Mon Mar  3 17:24:58 2025: STOP_SERVER received, server token: 9e8499d4-1315-4b58-ad3b-48ee6d698a62, passed token: 9e8499d4-1315-4b58-ad3b-48ee6d698a62
Mon Mar  3 17:24:58 2025: Socket received request to stop server.
Mon Mar  3 17:24:58 2025: Dispatch Server: do_await_stop
Mon Mar  3 17:24:58 2025: Dispatch Server: stopping mainFifo_
Mon Mar  3 17:24:58 2025: XCD main fifo: Stopping
Mon Mar  3 17:24:58 2025: XCD main fifo: do_read error code: Operation canceled
Mon Mar  3 17:24:58 2025: XCD main fifo: bytes_transferred: 0
Mon Mar  3 17:24:58 2025: SERVER: destructor for server bound to port 33885
Mon Mar  3 17:24:58 2025: XCD main fifo: Good unlink of /tmp/xcdmain9e8499d4-1315-4b58-ad3b-48ee6d698a62
Mon Mar  3 17:24:58 2025: Server exiting with status 0.
Mon Mar  3 17:24:58 2025: Closing log file.
Mon Mar  3 17:30:04 2025: Running xcd server. This server was built by gradle.
Mon Mar  3 17:30:04 2025: Server was asked to start on port: '46831'
Mon Mar  3 17:30:04 2025: Server is using token UUID: 'd6c80f22-eaee-4ae4-93e3-b72f59781ae9'
Mon Mar  3 17:30:04 2025: SESSION_MGR: creating session with session uuid: '6d04a3e9-ade5-4ab9-8d63-1f78fcd2ec76' and name 'default'
Mon Mar  3 17:30:04 2025: Attempting to start server on port '46831'
Mon Mar  3 17:30:04 2025: XCD main fifo: created main fifo '/tmp/xcdmaind6c80f22-eaee-4ae4-93e3-b72f59781ae9', fd read = 13
Mon Mar  3 17:30:04 2025: Running Dispatch Server
Mon Mar  3 17:30:04 2025: Version 2.2.0
Mon Mar  3 17:30:06 2025: Dispatch Server: Accepted socket connection from client
Mon Mar  3 17:30:06 2025: Starting Socket connection
Mon Mar  3 17:30:06 2025: EXCHANGE_TOKEN received, server token: d6c80f22-eaee-4ae4-93e3-b72f59781ae9, passed token: d6c80f22-eaee-4ae4-93e3-b72f59781ae9
Mon Mar  3 17:30:06 2025: DISPATCH_HANDLER: Adding handler from function makeHandler in library libxv_system_diagram
Mon Mar  3 17:30:06 2025: SESSION_MGR: creating session with session uuid: '5fcccde0-90a3-45cf-a563-408db9c90702' and name 'v++_compile_mm2s'
Mon Mar  3 17:30:06 2025: KERNEL_SVC: creating session with uuid: '5fcccde0-90a3-45cf-a563-408db9c90702' and name 'v++_compile_mm2s'
Mon Mar  3 17:30:06 2025: GUIDANCE_SMGR: creating guidance session with uuid: '5fcccde0-90a3-45cf-a563-408db9c90702' and name 'v++_compile_mm2s'
Mon Mar  3 17:30:06 2025: SYSTEM_DIAGRAM: creating session with uuid: '5fcccde0-90a3-45cf-a563-408db9c90702' and name 'v++_compile_mm2s'
Mon Mar  3 17:30:08 2025: Dispatch Server: Accepted socket connection from client
Mon Mar  3 17:30:08 2025: Starting Socket connection
Mon Mar  3 17:30:18 2025: SESSION_MGR: closing session for UUID '5fcccde0-90a3-45cf-a563-408db9c90702' with name 'v++_compile_mm2s'
Mon Mar  3 17:30:18 2025: KERNEL_SVC: closing session for UUID '5fcccde0-90a3-45cf-a563-408db9c90702' with name 'v++_compile_mm2s'
Mon Mar  3 17:30:18 2025: GUIDANCE_SMGR: closing session for UUID '5fcccde0-90a3-45cf-a563-408db9c90702' with name 'v++_compile_mm2s'
Mon Mar  3 17:30:18 2025: SYSTEM_DIAGRAM: closing session for UUID '5fcccde0-90a3-45cf-a563-408db9c90702' with name 'v++_compile_mm2s'
Mon Mar  3 17:30:18 2025: STOP_SERVER received, server token: d6c80f22-eaee-4ae4-93e3-b72f59781ae9, passed token: d6c80f22-eaee-4ae4-93e3-b72f59781ae9
Mon Mar  3 17:30:18 2025: Socket received request to stop server.
Mon Mar  3 17:30:18 2025: Dispatch Server: do_await_stop
Mon Mar  3 17:30:18 2025: Dispatch Server: stopping mainFifo_
Mon Mar  3 17:30:18 2025: XCD main fifo: Stopping
Mon Mar  3 17:30:18 2025: XCD main fifo: do_read error code: Operation canceled
Mon Mar  3 17:30:18 2025: XCD main fifo: bytes_transferred: 0
Mon Mar  3 17:30:18 2025: SERVER: destructor for server bound to port 46831
Mon Mar  3 17:30:18 2025: XCD main fifo: Good unlink of /tmp/xcdmaind6c80f22-eaee-4ae4-93e3-b72f59781ae9
Mon Mar  3 17:30:18 2025: Server exiting with status 0.
Mon Mar  3 17:30:18 2025: Closing log file.
Mon Mar  3 17:30:20 2025: Running xcd server. This server was built by gradle.
Mon Mar  3 17:30:20 2025: Server was asked to start on port: '39267'
Mon Mar  3 17:30:20 2025: Server is using token UUID: '14492132-bf62-41c3-8aa3-1fce2e2812f8'
Mon Mar  3 17:30:20 2025: SESSION_MGR: creating session with session uuid: '6d04a3e9-ade5-4ab9-8d63-1f78fcd2ec76' and name 'default'
Mon Mar  3 17:30:20 2025: Attempting to start server on port '39267'
Mon Mar  3 17:30:20 2025: XCD main fifo: created main fifo '/tmp/xcdmain14492132-bf62-41c3-8aa3-1fce2e2812f8', fd read = 13
Mon Mar  3 17:30:20 2025: Running Dispatch Server
Mon Mar  3 17:30:20 2025: Version 2.2.0
Mon Mar  3 17:30:22 2025: Dispatch Server: Accepted socket connection from client
Mon Mar  3 17:30:22 2025: Starting Socket connection
Mon Mar  3 17:30:22 2025: EXCHANGE_TOKEN received, server token: 14492132-bf62-41c3-8aa3-1fce2e2812f8, passed token: 14492132-bf62-41c3-8aa3-1fce2e2812f8
Mon Mar  3 17:30:22 2025: DISPATCH_HANDLER: Adding handler from function makeHandler in library libxv_system_diagram
Mon Mar  3 17:30:22 2025: SESSION_MGR: creating session with session uuid: 'da5e6dab-3d25-4c40-b943-edb382bada60' and name 'vitis-run_compile_mm2s'
Mon Mar  3 17:30:22 2025: KERNEL_SVC: creating session with uuid: 'da5e6dab-3d25-4c40-b943-edb382bada60' and name 'vitis-run_compile_mm2s'
Mon Mar  3 17:30:22 2025: GUIDANCE_SMGR: creating guidance session with uuid: 'da5e6dab-3d25-4c40-b943-edb382bada60' and name 'vitis-run_compile_mm2s'
Mon Mar  3 17:30:22 2025: SYSTEM_DIAGRAM: creating session with uuid: 'da5e6dab-3d25-4c40-b943-edb382bada60' and name 'vitis-run_compile_mm2s'
Mon Mar  3 17:30:24 2025: Dispatch Server: Accepted socket connection from client
Mon Mar  3 17:30:24 2025: Starting Socket connection
Mon Mar  3 17:30:35 2025: SESSION_MGR: closing session for UUID 'da5e6dab-3d25-4c40-b943-edb382bada60' with name 'vitis-run_compile_mm2s'
Mon Mar  3 17:30:35 2025: KERNEL_SVC: closing session for UUID 'da5e6dab-3d25-4c40-b943-edb382bada60' with name 'vitis-run_compile_mm2s'
Mon Mar  3 17:30:35 2025: GUIDANCE_SMGR: closing session for UUID 'da5e6dab-3d25-4c40-b943-edb382bada60' with name 'vitis-run_compile_mm2s'
Mon Mar  3 17:30:35 2025: SYSTEM_DIAGRAM: closing session for UUID 'da5e6dab-3d25-4c40-b943-edb382bada60' with name 'vitis-run_compile_mm2s'
Mon Mar  3 17:30:35 2025: STOP_SERVER received, server token: 14492132-bf62-41c3-8aa3-1fce2e2812f8, passed token: 14492132-bf62-41c3-8aa3-1fce2e2812f8
Mon Mar  3 17:30:35 2025: Socket received request to stop server.
Mon Mar  3 17:30:35 2025: Dispatch Server: do_await_stop
Mon Mar  3 17:30:35 2025: Dispatch Server: stopping mainFifo_
Mon Mar  3 17:30:35 2025: XCD main fifo: Stopping
Mon Mar  3 17:30:35 2025: XCD main fifo: do_read error code: Operation canceled
Mon Mar  3 17:30:35 2025: XCD main fifo: bytes_transferred: 0
Mon Mar  3 17:30:35 2025: SERVER: destructor for server bound to port 39267
Mon Mar  3 17:30:35 2025: XCD main fifo: Good unlink of /tmp/xcdmain14492132-bf62-41c3-8aa3-1fce2e2812f8
Mon Mar  3 17:30:35 2025: Server exiting with status 0.
Mon Mar  3 17:30:35 2025: Closing log file.
Mon Mar  3 19:09:13 2025: Running xcd server. This server was built by gradle.
Mon Mar  3 19:09:13 2025: Server was asked to start on port: '38245'
Mon Mar  3 19:09:13 2025: Server is using token UUID: '5ab8025e-8647-4827-884c-552f473457b9'
Mon Mar  3 19:09:13 2025: SESSION_MGR: creating session with session uuid: '6d04a3e9-ade5-4ab9-8d63-1f78fcd2ec76' and name 'default'
Mon Mar  3 19:09:13 2025: Attempting to start server on port '38245'
Mon Mar  3 19:09:13 2025: XCD main fifo: created main fifo '/tmp/xcdmain5ab8025e-8647-4827-884c-552f473457b9', fd read = 13
Mon Mar  3 19:09:13 2025: Running Dispatch Server
Mon Mar  3 19:09:13 2025: Version 2.2.0
Mon Mar  3 19:09:15 2025: Dispatch Server: Accepted socket connection from client
Mon Mar  3 19:09:15 2025: Starting Socket connection
Mon Mar  3 19:09:15 2025: EXCHANGE_TOKEN received, server token: 5ab8025e-8647-4827-884c-552f473457b9, passed token: 5ab8025e-8647-4827-884c-552f473457b9
Mon Mar  3 19:09:15 2025: DISPATCH_HANDLER: Adding handler from function makeHandler in library libxv_system_diagram
Mon Mar  3 19:09:15 2025: SESSION_MGR: creating session with session uuid: '02cf7098-90aa-437f-97ca-089205bbf082' and name 'v++_compile_mm2s'
Mon Mar  3 19:09:15 2025: KERNEL_SVC: creating session with uuid: '02cf7098-90aa-437f-97ca-089205bbf082' and name 'v++_compile_mm2s'
Mon Mar  3 19:09:15 2025: GUIDANCE_SMGR: creating guidance session with uuid: '02cf7098-90aa-437f-97ca-089205bbf082' and name 'v++_compile_mm2s'
Mon Mar  3 19:09:15 2025: SYSTEM_DIAGRAM: creating session with uuid: '02cf7098-90aa-437f-97ca-089205bbf082' and name 'v++_compile_mm2s'
Mon Mar  3 19:09:17 2025: Dispatch Server: Accepted socket connection from client
Mon Mar  3 19:09:17 2025: Starting Socket connection
Mon Mar  3 19:09:29 2025: SESSION_MGR: closing session for UUID '02cf7098-90aa-437f-97ca-089205bbf082' with name 'v++_compile_mm2s'
Mon Mar  3 19:09:29 2025: KERNEL_SVC: closing session for UUID '02cf7098-90aa-437f-97ca-089205bbf082' with name 'v++_compile_mm2s'
Mon Mar  3 19:09:29 2025: GUIDANCE_SMGR: closing session for UUID '02cf7098-90aa-437f-97ca-089205bbf082' with name 'v++_compile_mm2s'
Mon Mar  3 19:09:29 2025: SYSTEM_DIAGRAM: closing session for UUID '02cf7098-90aa-437f-97ca-089205bbf082' with name 'v++_compile_mm2s'
Mon Mar  3 19:09:29 2025: STOP_SERVER received, server token: 5ab8025e-8647-4827-884c-552f473457b9, passed token: 5ab8025e-8647-4827-884c-552f473457b9
Mon Mar  3 19:09:29 2025: Socket received request to stop server.
Mon Mar  3 19:09:29 2025: Dispatch Server: do_await_stop
Mon Mar  3 19:09:29 2025: Dispatch Server: stopping mainFifo_
Mon Mar  3 19:09:29 2025: XCD main fifo: Stopping
Mon Mar  3 19:09:29 2025: XCD main fifo: do_read error code: Operation canceled
Mon Mar  3 19:09:29 2025: XCD main fifo: bytes_transferred: 0
Mon Mar  3 19:09:29 2025: SERVER: destructor for server bound to port 38245
Mon Mar  3 19:09:29 2025: XCD main fifo: Good unlink of /tmp/xcdmain5ab8025e-8647-4827-884c-552f473457b9
Mon Mar  3 19:09:29 2025: Server exiting with status 0.
Mon Mar  3 19:09:29 2025: Closing log file.
Mon Mar  3 19:09:31 2025: Running xcd server. This server was built by gradle.
Mon Mar  3 19:09:31 2025: Server was asked to start on port: '37629'
Mon Mar  3 19:09:31 2025: Server is using token UUID: '23158734-07e5-465b-9f5a-795ae89a035d'
Mon Mar  3 19:09:31 2025: SESSION_MGR: creating session with session uuid: '6d04a3e9-ade5-4ab9-8d63-1f78fcd2ec76' and name 'default'
Mon Mar  3 19:09:31 2025: Attempting to start server on port '37629'
Mon Mar  3 19:09:31 2025: XCD main fifo: created main fifo '/tmp/xcdmain23158734-07e5-465b-9f5a-795ae89a035d', fd read = 13
Mon Mar  3 19:09:31 2025: Running Dispatch Server
Mon Mar  3 19:09:31 2025: Version 2.2.0
Mon Mar  3 19:09:33 2025: Dispatch Server: Accepted socket connection from client
Mon Mar  3 19:09:33 2025: Starting Socket connection
Mon Mar  3 19:09:33 2025: EXCHANGE_TOKEN received, server token: 23158734-07e5-465b-9f5a-795ae89a035d, passed token: 23158734-07e5-465b-9f5a-795ae89a035d
Mon Mar  3 19:09:33 2025: DISPATCH_HANDLER: Adding handler from function makeHandler in library libxv_system_diagram
Mon Mar  3 19:09:33 2025: SESSION_MGR: creating session with session uuid: '310bb081-f887-4b85-9377-152224f5584d' and name 'vitis-run_compile_mm2s'
Mon Mar  3 19:09:33 2025: KERNEL_SVC: creating session with uuid: '310bb081-f887-4b85-9377-152224f5584d' and name 'vitis-run_compile_mm2s'
Mon Mar  3 19:09:33 2025: GUIDANCE_SMGR: creating guidance session with uuid: '310bb081-f887-4b85-9377-152224f5584d' and name 'vitis-run_compile_mm2s'
Mon Mar  3 19:09:33 2025: SYSTEM_DIAGRAM: creating session with uuid: '310bb081-f887-4b85-9377-152224f5584d' and name 'vitis-run_compile_mm2s'
Mon Mar  3 19:09:35 2025: Dispatch Server: Accepted socket connection from client
Mon Mar  3 19:09:35 2025: Starting Socket connection
Mon Mar  3 19:09:51 2025: SESSION_MGR: closing session for UUID '310bb081-f887-4b85-9377-152224f5584d' with name 'vitis-run_compile_mm2s'
Mon Mar  3 19:09:51 2025: KERNEL_SVC: closing session for UUID '310bb081-f887-4b85-9377-152224f5584d' with name 'vitis-run_compile_mm2s'
Mon Mar  3 19:09:51 2025: GUIDANCE_SMGR: closing session for UUID '310bb081-f887-4b85-9377-152224f5584d' with name 'vitis-run_compile_mm2s'
Mon Mar  3 19:09:51 2025: SYSTEM_DIAGRAM: closing session for UUID '310bb081-f887-4b85-9377-152224f5584d' with name 'vitis-run_compile_mm2s'
Mon Mar  3 19:09:51 2025: STOP_SERVER received, server token: 23158734-07e5-465b-9f5a-795ae89a035d, passed token: 23158734-07e5-465b-9f5a-795ae89a035d
Mon Mar  3 19:09:51 2025: Socket received request to stop server.
Mon Mar  3 19:09:51 2025: Dispatch Server: do_await_stop
Mon Mar  3 19:09:51 2025: Dispatch Server: stopping mainFifo_
Mon Mar  3 19:09:51 2025: XCD main fifo: Stopping
Mon Mar  3 19:09:51 2025: XCD main fifo: do_read error code: Operation canceled
Mon Mar  3 19:09:51 2025: XCD main fifo: bytes_transferred: 0
Mon Mar  3 19:09:51 2025: SERVER: destructor for server bound to port 37629
Mon Mar  3 19:09:51 2025: XCD main fifo: Good unlink of /tmp/xcdmain23158734-07e5-465b-9f5a-795ae89a035d
Mon Mar  3 19:09:51 2025: Server exiting with status 0.
Mon Mar  3 19:09:51 2025: Closing log file.
Mon Mar  3 19:17:36 2025: Running xcd server. This server was built by gradle.
Mon Mar  3 19:17:36 2025: Server was asked to start on port: '43675'
Mon Mar  3 19:17:36 2025: Server is using token UUID: '441881d0-533a-4313-a732-fc81574b52db'
Mon Mar  3 19:17:36 2025: SESSION_MGR: creating session with session uuid: '6d04a3e9-ade5-4ab9-8d63-1f78fcd2ec76' and name 'default'
Mon Mar  3 19:17:36 2025: Attempting to start server on port '43675'
Mon Mar  3 19:17:36 2025: XCD main fifo: created main fifo '/tmp/xcdmain441881d0-533a-4313-a732-fc81574b52db', fd read = 13
Mon Mar  3 19:17:36 2025: Running Dispatch Server
Mon Mar  3 19:17:36 2025: Version 2.2.0
Mon Mar  3 19:17:37 2025: Dispatch Server: Accepted socket connection from client
Mon Mar  3 19:17:37 2025: Starting Socket connection
Mon Mar  3 19:17:37 2025: EXCHANGE_TOKEN received, server token: 441881d0-533a-4313-a732-fc81574b52db, passed token: 441881d0-533a-4313-a732-fc81574b52db
Mon Mar  3 19:17:37 2025: DISPATCH_HANDLER: Adding handler from function makeHandler in library libxv_system_diagram
Mon Mar  3 19:17:37 2025: SESSION_MGR: creating session with session uuid: '9859eeaf-3419-4771-b6c4-87b1289e4da5' and name 'v++_compile_mm2s'
Mon Mar  3 19:17:37 2025: KERNEL_SVC: creating session with uuid: '9859eeaf-3419-4771-b6c4-87b1289e4da5' and name 'v++_compile_mm2s'
Mon Mar  3 19:17:37 2025: GUIDANCE_SMGR: creating guidance session with uuid: '9859eeaf-3419-4771-b6c4-87b1289e4da5' and name 'v++_compile_mm2s'
Mon Mar  3 19:17:37 2025: SYSTEM_DIAGRAM: creating session with uuid: '9859eeaf-3419-4771-b6c4-87b1289e4da5' and name 'v++_compile_mm2s'
Mon Mar  3 19:17:41 2025: Dispatch Server: Accepted socket connection from client
Mon Mar  3 19:17:41 2025: Starting Socket connection
Mon Mar  3 19:17:54 2025: SESSION_MGR: closing session for UUID '9859eeaf-3419-4771-b6c4-87b1289e4da5' with name 'v++_compile_mm2s'
Mon Mar  3 19:17:54 2025: KERNEL_SVC: closing session for UUID '9859eeaf-3419-4771-b6c4-87b1289e4da5' with name 'v++_compile_mm2s'
Mon Mar  3 19:17:54 2025: GUIDANCE_SMGR: closing session for UUID '9859eeaf-3419-4771-b6c4-87b1289e4da5' with name 'v++_compile_mm2s'
Mon Mar  3 19:17:54 2025: SYSTEM_DIAGRAM: closing session for UUID '9859eeaf-3419-4771-b6c4-87b1289e4da5' with name 'v++_compile_mm2s'
Mon Mar  3 19:17:54 2025: STOP_SERVER received, server token: 441881d0-533a-4313-a732-fc81574b52db, passed token: 441881d0-533a-4313-a732-fc81574b52db
Mon Mar  3 19:17:54 2025: Socket received request to stop server.
Mon Mar  3 19:17:54 2025: Dispatch Server: do_await_stop
Mon Mar  3 19:17:54 2025: Dispatch Server: stopping mainFifo_
Mon Mar  3 19:17:54 2025: XCD main fifo: Stopping
Mon Mar  3 19:17:54 2025: XCD main fifo: do_read error code: Operation canceled
Mon Mar  3 19:17:54 2025: XCD main fifo: bytes_transferred: 0
Mon Mar  3 19:17:54 2025: SERVER: destructor for server bound to port 43675
Mon Mar  3 19:17:54 2025: XCD main fifo: Good unlink of /tmp/xcdmain441881d0-533a-4313-a732-fc81574b52db
Mon Mar  3 19:17:54 2025: Server exiting with status 0.
Mon Mar  3 19:17:54 2025: Closing log file.
Mon Mar  3 19:17:57 2025: Running xcd server. This server was built by gradle.
Mon Mar  3 19:17:57 2025: Server was asked to start on port: '36441'
Mon Mar  3 19:17:57 2025: Server is using token UUID: '0048c3ed-d0a7-4e9d-bd02-03a22fe5f4a3'
Mon Mar  3 19:17:57 2025: SESSION_MGR: creating session with session uuid: '6d04a3e9-ade5-4ab9-8d63-1f78fcd2ec76' and name 'default'
Mon Mar  3 19:17:57 2025: Attempting to start server on port '36441'
Mon Mar  3 19:17:57 2025: XCD main fifo: created main fifo '/tmp/xcdmain0048c3ed-d0a7-4e9d-bd02-03a22fe5f4a3', fd read = 13
Mon Mar  3 19:17:57 2025: Running Dispatch Server
Mon Mar  3 19:17:57 2025: Version 2.2.0
Mon Mar  3 19:17:58 2025: Dispatch Server: Accepted socket connection from client
Mon Mar  3 19:17:58 2025: Starting Socket connection
Mon Mar  3 19:17:58 2025: EXCHANGE_TOKEN received, server token: 0048c3ed-d0a7-4e9d-bd02-03a22fe5f4a3, passed token: 0048c3ed-d0a7-4e9d-bd02-03a22fe5f4a3
Mon Mar  3 19:17:58 2025: DISPATCH_HANDLER: Adding handler from function makeHandler in library libxv_system_diagram
Mon Mar  3 19:17:58 2025: SESSION_MGR: creating session with session uuid: '9e15e0ae-87a7-44ef-b34b-cd16ca62e9d2' and name 'vitis-run_compile_mm2s'
Mon Mar  3 19:17:58 2025: KERNEL_SVC: creating session with uuid: '9e15e0ae-87a7-44ef-b34b-cd16ca62e9d2' and name 'vitis-run_compile_mm2s'
Mon Mar  3 19:17:58 2025: GUIDANCE_SMGR: creating guidance session with uuid: '9e15e0ae-87a7-44ef-b34b-cd16ca62e9d2' and name 'vitis-run_compile_mm2s'
Mon Mar  3 19:17:58 2025: SYSTEM_DIAGRAM: creating session with uuid: '9e15e0ae-87a7-44ef-b34b-cd16ca62e9d2' and name 'vitis-run_compile_mm2s'
Mon Mar  3 19:18:01 2025: Dispatch Server: Accepted socket connection from client
Mon Mar  3 19:18:01 2025: Starting Socket connection
Mon Mar  3 19:18:15 2025: SESSION_MGR: closing session for UUID '9e15e0ae-87a7-44ef-b34b-cd16ca62e9d2' with name 'vitis-run_compile_mm2s'
Mon Mar  3 19:18:15 2025: KERNEL_SVC: closing session for UUID '9e15e0ae-87a7-44ef-b34b-cd16ca62e9d2' with name 'vitis-run_compile_mm2s'
Mon Mar  3 19:18:15 2025: GUIDANCE_SMGR: closing session for UUID '9e15e0ae-87a7-44ef-b34b-cd16ca62e9d2' with name 'vitis-run_compile_mm2s'
Mon Mar  3 19:18:15 2025: SYSTEM_DIAGRAM: closing session for UUID '9e15e0ae-87a7-44ef-b34b-cd16ca62e9d2' with name 'vitis-run_compile_mm2s'
Mon Mar  3 19:18:15 2025: STOP_SERVER received, server token: 0048c3ed-d0a7-4e9d-bd02-03a22fe5f4a3, passed token: 0048c3ed-d0a7-4e9d-bd02-03a22fe5f4a3
Mon Mar  3 19:18:15 2025: Socket received request to stop server.
Mon Mar  3 19:18:15 2025: Dispatch Server: do_await_stop
Mon Mar  3 19:18:15 2025: Dispatch Server: stopping mainFifo_
Mon Mar  3 19:18:15 2025: XCD main fifo: Stopping
Mon Mar  3 19:18:15 2025: XCD main fifo: do_read error code: Operation canceled
Mon Mar  3 19:18:15 2025: XCD main fifo: bytes_transferred: 0
Mon Mar  3 19:18:15 2025: SERVER: destructor for server bound to port 36441
Mon Mar  3 19:18:15 2025: XCD main fifo: Good unlink of /tmp/xcdmain0048c3ed-d0a7-4e9d-bd02-03a22fe5f4a3
Mon Mar  3 19:18:15 2025: Server exiting with status 0.
Mon Mar  3 19:18:15 2025: Closing log file.
