Sat Mar  1 11:08:49 2025: Running xcd server. This server was built by gradle.
Sat Mar  1 11:08:49 2025: Server was asked to start on port: '43965'
Sat Mar  1 11:08:49 2025: Server is using token UUID: 'e5292b60-eda8-46c8-a165-026d06f637c1'
Sat Mar  1 11:08:49 2025: SESSION_MGR: creating session with session uuid: '6d04a3e9-ade5-4ab9-8d63-1f78fcd2ec76' and name 'default'
Sat Mar  1 11:08:49 2025: Attempting to start server on port '43965'
Sat Mar  1 11:08:49 2025: XCD main fifo: created main fifo '/tmp/xcdmaine5292b60-eda8-46c8-a165-026d06f637c1', fd read = 13
Sat Mar  1 11:08:49 2025: Running Dispatch Server
Sat Mar  1 11:08:49 2025: Version 2.2.0
Sat Mar  1 11:08:51 2025: Dispatch Server: Accepted socket connection from client
Sat Mar  1 11:08:51 2025: Starting Socket connection
Sat Mar  1 11:08:51 2025: EXCHANGE_TOKEN received, server token: e5292b60-eda8-46c8-a165-026d06f637c1, passed token: e5292b60-eda8-46c8-a165-026d06f637c1
Sat Mar  1 11:08:51 2025: DISPATCH_HANDLER: Adding handler from function makeHandler in library libxv_system_diagram
Sat Mar  1 11:08:51 2025: SESSION_MGR: creating session with session uuid: 'c76b57a1-5b10-4016-9f7d-1944c4e9b4c5' and name 'v++_compile_s2mm'
Sat Mar  1 11:08:51 2025: KERNEL_SVC: creating session with uuid: 'c76b57a1-5b10-4016-9f7d-1944c4e9b4c5' and name 'v++_compile_s2mm'
Sat Mar  1 11:08:51 2025: GUIDANCE_SMGR: creating guidance session with uuid: 'c76b57a1-5b10-4016-9f7d-1944c4e9b4c5' and name 'v++_compile_s2mm'
Sat Mar  1 11:08:51 2025: SYSTEM_DIAGRAM: creating session with uuid: 'c76b57a1-5b10-4016-9f7d-1944c4e9b4c5' and name 'v++_compile_s2mm'
Sat Mar  1 11:09:03 2025: SESSION_MGR: closing session for UUID 'c76b57a1-5b10-4016-9f7d-1944c4e9b4c5' with name 'v++_compile_s2mm'
Sat Mar  1 11:09:03 2025: KERNEL_SVC: closing session for UUID 'c76b57a1-5b10-4016-9f7d-1944c4e9b4c5' with name 'v++_compile_s2mm'
Sat Mar  1 11:09:03 2025: GUIDANCE_SMGR: closing session for UUID 'c76b57a1-5b10-4016-9f7d-1944c4e9b4c5' with name 'v++_compile_s2mm'
Sat Mar  1 11:09:03 2025: SYSTEM_DIAGRAM: closing session for UUID 'c76b57a1-5b10-4016-9f7d-1944c4e9b4c5' with name 'v++_compile_s2mm'
Sat Mar  1 11:09:03 2025: STOP_SERVER received, server token: e5292b60-eda8-46c8-a165-026d06f637c1, passed token: e5292b60-eda8-46c8-a165-026d06f637c1
Sat Mar  1 11:09:03 2025: Socket received request to stop server.
Sat Mar  1 11:09:03 2025: Dispatch Server: do_await_stop
Sat Mar  1 11:09:03 2025: Dispatch Server: stopping mainFifo_
Sat Mar  1 11:09:03 2025: XCD main fifo: Stopping
Sat Mar  1 11:09:03 2025: XCD main fifo: do_read error code: Operation canceled
Sat Mar  1 11:09:03 2025: XCD main fifo: bytes_transferred: 0
Sat Mar  1 11:09:03 2025: SERVER: destructor for server bound to port 43965
Sat Mar  1 11:09:03 2025: XCD main fifo: Good unlink of /tmp/xcdmaine5292b60-eda8-46c8-a165-026d06f637c1
Sat Mar  1 11:09:03 2025: Server exiting with status 0.
Sat Mar  1 11:09:03 2025: Closing log file.
Mon Mar  3 12:04:32 2025: Running xcd server. This server was built by gradle.
Mon Mar  3 12:04:32 2025: Server was asked to start on port: '45219'
Mon Mar  3 12:04:32 2025: Server is using token UUID: '35689167-de7c-44b0-9d6c-0a59df369f4c'
Mon Mar  3 12:04:32 2025: SESSION_MGR: creating session with session uuid: '6d04a3e9-ade5-4ab9-8d63-1f78fcd2ec76' and name 'default'
Mon Mar  3 12:04:32 2025: Attempting to start server on port '45219'
Mon Mar  3 12:04:32 2025: XCD main fifo: created main fifo '/tmp/xcdmain35689167-de7c-44b0-9d6c-0a59df369f4c', fd read = 13
Mon Mar  3 12:04:32 2025: Running Dispatch Server
Mon Mar  3 12:04:32 2025: Version 2.2.0
Mon Mar  3 12:04:33 2025: Dispatch Server: Accepted socket connection from client
Mon Mar  3 12:04:33 2025: Starting Socket connection
Mon Mar  3 12:04:33 2025: EXCHANGE_TOKEN received, server token: 35689167-de7c-44b0-9d6c-0a59df369f4c, passed token: 35689167-de7c-44b0-9d6c-0a59df369f4c
Mon Mar  3 12:04:34 2025: DISPATCH_HANDLER: Adding handler from function makeHandler in library libxv_system_diagram
Mon Mar  3 12:04:34 2025: SESSION_MGR: creating session with session uuid: '2b9dd9a8-4024-433a-9615-9c38be58e428' and name 'v++_compile_s2mm'
Mon Mar  3 12:04:34 2025: KERNEL_SVC: creating session with uuid: '2b9dd9a8-4024-433a-9615-9c38be58e428' and name 'v++_compile_s2mm'
Mon Mar  3 12:04:34 2025: GUIDANCE_SMGR: creating guidance session with uuid: '2b9dd9a8-4024-433a-9615-9c38be58e428' and name 'v++_compile_s2mm'
Mon Mar  3 12:04:34 2025: SYSTEM_DIAGRAM: creating session with uuid: '2b9dd9a8-4024-433a-9615-9c38be58e428' and name 'v++_compile_s2mm'
Mon Mar  3 12:04:46 2025: SESSION_MGR: closing session for UUID '2b9dd9a8-4024-433a-9615-9c38be58e428' with name 'v++_compile_s2mm'
Mon Mar  3 12:04:46 2025: KERNEL_SVC: closing session for UUID '2b9dd9a8-4024-433a-9615-9c38be58e428' with name 'v++_compile_s2mm'
Mon Mar  3 12:04:46 2025: GUIDANCE_SMGR: closing session for UUID '2b9dd9a8-4024-433a-9615-9c38be58e428' with name 'v++_compile_s2mm'
Mon Mar  3 12:04:46 2025: SYSTEM_DIAGRAM: closing session for UUID '2b9dd9a8-4024-433a-9615-9c38be58e428' with name 'v++_compile_s2mm'
Mon Mar  3 12:04:46 2025: STOP_SERVER received, server token: 35689167-de7c-44b0-9d6c-0a59df369f4c, passed token: 35689167-de7c-44b0-9d6c-0a59df369f4c
Mon Mar  3 12:04:46 2025: Socket received request to stop server.
Mon Mar  3 12:04:46 2025: Dispatch Server: do_await_stop
Mon Mar  3 12:04:46 2025: Dispatch Server: stopping mainFifo_
Mon Mar  3 12:04:46 2025: XCD main fifo: Stopping
Mon Mar  3 12:04:46 2025: XCD main fifo: do_read error code: Operation canceled
Mon Mar  3 12:04:46 2025: XCD main fifo: bytes_transferred: 0
Mon Mar  3 12:04:46 2025: SERVER: destructor for server bound to port 45219
Mon Mar  3 12:04:46 2025: XCD main fifo: Good unlink of /tmp/xcdmain35689167-de7c-44b0-9d6c-0a59df369f4c
Mon Mar  3 12:04:46 2025: Server exiting with status 0.
Mon Mar  3 12:04:46 2025: Closing log file.
Mon Mar  3 19:05:45 2025: Running xcd server. This server was built by gradle.
Mon Mar  3 19:05:45 2025: Server was asked to start on port: '44177'
Mon Mar  3 19:05:45 2025: Server is using token UUID: '19394c56-f136-46f3-9c2a-acc3bde64797'
Mon Mar  3 19:05:45 2025: SESSION_MGR: creating session with session uuid: '6d04a3e9-ade5-4ab9-8d63-1f78fcd2ec76' and name 'default'
Mon Mar  3 19:05:45 2025: Attempting to start server on port '44177'
Mon Mar  3 19:05:45 2025: XCD main fifo: created main fifo '/tmp/xcdmain19394c56-f136-46f3-9c2a-acc3bde64797', fd read = 13
Mon Mar  3 19:05:45 2025: Running Dispatch Server
Mon Mar  3 19:05:45 2025: Version 2.2.0
Mon Mar  3 19:05:47 2025: Dispatch Server: Accepted socket connection from client
Mon Mar  3 19:05:47 2025: Starting Socket connection
Mon Mar  3 19:05:47 2025: EXCHANGE_TOKEN received, server token: 19394c56-f136-46f3-9c2a-acc3bde64797, passed token: 19394c56-f136-46f3-9c2a-acc3bde64797
Mon Mar  3 19:05:47 2025: DISPATCH_HANDLER: Adding handler from function makeHandler in library libxv_system_diagram
Mon Mar  3 19:05:47 2025: SESSION_MGR: creating session with session uuid: '14abdab3-3000-4ade-8051-85f3ef497f44' and name 'v++_compile_s2mm'
Mon Mar  3 19:05:47 2025: KERNEL_SVC: creating session with uuid: '14abdab3-3000-4ade-8051-85f3ef497f44' and name 'v++_compile_s2mm'
Mon Mar  3 19:05:47 2025: GUIDANCE_SMGR: creating guidance session with uuid: '14abdab3-3000-4ade-8051-85f3ef497f44' and name 'v++_compile_s2mm'
Mon Mar  3 19:05:47 2025: SYSTEM_DIAGRAM: creating session with uuid: '14abdab3-3000-4ade-8051-85f3ef497f44' and name 'v++_compile_s2mm'
Mon Mar  3 19:05:59 2025: SESSION_MGR: closing session for UUID '14abdab3-3000-4ade-8051-85f3ef497f44' with name 'v++_compile_s2mm'
Mon Mar  3 19:05:59 2025: KERNEL_SVC: closing session for UUID '14abdab3-3000-4ade-8051-85f3ef497f44' with name 'v++_compile_s2mm'
Mon Mar  3 19:05:59 2025: GUIDANCE_SMGR: closing session for UUID '14abdab3-3000-4ade-8051-85f3ef497f44' with name 'v++_compile_s2mm'
Mon Mar  3 19:05:59 2025: SYSTEM_DIAGRAM: closing session for UUID '14abdab3-3000-4ade-8051-85f3ef497f44' with name 'v++_compile_s2mm'
Mon Mar  3 19:05:59 2025: STOP_SERVER received, server token: 19394c56-f136-46f3-9c2a-acc3bde64797, passed token: 19394c56-f136-46f3-9c2a-acc3bde64797
Mon Mar  3 19:05:59 2025: Socket received request to stop server.
Mon Mar  3 19:05:59 2025: Dispatch Server: do_await_stop
Mon Mar  3 19:05:59 2025: Dispatch Server: stopping mainFifo_
Mon Mar  3 19:05:59 2025: XCD main fifo: Stopping
Mon Mar  3 19:05:59 2025: XCD main fifo: do_read error code: Operation canceled
Mon Mar  3 19:05:59 2025: XCD main fifo: bytes_transferred: 0
Mon Mar  3 19:05:59 2025: SERVER: destructor for server bound to port 44177
Mon Mar  3 19:05:59 2025: XCD main fifo: Good unlink of /tmp/xcdmain19394c56-f136-46f3-9c2a-acc3bde64797
Mon Mar  3 19:05:59 2025: Server exiting with status 0.
Mon Mar  3 19:05:59 2025: Closing log file.
