INFO: [vitis-run 60-1548] Creating build summary session with primary output /home/fran/Documentos/progra/sys_fir/lab/fir_2/fir_hls/fir_hls.hlsrun_csim_summary, at Mon Mar  3 19:16:28 2025
INFO: [vitis-run 82-31] Launching vitis_hls: vitis_hls -nolog -run csim -work_dir /home/fran/Documentos/progra/sys_fir/lab/fir_2/fir_hls -config /home/fran/Documentos/progra/sys_fir/lab/fir_2/fir_2.cfg -cmdlineconfig /home/fran/Documentos/progra/sys_fir/lab/fir_2/fir_hls/hls/config.cmdline

****** Vitis HLS - High-Level Synthesis from C, C++ and OpenCL v2023.2 (64-bit)
  **** SW Build 4023990 on Oct 11 2023
  **** IP Build 4028589 on Sat Oct 14 00:45:43 MDT 2023
  **** SharedData Build 4025554 on Tue Oct 10 17:18:54 MDT 2023
    ** Copyright 1986-2022 Xilinx, Inc. All Rights Reserved.
    ** Copyright 2022-2023 Advanced Micro Devices, Inc. All Rights Reserved.

source /tools/Xilinx/Vitis_HLS/2023.2/scripts/vitis_hls/hls.tcl -notrace
INFO: [HLS 200-10] Running '/tools/Xilinx/Vitis_HLS/2023.2/bin/unwrapped/lnx64.o/vitis_hls'
INFO: [HLS 200-10] For user 'fran' on host 'asus' (Linux_x86_64 version 6.8.0-52-generic) on Mon Mar 03 19:16:29 CET 2025
INFO: [HLS 200-10] On os Ubuntu 22.04.5 LTS
INFO: [HLS 200-10] In directory '/home/fran/Documentos/progra/sys_fir/lab/fir_2'
INFO: [HLS 200-1909] Reading HLS ini file /home/fran/Documentos/progra/sys_fir/lab/fir_2/fir_2.cfg
INFO: [HLS 200-1909] Reading HLS ini file /home/fran/Documentos/progra/sys_fir/lab/fir_2/fir_hls/hls/config.cmdline
INFO: [HLS 200-2005] Using work_dir /home/fran/Documentos/progra/sys_fir/lab/fir_2/fir_hls 
INFO: [HLS 200-1510] Running: open_project /home/fran/Documentos/progra/sys_fir/lab/fir_2/fir_hls -diskless 
INFO: [HLS 200-1510] Running: open_solution hls 
INFO: [HLS 200-1505] Using default flow_target 'vivado'
Resolution: For help on HLS 200-1505 see docs.xilinx.com/access/sources/dita/topic?Doc_Version=2023.2%20English&url=ug1448-hls-guidance&resourceid=200-1505.html
INFO: [HLS 200-1510] Running: apply_ini /home/fran/Documentos/progra/sys_fir/lab/fir_2/fir_2.cfg 
INFO: [HLS 200-1909] Reading HLS ini file /home/fran/Documentos/progra/sys_fir/lab/fir_2/fir_2.cfg
INFO: [HLS 200-1465] Applying ini 'syn.file=/home/fran/Documentos/progra/sys_fir/fuentes/HLS/fir_2.cpp' at /home/fran/Documentos/progra/sys_fir/lab/fir_2/fir_2.cfg(7)
INFO: [HLS 200-10] Adding design file '/home/fran/Documentos/progra/sys_fir/fuentes/HLS/fir_2.cpp' to the project
INFO: [HLS 200-1465] Applying ini 'syn.file=/home/fran/Documentos/progra/sys_fir/fuentes/HLS/fir_2.h' at /home/fran/Documentos/progra/sys_fir/lab/fir_2/fir_2.cfg(8)
INFO: [HLS 200-10] Adding design file '/home/fran/Documentos/progra/sys_fir/fuentes/HLS/fir_2.h' to the project
INFO: [HLS 200-1465] Applying ini 'tb.file=fir_hls_TB.cpp' at /home/fran/Documentos/progra/sys_fir/lab/fir_2/fir_2.cfg(12)
INFO: [HLS 200-10] Adding test bench file '/home/fran/Documentos/progra/sys_fir/lab/fir_2/fir_hls_TB.cpp' to the project
INFO: [HLS 200-1465] Applying ini 'syn.top=fir_hls' at /home/fran/Documentos/progra/sys_fir/lab/fir_2/fir_2.cfg(9)
INFO: [HLS 200-1465] Applying ini 'flow_target=vitis' at /home/fran/Documentos/progra/sys_fir/lab/fir_2/fir_2.cfg(4)
INFO: [HLS 200-1505] Using flow_target 'vitis'
Resolution: For help on HLS 200-1505 see docs.xilinx.com/access/sources/dita/topic?Doc_Version=2023.2%20English&url=ug1448-hls-guidance&resourceid=200-1505.html
INFO: [HLS 200-435] Setting 'open_solution -flow_target vitis' configuration: config_interface -m_axi_latency=64
INFO: [HLS 200-435] Setting 'open_solution -flow_target vitis' configuration: config_interface -m_axi_alignment_byte_size=64
INFO: [HLS 200-435] Setting 'open_solution -flow_target vitis' configuration: config_interface -m_axi_max_widen_bitwidth=512
INFO: [HLS 200-435] Setting 'open_solution -flow_target vitis' configuration: config_rtl -register_reset_num=3
INFO: [HLS 200-1465] Applying ini 'part=xcvc1902-vsva2197-2MP-e-S' at /home/fran/Documentos/progra/sys_fir/lab/fir_2/fir_2.cfg(1)
INFO: [HLS 200-1611] Setting target device to 'xcvc1902-vsva2197-2MP-e-S'
INFO: [HLS 200-1465] Applying ini 'clock=8ns' at /home/fran/Documentos/progra/sys_fir/lab/fir_2/fir_2.cfg(10)
INFO: [SYN 201-201] Setting up clock 'default' with a period of 8ns.
INFO: [HLS 200-1465] Applying ini 'clock_uncertainty=12%' at /home/fran/Documentos/progra/sys_fir/lab/fir_2/fir_2.cfg(11)
INFO: [SYN 201-201] Setting up clock 'default' with an uncertainty of 0.96ns.
INFO: [HLS 200-1465] Applying ini 'package.output.format=xo' at /home/fran/Documentos/progra/sys_fir/lab/fir_2/fir_2.cfg(5)
INFO: [HLS 200-1510] Running: apply_ini /home/fran/Documentos/progra/sys_fir/lab/fir_2/fir_hls/hls/config.cmdline 
INFO: [HLS 200-1909] Reading HLS ini file /home/fran/Documentos/progra/sys_fir/lab/fir_2/fir_hls/hls/config.cmdline
INFO: [HLS 200-1510] Running: csim_design 
INFO: [SIM 211-2] *************** CSIM start ***************
INFO: [SIM 211-4] CSIM will launch GCC as the compiler.
INFO: [HLS 200-2036] Building debug C Simulation binaries
   Compiling ../../../../fir_hls_TB.cpp in debug mode
   Compiling ../../../../../../fuentes/HLS/fir_2.cpp in debug mode
   Generating csim.exe
Output[0] = 1024
Output[1] = 512
Output[2] = 256
Output[3] = 128
Output[4] = 64
Output[5] = 32
Output[6] = 16
Output[7] = 8
Output[8] = 0
Output[9] = 0
Output[10] = 0
Output[11] = 0
Output[12] = 0
Output[13] = 0
Output[14] = 0
Output[15] = 0
Output[16] = 0
Output[17] = 0
Output[18] = 0
Output[19] = 0
Output[20] = 0
Output[21] = 0
Output[22] = 0
Output[23] = 0
Output[24] = 0
Output[25] = 0
Output[26] = 0
Output[27] = 0
Output[28] = 0
Output[29] = 0
Output[30] = 0
Output[31] = 0
Output[32] = 0
Output[33] = 0
Output[34] = 0
Output[35] = 0
Output[36] = 0
Output[37] = 0
Output[38] = 0
Output[39] = 0
Output[40] = 0
Output[41] = 0
Output[42] = 0
Output[43] = 0
Output[44] = 0
Output[45] = 0
Output[46] = 0
Output[47] = 0
Output[48] = 0
Output[49] = 0
Output[50] = 0
Output[51] = 0
Output[52] = 0
Output[53] = 0
Output[54] = 0
Output[55] = 0
Output[56] = 0
Output[57] = 0
Output[58] = 0
Output[59] = 0
Output[60] = 0
Output[61] = 0
Output[62] = 0
Output[63] = 0
INFO [HLS SIM]: The maximum depth reached by any hls::stream() instance in the design is 64
INFO: [SIM 211-1] CSim done with 0 errors.
INFO: [SIM 211-3] *************** CSIM finish ***************
INFO: [HLS 200-111] Finished Command csim_design CPU user time: 1 seconds. CPU system time: 0.2 seconds. Elapsed time: 1.2 seconds; current allocated memory: 0.000 MB.
INFO: [HLS 200-1510] Running: close_project 
INFO: [HLS 200-112] Total CPU user time: 2.33 seconds. Total CPU system time: 0.33 seconds. Total elapsed time: 2.53 seconds; peak allocated memory: 290.387 MB.
INFO: [Common 17-206] Exiting vitis_hls at Mon Mar  3 19:16:31 2025...
INFO: [vitis-run 60-791] Total elapsed time: 0h 0m 6s
