#-----------------------------------------------------------
# Vivado v2023.2 (64-bit)
# SW Build 4029153 on Fri Oct 13 20:13:54 MDT 2023
# IP Build 4028589 on Sat Oct 14 00:45:43 MDT 2023
# SharedData Build 4025554 on Tue Oct 10 17:18:54 MDT 2023
# Start of session at: Mon Mar  3 19:18:43 2025
# Process ID: 121992
# Current directory: /home/fran/Documentos/progra/sys_fir/lab/s2mm/s2mm/hls/impl/ip
# Command line: vivado -notrace -mode batch -source run_ippack.tcl
# Log file: /home/fran/Documentos/progra/sys_fir/lab/s2mm/s2mm/hls/impl/ip/vivado.log
# Journal file: /home/fran/Documentos/progra/sys_fir/lab/s2mm/s2mm/hls/impl/ip/vivado.jou
# Running On: asus, OS: Linux, CPU Frequency: 1565.517 MHz, CPU Physical cores: 10, Host memory: 16440 MB
#-----------------------------------------------------------
source run_ippack.tcl -notrace
ipx::create_core: Time (s): cpu = 00:00:06 ; elapsed = 00:00:06 . Memory (MB): peak = 1389.316 ; gain = 0.023 ; free physical = 1300 ; free virtual = 11840
INFO: [IP_Flow 19-234] Refreshing IP repositories
INFO: [IP_Flow 19-1704] No user IP repositories specified
INFO: [IP_Flow 19-2313] Loaded Vivado IP repository '/tools/Xilinx/Vivado/2023.2/data/ip'.
Running package_xo -xo_path /home/fran/Documentos/progra/sys_fir/lab/s2mm/s2mm/s2mm.xo -kernel_name s2mm -kernel_xml /home/fran/Documentos/progra/sys_fir/lab/s2mm/s2mm/hls/impl/ip/../kernel/kernel.xml -kernel_files /home/fran/Documentos/progra/sys_fir/fuentes/HLS/s2mm.cpp -ip_directory /home/fran/Documentos/progra/sys_fir/lab/s2mm/s2mm/hls/impl/ip/ip_unzip_dir -design_xml /home/fran/Documentos/progra/sys_fir/lab/s2mm/s2mm/hls/.autopilot/db/s2mm.design.xml -debug_directory /home/fran/Documentos/progra/sys_fir/lab/s2mm/s2mm/hls/.debug -hls_directory /home/fran/Documentos/progra/sys_fir/lab/s2mm/s2mm/hls/impl/ip/hls_files -kernel_json /home/fran/Documentos/progra/sys_fir/lab/s2mm/s2mm/hls/hls_data.json
INFO: [Common 17-206] Exiting Vivado at Mon Mar  3 19:18:53 2025...
