Sat Mar  1 11:08:34 2025: Running xcd server. This server was built by gradle.
Sat Mar  1 11:08:34 2025: Server was asked to start on port: '43593'
Sat Mar  1 11:08:34 2025: Server is using token UUID: '516ba68d-edad-4dda-b79a-173ae33c1f94'
Sat Mar  1 11:08:34 2025: SESSION_MGR: creating session with session uuid: '6d04a3e9-ade5-4ab9-8d63-1f78fcd2ec76' and name 'default'
Sat Mar  1 11:08:34 2025: Attempting to start server on port '43593'
Sat Mar  1 11:08:34 2025: XCD main fifo: created main fifo '/tmp/xcdmain516ba68d-edad-4dda-b79a-173ae33c1f94', fd read = 13
Sat Mar  1 11:08:34 2025: Running Dispatch Server
Sat Mar  1 11:08:34 2025: Version 2.2.0
Sat Mar  1 11:08:35 2025: Dispatch Server: Accepted socket connection from client
Sat Mar  1 11:08:35 2025: Starting Socket connection
Sat Mar  1 11:08:35 2025: EXCHANGE_TOKEN received, server token: 516ba68d-edad-4dda-b79a-173ae33c1f94, passed token: 516ba68d-edad-4dda-b79a-173ae33c1f94
Sat Mar  1 11:08:36 2025: DISPATCH_HANDLER: Adding handler from function makeHandler in library libxv_system_diagram
Sat Mar  1 11:08:36 2025: SESSION_MGR: creating session with session uuid: 'f82436b7-73b7-4996-b078-86fda14c13b4' and name 'v++_compile_mm2s'
Sat Mar  1 11:08:36 2025: KERNEL_SVC: creating session with uuid: 'f82436b7-73b7-4996-b078-86fda14c13b4' and name 'v++_compile_mm2s'
Sat Mar  1 11:08:36 2025: GUIDANCE_SMGR: creating guidance session with uuid: 'f82436b7-73b7-4996-b078-86fda14c13b4' and name 'v++_compile_mm2s'
Sat Mar  1 11:08:36 2025: SYSTEM_DIAGRAM: creating session with uuid: 'f82436b7-73b7-4996-b078-86fda14c13b4' and name 'v++_compile_mm2s'
Sat Mar  1 11:08:48 2025: SESSION_MGR: closing session for UUID 'f82436b7-73b7-4996-b078-86fda14c13b4' with name 'v++_compile_mm2s'
Sat Mar  1 11:08:48 2025: KERNEL_SVC: closing session for UUID 'f82436b7-73b7-4996-b078-86fda14c13b4' with name 'v++_compile_mm2s'
Sat Mar  1 11:08:48 2025: GUIDANCE_SMGR: closing session for UUID 'f82436b7-73b7-4996-b078-86fda14c13b4' with name 'v++_compile_mm2s'
Sat Mar  1 11:08:48 2025: SYSTEM_DIAGRAM: closing session for UUID 'f82436b7-73b7-4996-b078-86fda14c13b4' with name 'v++_compile_mm2s'
Sat Mar  1 11:08:48 2025: STOP_SERVER received, server token: 516ba68d-edad-4dda-b79a-173ae33c1f94, passed token: 516ba68d-edad-4dda-b79a-173ae33c1f94
Sat Mar  1 11:08:48 2025: Socket received request to stop server.
Sat Mar  1 11:08:48 2025: Dispatch Server: do_await_stop
Sat Mar  1 11:08:48 2025: Dispatch Server: stopping mainFifo_
Sat Mar  1 11:08:48 2025: XCD main fifo: Stopping
Sat Mar  1 11:08:48 2025: XCD main fifo: do_read error code: Operation canceled
Sat Mar  1 11:08:48 2025: XCD main fifo: bytes_transferred: 0
Sat Mar  1 11:08:48 2025: SERVER: destructor for server bound to port 43593
Sat Mar  1 11:08:48 2025: XCD main fifo: Good unlink of /tmp/xcdmain516ba68d-edad-4dda-b79a-173ae33c1f94
Sat Mar  1 11:08:48 2025: Server exiting with status 0.
Sat Mar  1 11:08:48 2025: Closing log file.
Mon Mar  3 12:04:16 2025: Running xcd server. This server was built by gradle.
Mon Mar  3 12:04:16 2025: Server was asked to start on port: '35571'
Mon Mar  3 12:04:16 2025: Server is using token UUID: '900d290c-796b-471d-8d5d-0f25fb900a46'
Mon Mar  3 12:04:16 2025: SESSION_MGR: creating session with session uuid: '6d04a3e9-ade5-4ab9-8d63-1f78fcd2ec76' and name 'default'
Mon Mar  3 12:04:16 2025: Attempting to start server on port '35571'
Mon Mar  3 12:04:16 2025: XCD main fifo: created main fifo '/tmp/xcdmain900d290c-796b-471d-8d5d-0f25fb900a46', fd read = 13
Mon Mar  3 12:04:16 2025: Running Dispatch Server
Mon Mar  3 12:04:16 2025: Version 2.2.0
Mon Mar  3 12:04:18 2025: Dispatch Server: Accepted socket connection from client
Mon Mar  3 12:04:18 2025: Starting Socket connection
Mon Mar  3 12:04:18 2025: EXCHANGE_TOKEN received, server token: 900d290c-796b-471d-8d5d-0f25fb900a46, passed token: 900d290c-796b-471d-8d5d-0f25fb900a46
Mon Mar  3 12:04:18 2025: DISPATCH_HANDLER: Adding handler from function makeHandler in library libxv_system_diagram
Mon Mar  3 12:04:18 2025: SESSION_MGR: creating session with session uuid: 'd5431e7e-f4da-4af7-a95f-afd58d9b4a19' and name 'v++_compile_mm2s'
Mon Mar  3 12:04:18 2025: KERNEL_SVC: creating session with uuid: 'd5431e7e-f4da-4af7-a95f-afd58d9b4a19' and name 'v++_compile_mm2s'
Mon Mar  3 12:04:18 2025: GUIDANCE_SMGR: creating guidance session with uuid: 'd5431e7e-f4da-4af7-a95f-afd58d9b4a19' and name 'v++_compile_mm2s'
Mon Mar  3 12:04:18 2025: SYSTEM_DIAGRAM: creating session with uuid: 'd5431e7e-f4da-4af7-a95f-afd58d9b4a19' and name 'v++_compile_mm2s'
Mon Mar  3 12:04:30 2025: SESSION_MGR: closing session for UUID 'd5431e7e-f4da-4af7-a95f-afd58d9b4a19' with name 'v++_compile_mm2s'
Mon Mar  3 12:04:30 2025: KERNEL_SVC: closing session for UUID 'd5431e7e-f4da-4af7-a95f-afd58d9b4a19' with name 'v++_compile_mm2s'
Mon Mar  3 12:04:30 2025: GUIDANCE_SMGR: closing session for UUID 'd5431e7e-f4da-4af7-a95f-afd58d9b4a19' with name 'v++_compile_mm2s'
Mon Mar  3 12:04:30 2025: SYSTEM_DIAGRAM: closing session for UUID 'd5431e7e-f4da-4af7-a95f-afd58d9b4a19' with name 'v++_compile_mm2s'
Mon Mar  3 12:04:30 2025: STOP_SERVER received, server token: 900d290c-796b-471d-8d5d-0f25fb900a46, passed token: 900d290c-796b-471d-8d5d-0f25fb900a46
Mon Mar  3 12:04:30 2025: Socket received request to stop server.
Mon Mar  3 12:04:30 2025: Dispatch Server: do_await_stop
Mon Mar  3 12:04:30 2025: Dispatch Server: stopping mainFifo_
Mon Mar  3 12:04:30 2025: XCD main fifo: Stopping
Mon Mar  3 12:04:30 2025: XCD main fifo: do_read error code: Operation canceled
Mon Mar  3 12:04:30 2025: XCD main fifo: bytes_transferred: 0
Mon Mar  3 12:04:30 2025: SERVER: destructor for server bound to port 35571
Mon Mar  3 12:04:30 2025: XCD main fifo: Good unlink of /tmp/xcdmain900d290c-796b-471d-8d5d-0f25fb900a46
Mon Mar  3 12:04:30 2025: Server exiting with status 0.
Mon Mar  3 12:04:30 2025: Closing log file.
Mon Mar  3 19:05:29 2025: Running xcd server. This server was built by gradle.
Mon Mar  3 19:05:29 2025: Server was asked to start on port: '41563'
Mon Mar  3 19:05:29 2025: Server is using token UUID: 'd6f8a293-db80-4c30-8c81-49607df83176'
Mon Mar  3 19:05:29 2025: SESSION_MGR: creating session with session uuid: '6d04a3e9-ade5-4ab9-8d63-1f78fcd2ec76' and name 'default'
Mon Mar  3 19:05:29 2025: Attempting to start server on port '41563'
Mon Mar  3 19:05:29 2025: XCD main fifo: created main fifo '/tmp/xcdmaind6f8a293-db80-4c30-8c81-49607df83176', fd read = 13
Mon Mar  3 19:05:29 2025: Running Dispatch Server
Mon Mar  3 19:05:29 2025: Version 2.2.0
Mon Mar  3 19:05:31 2025: Dispatch Server: Accepted socket connection from client
Mon Mar  3 19:05:31 2025: Starting Socket connection
Mon Mar  3 19:05:31 2025: EXCHANGE_TOKEN received, server token: d6f8a293-db80-4c30-8c81-49607df83176, passed token: d6f8a293-db80-4c30-8c81-49607df83176
Mon Mar  3 19:05:31 2025: DISPATCH_HANDLER: Adding handler from function makeHandler in library libxv_system_diagram
Mon Mar  3 19:05:31 2025: SESSION_MGR: creating session with session uuid: 'bdd3a5a9-d1b6-4e9e-a53d-9c6acaaf4da9' and name 'v++_compile_mm2s'
Mon Mar  3 19:05:31 2025: KERNEL_SVC: creating session with uuid: 'bdd3a5a9-d1b6-4e9e-a53d-9c6acaaf4da9' and name 'v++_compile_mm2s'
Mon Mar  3 19:05:31 2025: GUIDANCE_SMGR: creating guidance session with uuid: 'bdd3a5a9-d1b6-4e9e-a53d-9c6acaaf4da9' and name 'v++_compile_mm2s'
Mon Mar  3 19:05:31 2025: SYSTEM_DIAGRAM: creating session with uuid: 'bdd3a5a9-d1b6-4e9e-a53d-9c6acaaf4da9' and name 'v++_compile_mm2s'
Mon Mar  3 19:05:43 2025: SESSION_MGR: closing session for UUID 'bdd3a5a9-d1b6-4e9e-a53d-9c6acaaf4da9' with name 'v++_compile_mm2s'
Mon Mar  3 19:05:43 2025: KERNEL_SVC: closing session for UUID 'bdd3a5a9-d1b6-4e9e-a53d-9c6acaaf4da9' with name 'v++_compile_mm2s'
Mon Mar  3 19:05:43 2025: GUIDANCE_SMGR: closing session for UUID 'bdd3a5a9-d1b6-4e9e-a53d-9c6acaaf4da9' with name 'v++_compile_mm2s'
Mon Mar  3 19:05:43 2025: SYSTEM_DIAGRAM: closing session for UUID 'bdd3a5a9-d1b6-4e9e-a53d-9c6acaaf4da9' with name 'v++_compile_mm2s'
Mon Mar  3 19:05:43 2025: STOP_SERVER received, server token: d6f8a293-db80-4c30-8c81-49607df83176, passed token: d6f8a293-db80-4c30-8c81-49607df83176
Mon Mar  3 19:05:43 2025: Socket received request to stop server.
Mon Mar  3 19:05:43 2025: Dispatch Server: do_await_stop
Mon Mar  3 19:05:43 2025: Dispatch Server: stopping mainFifo_
Mon Mar  3 19:05:43 2025: XCD main fifo: Stopping
Mon Mar  3 19:05:43 2025: XCD main fifo: do_read error code: Operation canceled
Mon Mar  3 19:05:43 2025: XCD main fifo: bytes_transferred: 0
Mon Mar  3 19:05:43 2025: SERVER: destructor for server bound to port 41563
Mon Mar  3 19:05:43 2025: XCD main fifo: Good unlink of /tmp/xcdmaind6f8a293-db80-4c30-8c81-49607df83176
Mon Mar  3 19:05:43 2025: Server exiting with status 0.
Mon Mar  3 19:05:43 2025: Closing log file.
