

================================================================
== Vitis HLS Report for 's2mm'
================================================================
* Date:           Mon Mar  3 19:18:33 2025

* Version:        2023.2 (Build 4023990 on Oct 11 2023)
* Project:        s2mm
* Solution:       hls (Vitis Kernel Flow Target)
* Product family: versalaicore
* Target device:  xcvc1902-vsva2197-2MP-e-S


================================================================
== Performance Estimates
================================================================
+ Timing: 
    * Summary: 
    +--------+---------+----------+------------+
    |  Clock |  Target | Estimated| Uncertainty|
    +--------+---------+----------+------------+
    |ap_clk  |  8.00 ns|  7.040 ns|     0.96 ns|
    +--------+---------+----------+------------+

+ Latency: 
    * Summary: 
    +---------+---------+----------+----------+-----+-----+---------+
    |  Latency (cycles) |  Latency (absolute) |  Interval | Pipeline|
    |   min   |   max   |    min   |    max   | min | max |   Type  |
    +---------+---------+----------+----------+-----+-----+---------+
    |        ?|        ?|         ?|         ?|    ?|    ?|       no|
    +---------+---------+----------+----------+-----+-----+---------+

    + Detail: 
        * Instance: 
        N/A

        * Loop: 
        +-------------------+---------+---------+----------+-----------+-----------+------+----------+
        |                   |  Latency (cycles) | Iteration|  Initiation Interval  | Trip |          |
        |     Loop Name     |   min   |   max   |  Latency |  achieved |   target  | Count| Pipelined|
        +-------------------+---------+---------+----------+-----------+-----------+------+----------+
        |- VITIS_LOOP_37_1  |        ?|        ?|        71|          1|          1|     ?|       yes|
        +-------------------+---------+---------+----------+-----------+-----------+------+----------+

============================================================
+ Verbose Summary: Synthesis Manager
============================================================
InlineROM: 1
ExposeGlobal: 0
============================================================
+ Verbose Summary: CDFG Model
============================================================
IsTopModel: 1
ResetActiveHigh: 1
IsCombinational: 0
IsDatapathOnly: 0
HasWiredReturn: 1
HasMFsm: 2
HasVarLatency: 1
IsPipeline: 0
IsRtlPipelined: 0
IsInstanceOverlapped: 0
IsDontTouch: 0
HasImplIP: 0
IsGatedGlobalClock: 0

+ Individual pipeline summary: 
  * Pipeline-0: initiation interval (II) = 1, depth = 71


============================================================
+ Verbose Summary: Schedule
============================================================
* Number of FSM states : 73
* Pipeline : 1
  Pipeline-0 : II = 1, D = 71, States = { 2 3 4 5 6 7 8 9 10 11 12 13 14 15 16 17 18 19 20 21 22 23 24 25 26 27 28 29 30 31 32 33 34 35 36 37 38 39 40 41 42 43 44 45 46 47 48 49 50 51 52 53 54 55 56 57 58 59 60 61 62 63 64 65 66 67 68 69 70 71 72 }
* Dataflow Pipeline: 0

* FSM state transitions: 
1 --> 2 
2 --> 73 3 
3 --> 4 
4 --> 5 
5 --> 6 
6 --> 7 
7 --> 8 
8 --> 9 
9 --> 10 
10 --> 11 
11 --> 12 
12 --> 13 
13 --> 14 
14 --> 15 
15 --> 16 
16 --> 17 
17 --> 18 
18 --> 19 
19 --> 20 
20 --> 21 
21 --> 22 
22 --> 23 
23 --> 24 
24 --> 25 
25 --> 26 
26 --> 27 
27 --> 28 
28 --> 29 
29 --> 30 
30 --> 31 
31 --> 32 
32 --> 33 
33 --> 34 
34 --> 35 
35 --> 36 
36 --> 37 
37 --> 38 
38 --> 39 
39 --> 40 
40 --> 41 
41 --> 42 
42 --> 43 
43 --> 44 
44 --> 45 
45 --> 46 
46 --> 47 
47 --> 48 
48 --> 49 
49 --> 50 
50 --> 51 
51 --> 52 
52 --> 53 
53 --> 54 
54 --> 55 
55 --> 56 
56 --> 57 
57 --> 58 
58 --> 59 
59 --> 60 
60 --> 61 
61 --> 62 
62 --> 63 
63 --> 64 
64 --> 65 
65 --> 66 
66 --> 67 
67 --> 68 
68 --> 69 
69 --> 70 
70 --> 71 
71 --> 72 
72 --> 2 
73 --> 

* FSM state operations: 

State 1 <SV = 0> <Delay = 2.29>
ST_1 : Operation 74 [1/1] (0.00ns)   --->   "%i = alloca i32 1"   --->   Operation 74 'alloca' 'i' <Predicate = true> <Delay = 0.00>
ST_1 : Operation 75 [1/1] (0.00ns)   --->   "%muxLogicCE_to_size_read = muxlogic"   --->   Operation 75 'muxlogic' 'muxLogicCE_to_size_read' <Predicate = true> <Delay = 0.00>
ST_1 : Operation 76 [1/1] (1.00ns)   --->   "%size_read = read i32 @_ssdm_op_Read.ap_none.i32, i32 %size" [/home/fran/Documentos/progra/sys_fir/fuentes/HLS/s2mm.cpp:28]   --->   Operation 76 'read' 'size_read' <Predicate = true> <Delay = 1.00> <CoreInst = "s_axilite">   --->   Core 126 's_axilite' <Latency = 0> <II = 1> <Delay = 1.00> <Adapter> <Opcode : 'read' 'write'>
ST_1 : Operation 77 [1/1] (0.00ns)   --->   "%muxLogicCE_to_mem_read = muxlogic"   --->   Operation 77 'muxlogic' 'muxLogicCE_to_mem_read' <Predicate = true> <Delay = 0.00>
ST_1 : Operation 78 [1/1] (1.00ns)   --->   "%mem_read = read i64 @_ssdm_op_Read.s_axilite.i64, i64 %mem" [/home/fran/Documentos/progra/sys_fir/fuentes/HLS/s2mm.cpp:28]   --->   Operation 78 'read' 'mem_read' <Predicate = true> <Delay = 1.00> <CoreInst = "s_axilite">   --->   Core 126 's_axilite' <Latency = 0> <II = 1> <Delay = 1.00> <Adapter> <Opcode : 'read' 'write'>
ST_1 : Operation 79 [1/1] (0.00ns)   --->   "%trunc_ln28 = trunc i32 %size_read" [/home/fran/Documentos/progra/sys_fir/fuentes/HLS/s2mm.cpp:28]   --->   Operation 79 'trunc' 'trunc_ln28' <Predicate = true> <Delay = 0.00>
ST_1 : Operation 80 [1/1] (0.00ns)   --->   "%spectopmodule_ln28 = spectopmodule void @_ssdm_op_SpecTopModule, void @empty_9" [/home/fran/Documentos/progra/sys_fir/fuentes/HLS/s2mm.cpp:28]   --->   Operation 80 'spectopmodule' 'spectopmodule_ln28' <Predicate = true> <Delay = 0.00>
ST_1 : Operation 81 [1/1] (0.00ns)   --->   "%specinterface_ln28 = specinterface void @_ssdm_op_SpecInterface, i32 0, void @empty_0, i32 0, i32 0, void @empty_3, i32 0, i32 0, void @empty_3, void @empty_3, void @empty_3, i32 0, i32 0, i32 0, i32 0, void @empty_3, void @empty_3, i32 4294967295, i32 0" [/home/fran/Documentos/progra/sys_fir/fuentes/HLS/s2mm.cpp:28]   --->   Operation 81 'specinterface' 'specinterface_ln28' <Predicate = true> <Delay = 0.00>
ST_1 : Operation 82 [1/1] (0.00ns)   --->   "%specinterface_ln0 = specinterface void @_ssdm_op_SpecInterface, i32 %gmem, void @empty_2, i32 0, i32 0, void @empty_3, i32 64, i32 0, void @empty_4, void @empty_5, void @empty_3, i32 16, i32 16, i32 16, i32 16, void @empty_3, void @empty_3, i32 4294967295, i32 0"   --->   Operation 82 'specinterface' 'specinterface_ln0' <Predicate = true> <Delay = 0.00>
ST_1 : Operation 83 [1/1] (0.00ns)   --->   "%specbitsmap_ln0 = specbitsmap void @_ssdm_op_SpecBitsMap, i32 %gmem"   --->   Operation 83 'specbitsmap' 'specbitsmap_ln0' <Predicate = true> <Delay = 0.00>
ST_1 : Operation 84 [1/1] (0.00ns)   --->   "%specinterface_ln0 = specinterface void @_ssdm_op_SpecInterface, i64 %mem, void @empty_6, i32 0, i32 0, void @empty_3, i32 0, i32 0, void @empty, void @empty_1, void @empty_3, i32 0, i32 0, i32 0, i32 0, void @empty_3, void @empty_8, i32 4294967295, i32 0"   --->   Operation 84 'specinterface' 'specinterface_ln0' <Predicate = true> <Delay = 0.00>
ST_1 : Operation 85 [1/1] (0.00ns)   --->   "%specinterface_ln0 = specinterface void @_ssdm_op_SpecInterface, i64 %mem, void @empty_11, i32 0, i32 0, void @empty_3, i32 0, i32 0, void @empty_3, void @empty_3, void @empty_3, i32 0, i32 0, i32 0, i32 0, void @empty_3, void @empty_8, i32 4294967295, i32 0"   --->   Operation 85 'specinterface' 'specinterface_ln0' <Predicate = true> <Delay = 0.00>
ST_1 : Operation 86 [1/1] (0.00ns)   --->   "%specinterface_ln0 = specinterface void @_ssdm_op_SpecInterface, i32 %s_V_data_V, i4 %s_V_keep_V, i4 %s_V_strb_V, i1 %s_V_last_V, void @empty_12, i32 1, i32 1, void @empty_13, i32 0, i32 0, void @empty_3, void @empty_3, void @empty_3, i32 0, i32 0, i32 0, i32 0, void @empty_3, void @empty_3, i32 4294967295, i32 0"   --->   Operation 86 'specinterface' 'specinterface_ln0' <Predicate = true> <Delay = 0.00>
ST_1 : Operation 87 [1/1] (0.00ns)   --->   "%specbitsmap_ln0 = specbitsmap void @_ssdm_op_SpecBitsMap, i32 %s_V_data_V"   --->   Operation 87 'specbitsmap' 'specbitsmap_ln0' <Predicate = true> <Delay = 0.00>
ST_1 : Operation 88 [1/1] (0.00ns)   --->   "%specbitsmap_ln0 = specbitsmap void @_ssdm_op_SpecBitsMap, i4 %s_V_keep_V"   --->   Operation 88 'specbitsmap' 'specbitsmap_ln0' <Predicate = true> <Delay = 0.00>
ST_1 : Operation 89 [1/1] (0.00ns)   --->   "%specbitsmap_ln0 = specbitsmap void @_ssdm_op_SpecBitsMap, i4 %s_V_strb_V"   --->   Operation 89 'specbitsmap' 'specbitsmap_ln0' <Predicate = true> <Delay = 0.00>
ST_1 : Operation 90 [1/1] (0.00ns)   --->   "%specbitsmap_ln0 = specbitsmap void @_ssdm_op_SpecBitsMap, i1 %s_V_last_V"   --->   Operation 90 'specbitsmap' 'specbitsmap_ln0' <Predicate = true> <Delay = 0.00>
ST_1 : Operation 91 [1/1] (0.00ns)   --->   "%specbitsmap_ln0 = specbitsmap void @_ssdm_op_SpecBitsMap, i32 %size"   --->   Operation 91 'specbitsmap' 'specbitsmap_ln0' <Predicate = true> <Delay = 0.00>
ST_1 : Operation 92 [1/1] (0.00ns)   --->   "%specinterface_ln0 = specinterface void @_ssdm_op_SpecInterface, i32 %size, void @empty_6, i32 0, i32 0, void @empty_3, i32 0, i32 0, void @empty, void @empty_14, void @empty_3, i32 0, i32 0, i32 0, i32 0, void @empty_3, void @empty_3, i32 4294967295, i32 0"   --->   Operation 92 'specinterface' 'specinterface_ln0' <Predicate = true> <Delay = 0.00>
ST_1 : Operation 93 [1/1] (0.00ns)   --->   "%specinterface_ln0 = specinterface void @_ssdm_op_SpecInterface, i32 %size, void @empty_15, i32 0, i32 0, void @empty_3, i32 0, i32 0, void @empty_3, void @empty_3, void @empty_3, i32 0, i32 0, i32 0, i32 0, void @empty_3, void @empty_3, i32 4294967295, i32 0"   --->   Operation 93 'specinterface' 'specinterface_ln0' <Predicate = true> <Delay = 0.00>
ST_1 : Operation 94 [1/1] (0.00ns)   --->   "%specinterface_ln0 = specinterface void @_ssdm_op_SpecInterface, i32 0, void @empty_6, i32 0, i32 0, void @empty_3, i32 0, i32 0, void @empty, void @empty_3, void @empty_3, i32 0, i32 0, i32 0, i32 0, void @empty_3, void @empty_3, i32 4294967295, i32 0"   --->   Operation 94 'specinterface' 'specinterface_ln0' <Predicate = true> <Delay = 0.00>
ST_1 : Operation 95 [1/1] (0.89ns)   --->   "%icmp_ln37 = icmp_sgt  i32 %size_read, i32 0" [/home/fran/Documentos/progra/sys_fir/fuentes/HLS/s2mm.cpp:37]   --->   Operation 95 'icmp' 'icmp_ln37' <Predicate = true> <Delay = 0.89> <CoreInst = "Cmp">   --->   Core 9 'Cmp' <Latency = 0> <II = 1> <Delay = 0.89> <FuncUnit> <Opcode : 'icmp'> <InPorts = 2> <OutPorts = 1>
ST_1 : Operation 96 [1/1] (0.00ns)   --->   "%specaxissidechannel_ln37 = specaxissidechannel void @_ssdm_op_SpecAXISSideChannel, i32 %s_V_data_V, i4 %s_V_keep_V, i4 %s_V_strb_V, i1 0, i1 %s_V_last_V, i1 0, i1 0, void @empty_7" [/home/fran/Documentos/progra/sys_fir/fuentes/HLS/s2mm.cpp:37]   --->   Operation 96 'specaxissidechannel' 'specaxissidechannel_ln37' <Predicate = true> <Delay = 0.00>
ST_1 : Operation 97 [1/1] (0.00ns)   --->   "%trunc_ln1 = partselect i62 @_ssdm_op_PartSelect.i62.i64.i32.i32, i64 %mem_read, i32 2, i32 63" [/home/fran/Documentos/progra/sys_fir/fuentes/HLS/s2mm.cpp:37]   --->   Operation 97 'partselect' 'trunc_ln1' <Predicate = true> <Delay = 0.00>
ST_1 : Operation 98 [1/1] (0.00ns)   --->   "%sext_ln37 = sext i62 %trunc_ln1" [/home/fran/Documentos/progra/sys_fir/fuentes/HLS/s2mm.cpp:37]   --->   Operation 98 'sext' 'sext_ln37' <Predicate = true> <Delay = 0.00>
ST_1 : Operation 99 [1/1] (0.00ns)   --->   "%gmem_addr = getelementptr i32 %gmem, i64 %sext_ln37" [/home/fran/Documentos/progra/sys_fir/fuentes/HLS/s2mm.cpp:37]   --->   Operation 99 'getelementptr' 'gmem_addr' <Predicate = true> <Delay = 0.00>
ST_1 : Operation 100 [1/1] (0.40ns)   --->   "%empty = select i1 %icmp_ln37, i31 %trunc_ln28, i31 0" [/home/fran/Documentos/progra/sys_fir/fuentes/HLS/s2mm.cpp:37]   --->   Operation 100 'select' 'empty' <Predicate = true> <Delay = 0.40> <CoreInst = "Sel">   --->   Core 77 'Sel' <Latency = 0> <II = 1> <Delay = 0.40> <FuncUnit> <Opcode : 'select'> <InPorts = 3> <OutPorts = 1>
ST_1 : Operation 101 [1/1] (0.00ns)   --->   "%zext_ln37 = zext i31 %empty" [/home/fran/Documentos/progra/sys_fir/fuentes/HLS/s2mm.cpp:37]   --->   Operation 101 'zext' 'zext_ln37' <Predicate = true> <Delay = 0.00>
ST_1 : Operation 102 [1/1] (0.00ns)   --->   "%muxLogicData_to_store_ln0 = muxlogic i31 0"   --->   Operation 102 'muxlogic' 'muxLogicData_to_store_ln0' <Predicate = true> <Delay = 0.00>
ST_1 : Operation 103 [1/1] (0.00ns)   --->   "%muxLogicAddr_to_store_ln0 = muxlogic i31 %i"   --->   Operation 103 'muxlogic' 'muxLogicAddr_to_store_ln0' <Predicate = true> <Delay = 0.00>
ST_1 : Operation 104 [1/1] (0.46ns)   --->   "%store_ln0 = store i31 0, i31 %i"   --->   Operation 104 'store' 'store_ln0' <Predicate = true> <Delay = 0.46>
ST_1 : Operation 105 [1/1] (0.33ns)   --->   "%br_ln37 = br void %for.inc" [/home/fran/Documentos/progra/sys_fir/fuentes/HLS/s2mm.cpp:37]   --->   Operation 105 'br' 'br_ln37' <Predicate = true> <Delay = 0.33>

State 2 <SV = 1> <Delay = 1.89>
ST_2 : Operation 106 [1/1] (0.00ns)   --->   "%first_iter_0 = phi i1 0, void %new.latch.for.inc.split, i1 1, void %entry"   --->   Operation 106 'phi' 'first_iter_0' <Predicate = true> <Delay = 0.00>
ST_2 : Operation 107 [1/1] (0.00ns)   --->   "%MuxLogicAddr_to_i_load = muxlogic i31 %i"   --->   Operation 107 'muxlogic' 'MuxLogicAddr_to_i_load' <Predicate = true> <Delay = 0.00>
ST_2 : Operation 108 [1/1] (0.00ns)   --->   "%i_load = load i31 %i" [/home/fran/Documentos/progra/sys_fir/fuentes/HLS/s2mm.cpp:37]   --->   Operation 108 'load' 'i_load' <Predicate = true> <Delay = 0.00>
ST_2 : Operation 109 [1/1] (0.00ns)   --->   "%zext_ln37_1 = zext i31 %i_load" [/home/fran/Documentos/progra/sys_fir/fuentes/HLS/s2mm.cpp:37]   --->   Operation 109 'zext' 'zext_ln37_1' <Predicate = true> <Delay = 0.00>
ST_2 : Operation 110 [1/1] (0.89ns)   --->   "%icmp_ln37_1 = icmp_slt  i32 %zext_ln37_1, i32 %size_read" [/home/fran/Documentos/progra/sys_fir/fuentes/HLS/s2mm.cpp:37]   --->   Operation 110 'icmp' 'icmp_ln37_1' <Predicate = true> <Delay = 0.89> <CoreInst = "Cmp">   --->   Core 9 'Cmp' <Latency = 0> <II = 1> <Delay = 0.89> <FuncUnit> <Opcode : 'icmp'> <InPorts = 2> <OutPorts = 1>
ST_2 : Operation 111 [1/1] (0.89ns)   --->   "%add_ln37 = add i32 %zext_ln37_1, i32 1" [/home/fran/Documentos/progra/sys_fir/fuentes/HLS/s2mm.cpp:37]   --->   Operation 111 'add' 'add_ln37' <Predicate = true> <Delay = 0.89> <CoreInst = "Adder">   --->   Core 1 'Adder' <Latency = 0> <II = 1> <Delay = 0.89> <FuncUnit> <Opcode : 'add' 'sub'> <InPorts = 2> <OutPorts = 1>
ST_2 : Operation 112 [1/1] (0.00ns)   --->   "%trunc_ln37 = trunc i32 %add_ln37" [/home/fran/Documentos/progra/sys_fir/fuentes/HLS/s2mm.cpp:37]   --->   Operation 112 'trunc' 'trunc_ln37' <Predicate = true> <Delay = 0.00>
ST_2 : Operation 113 [1/1] (0.00ns)   --->   "%br_ln37 = br i1 %icmp_ln37_1, void %for.end.loopexit, void %new.body.for.inc" [/home/fran/Documentos/progra/sys_fir/fuentes/HLS/s2mm.cpp:37]   --->   Operation 113 'br' 'br_ln37' <Predicate = true> <Delay = 0.00>
ST_2 : Operation 114 [1/1] (0.00ns)   --->   "%br_ln37 = br i1 %first_iter_0, void %for.inc.split, void %for.first.iter.for.inc" [/home/fran/Documentos/progra/sys_fir/fuentes/HLS/s2mm.cpp:37]   --->   Operation 114 'br' 'br_ln37' <Predicate = (icmp_ln37_1)> <Delay = 0.00>
ST_2 : Operation 115 [1/1] (0.00ns)   --->   "%muxLogicCE_to_empty_21 = muxlogic"   --->   Operation 115 'muxlogic' 'muxLogicCE_to_empty_21' <Predicate = (icmp_ln37_1)> <Delay = 0.00>
ST_2 : Operation 116 [1/1] (1.00ns)   --->   "%empty_21 = read i41 @_ssdm_op_Read.axis.volatile.i32P0A.i4P0A.i4P0A.i1P0A, i32 %s_V_data_V, i4 %s_V_keep_V, i4 %s_V_strb_V, i1 %s_V_last_V" [/home/fran/Documentos/progra/sys_fir/fuentes/HLS/s2mm.cpp:39]   --->   Operation 116 'read' 'empty_21' <Predicate = (icmp_ln37_1)> <Delay = 1.00> <CoreInst = "axis">   --->   Core 127 'axis' <Latency = 0> <II = 1> <Delay = 1.00> <Adapter> <Opcode : 'read' 'write'>
ST_2 : Operation 117 [1/1] (0.00ns)   --->   "%x_data = extractvalue i41 %empty_21" [/home/fran/Documentos/progra/sys_fir/fuentes/HLS/s2mm.cpp:39]   --->   Operation 117 'extractvalue' 'x_data' <Predicate = (icmp_ln37_1)> <Delay = 0.00>
ST_2 : Operation 118 [1/1] (0.89ns)   --->   "%icmp_ln37_2 = icmp_slt  i32 %add_ln37, i32 %size_read" [/home/fran/Documentos/progra/sys_fir/fuentes/HLS/s2mm.cpp:37]   --->   Operation 118 'icmp' 'icmp_ln37_2' <Predicate = (icmp_ln37_1)> <Delay = 0.89> <CoreInst = "Cmp">   --->   Core 9 'Cmp' <Latency = 0> <II = 1> <Delay = 0.89> <FuncUnit> <Opcode : 'icmp'> <InPorts = 2> <OutPorts = 1>
ST_2 : Operation 119 [1/1] (0.00ns)   --->   "%br_ln37 = br i1 %icmp_ln37_2, void %last.iter.for.inc.split, void %new.latch.for.inc.split" [/home/fran/Documentos/progra/sys_fir/fuentes/HLS/s2mm.cpp:37]   --->   Operation 119 'br' 'br_ln37' <Predicate = (icmp_ln37_1)> <Delay = 0.00>
ST_2 : Operation 120 [1/1] (0.00ns)   --->   "%muxLogicData_to_store_ln37 = muxlogic i31 %trunc_ln37"   --->   Operation 120 'muxlogic' 'muxLogicData_to_store_ln37' <Predicate = (icmp_ln37_1)> <Delay = 0.00>
ST_2 : Operation 121 [1/1] (0.00ns)   --->   "%muxLogicAddr_to_store_ln37 = muxlogic i31 %i"   --->   Operation 121 'muxlogic' 'muxLogicAddr_to_store_ln37' <Predicate = (icmp_ln37_1)> <Delay = 0.00>
ST_2 : Operation 122 [1/1] (0.46ns)   --->   "%store_ln37 = store i31 %trunc_ln37, i31 %i" [/home/fran/Documentos/progra/sys_fir/fuentes/HLS/s2mm.cpp:37]   --->   Operation 122 'store' 'store_ln37' <Predicate = (icmp_ln37_1)> <Delay = 0.46>
ST_2 : Operation 123 [1/1] (0.00ns)   --->   "%br_ln37 = br void %for.inc" [/home/fran/Documentos/progra/sys_fir/fuentes/HLS/s2mm.cpp:37]   --->   Operation 123 'br' 'br_ln37' <Predicate = (icmp_ln37_1)> <Delay = 0.00>

State 3 <SV = 2> <Delay = 1.00>
ST_3 : Operation 124 [1/1] (1.00ns)   --->   "%empty_20 = writereq i1 @_ssdm_op_WriteReq.m_axi.p1i32, i32 %gmem_addr, i32 %zext_ln37" [/home/fran/Documentos/progra/sys_fir/fuentes/HLS/s2mm.cpp:37]   --->   Operation 124 'writereq' 'empty_20' <Predicate = (first_iter_0)> <Delay = 1.00> <CoreInst = "m_axi">   --->   Core 125 'm_axi' <Latency = 0> <II = 1> <Delay = 1.00> <Adapter> <Opcode : 'read' 'write' 'readreq' 'writereq' 'writeresp'>
ST_3 : Operation 125 [1/1] (0.00ns)   --->   "%br_ln37 = br void %for.inc.split" [/home/fran/Documentos/progra/sys_fir/fuentes/HLS/s2mm.cpp:37]   --->   Operation 125 'br' 'br_ln37' <Predicate = (first_iter_0)> <Delay = 0.00>

State 4 <SV = 3> <Delay = 1.00>
ST_4 : Operation 126 [1/1] (0.00ns)   --->   "%specpipeline_ln38 = specpipeline void @_ssdm_op_SpecPipeline, i32 1, i32 0, i32 0, i32 0, void @empty_3" [/home/fran/Documentos/progra/sys_fir/fuentes/HLS/s2mm.cpp:38]   --->   Operation 126 'specpipeline' 'specpipeline_ln38' <Predicate = true> <Delay = 0.00>
ST_4 : Operation 127 [1/1] (0.00ns)   --->   "%specloopname_ln37 = specloopname void @_ssdm_op_SpecLoopName, void @empty_10" [/home/fran/Documentos/progra/sys_fir/fuentes/HLS/s2mm.cpp:37]   --->   Operation 127 'specloopname' 'specloopname_ln37' <Predicate = true> <Delay = 0.00>
ST_4 : Operation 128 [1/1] (0.00ns)   --->   "%muxLogicData_to_write_ln40 = muxlogic i32 %x_data"   --->   Operation 128 'muxlogic' 'muxLogicData_to_write_ln40' <Predicate = true> <Delay = 0.00>
ST_4 : Operation 129 [1/1] (1.00ns)   --->   "%write_ln40 = write void @_ssdm_op_Write.m_axi.p1i32, i32 %gmem_addr, i32 %x_data, i4 15" [/home/fran/Documentos/progra/sys_fir/fuentes/HLS/s2mm.cpp:40]   --->   Operation 129 'write' 'write_ln40' <Predicate = true> <Delay = 1.00> <CoreInst = "m_axi">   --->   Core 125 'm_axi' <Latency = 0> <II = 1> <Delay = 1.00> <Adapter> <Opcode : 'read' 'write' 'readreq' 'writereq' 'writeresp'>

State 5 <SV = 4> <Delay = 1.00>
ST_5 : Operation 130 [68/68] (1.00ns)   --->   "%empty_22 = writeresp i1 @_ssdm_op_WriteResp.m_axi.p1i32, i32 %gmem_addr" [/home/fran/Documentos/progra/sys_fir/fuentes/HLS/s2mm.cpp:43]   --->   Operation 130 'writeresp' 'empty_22' <Predicate = (!icmp_ln37_2)> <Delay = 1.00> <CoreInst = "m_axi">   --->   Core 125 'm_axi' <Latency = 0> <II = 1> <Delay = 1.00> <Adapter> <Opcode : 'read' 'write' 'readreq' 'writereq' 'writeresp'>

State 6 <SV = 5> <Delay = 7.04>
ST_6 : Operation 131 [67/68] (7.04ns)   --->   "%empty_22 = writeresp i1 @_ssdm_op_WriteResp.m_axi.p1i32, i32 %gmem_addr" [/home/fran/Documentos/progra/sys_fir/fuentes/HLS/s2mm.cpp:43]   --->   Operation 131 'writeresp' 'empty_22' <Predicate = (!icmp_ln37_2)> <Delay = 7.04> <CoreInst = "m_axi">   --->   Core 125 'm_axi' <Latency = 0> <II = 1> <Delay = 1.00> <Adapter> <Opcode : 'read' 'write' 'readreq' 'writereq' 'writeresp'>

State 7 <SV = 6> <Delay = 7.04>
ST_7 : Operation 132 [66/68] (7.04ns)   --->   "%empty_22 = writeresp i1 @_ssdm_op_WriteResp.m_axi.p1i32, i32 %gmem_addr" [/home/fran/Documentos/progra/sys_fir/fuentes/HLS/s2mm.cpp:43]   --->   Operation 132 'writeresp' 'empty_22' <Predicate = (!icmp_ln37_2)> <Delay = 7.04> <CoreInst = "m_axi">   --->   Core 125 'm_axi' <Latency = 0> <II = 1> <Delay = 1.00> <Adapter> <Opcode : 'read' 'write' 'readreq' 'writereq' 'writeresp'>

State 8 <SV = 7> <Delay = 7.04>
ST_8 : Operation 133 [65/68] (7.04ns)   --->   "%empty_22 = writeresp i1 @_ssdm_op_WriteResp.m_axi.p1i32, i32 %gmem_addr" [/home/fran/Documentos/progra/sys_fir/fuentes/HLS/s2mm.cpp:43]   --->   Operation 133 'writeresp' 'empty_22' <Predicate = (!icmp_ln37_2)> <Delay = 7.04> <CoreInst = "m_axi">   --->   Core 125 'm_axi' <Latency = 0> <II = 1> <Delay = 1.00> <Adapter> <Opcode : 'read' 'write' 'readreq' 'writereq' 'writeresp'>

State 9 <SV = 8> <Delay = 7.04>
ST_9 : Operation 134 [64/68] (7.04ns)   --->   "%empty_22 = writeresp i1 @_ssdm_op_WriteResp.m_axi.p1i32, i32 %gmem_addr" [/home/fran/Documentos/progra/sys_fir/fuentes/HLS/s2mm.cpp:43]   --->   Operation 134 'writeresp' 'empty_22' <Predicate = (!icmp_ln37_2)> <Delay = 7.04> <CoreInst = "m_axi">   --->   Core 125 'm_axi' <Latency = 0> <II = 1> <Delay = 1.00> <Adapter> <Opcode : 'read' 'write' 'readreq' 'writereq' 'writeresp'>

State 10 <SV = 9> <Delay = 7.04>
ST_10 : Operation 135 [63/68] (7.04ns)   --->   "%empty_22 = writeresp i1 @_ssdm_op_WriteResp.m_axi.p1i32, i32 %gmem_addr" [/home/fran/Documentos/progra/sys_fir/fuentes/HLS/s2mm.cpp:43]   --->   Operation 135 'writeresp' 'empty_22' <Predicate = (!icmp_ln37_2)> <Delay = 7.04> <CoreInst = "m_axi">   --->   Core 125 'm_axi' <Latency = 0> <II = 1> <Delay = 1.00> <Adapter> <Opcode : 'read' 'write' 'readreq' 'writereq' 'writeresp'>

State 11 <SV = 10> <Delay = 7.04>
ST_11 : Operation 136 [62/68] (7.04ns)   --->   "%empty_22 = writeresp i1 @_ssdm_op_WriteResp.m_axi.p1i32, i32 %gmem_addr" [/home/fran/Documentos/progra/sys_fir/fuentes/HLS/s2mm.cpp:43]   --->   Operation 136 'writeresp' 'empty_22' <Predicate = (!icmp_ln37_2)> <Delay = 7.04> <CoreInst = "m_axi">   --->   Core 125 'm_axi' <Latency = 0> <II = 1> <Delay = 1.00> <Adapter> <Opcode : 'read' 'write' 'readreq' 'writereq' 'writeresp'>

State 12 <SV = 11> <Delay = 7.04>
ST_12 : Operation 137 [61/68] (7.04ns)   --->   "%empty_22 = writeresp i1 @_ssdm_op_WriteResp.m_axi.p1i32, i32 %gmem_addr" [/home/fran/Documentos/progra/sys_fir/fuentes/HLS/s2mm.cpp:43]   --->   Operation 137 'writeresp' 'empty_22' <Predicate = (!icmp_ln37_2)> <Delay = 7.04> <CoreInst = "m_axi">   --->   Core 125 'm_axi' <Latency = 0> <II = 1> <Delay = 1.00> <Adapter> <Opcode : 'read' 'write' 'readreq' 'writereq' 'writeresp'>

State 13 <SV = 12> <Delay = 7.04>
ST_13 : Operation 138 [60/68] (7.04ns)   --->   "%empty_22 = writeresp i1 @_ssdm_op_WriteResp.m_axi.p1i32, i32 %gmem_addr" [/home/fran/Documentos/progra/sys_fir/fuentes/HLS/s2mm.cpp:43]   --->   Operation 138 'writeresp' 'empty_22' <Predicate = (!icmp_ln37_2)> <Delay = 7.04> <CoreInst = "m_axi">   --->   Core 125 'm_axi' <Latency = 0> <II = 1> <Delay = 1.00> <Adapter> <Opcode : 'read' 'write' 'readreq' 'writereq' 'writeresp'>

State 14 <SV = 13> <Delay = 7.04>
ST_14 : Operation 139 [59/68] (7.04ns)   --->   "%empty_22 = writeresp i1 @_ssdm_op_WriteResp.m_axi.p1i32, i32 %gmem_addr" [/home/fran/Documentos/progra/sys_fir/fuentes/HLS/s2mm.cpp:43]   --->   Operation 139 'writeresp' 'empty_22' <Predicate = (!icmp_ln37_2)> <Delay = 7.04> <CoreInst = "m_axi">   --->   Core 125 'm_axi' <Latency = 0> <II = 1> <Delay = 1.00> <Adapter> <Opcode : 'read' 'write' 'readreq' 'writereq' 'writeresp'>

State 15 <SV = 14> <Delay = 7.04>
ST_15 : Operation 140 [58/68] (7.04ns)   --->   "%empty_22 = writeresp i1 @_ssdm_op_WriteResp.m_axi.p1i32, i32 %gmem_addr" [/home/fran/Documentos/progra/sys_fir/fuentes/HLS/s2mm.cpp:43]   --->   Operation 140 'writeresp' 'empty_22' <Predicate = (!icmp_ln37_2)> <Delay = 7.04> <CoreInst = "m_axi">   --->   Core 125 'm_axi' <Latency = 0> <II = 1> <Delay = 1.00> <Adapter> <Opcode : 'read' 'write' 'readreq' 'writereq' 'writeresp'>

State 16 <SV = 15> <Delay = 7.04>
ST_16 : Operation 141 [57/68] (7.04ns)   --->   "%empty_22 = writeresp i1 @_ssdm_op_WriteResp.m_axi.p1i32, i32 %gmem_addr" [/home/fran/Documentos/progra/sys_fir/fuentes/HLS/s2mm.cpp:43]   --->   Operation 141 'writeresp' 'empty_22' <Predicate = (!icmp_ln37_2)> <Delay = 7.04> <CoreInst = "m_axi">   --->   Core 125 'm_axi' <Latency = 0> <II = 1> <Delay = 1.00> <Adapter> <Opcode : 'read' 'write' 'readreq' 'writereq' 'writeresp'>

State 17 <SV = 16> <Delay = 7.04>
ST_17 : Operation 142 [56/68] (7.04ns)   --->   "%empty_22 = writeresp i1 @_ssdm_op_WriteResp.m_axi.p1i32, i32 %gmem_addr" [/home/fran/Documentos/progra/sys_fir/fuentes/HLS/s2mm.cpp:43]   --->   Operation 142 'writeresp' 'empty_22' <Predicate = (!icmp_ln37_2)> <Delay = 7.04> <CoreInst = "m_axi">   --->   Core 125 'm_axi' <Latency = 0> <II = 1> <Delay = 1.00> <Adapter> <Opcode : 'read' 'write' 'readreq' 'writereq' 'writeresp'>

State 18 <SV = 17> <Delay = 7.04>
ST_18 : Operation 143 [55/68] (7.04ns)   --->   "%empty_22 = writeresp i1 @_ssdm_op_WriteResp.m_axi.p1i32, i32 %gmem_addr" [/home/fran/Documentos/progra/sys_fir/fuentes/HLS/s2mm.cpp:43]   --->   Operation 143 'writeresp' 'empty_22' <Predicate = (!icmp_ln37_2)> <Delay = 7.04> <CoreInst = "m_axi">   --->   Core 125 'm_axi' <Latency = 0> <II = 1> <Delay = 1.00> <Adapter> <Opcode : 'read' 'write' 'readreq' 'writereq' 'writeresp'>

State 19 <SV = 18> <Delay = 7.04>
ST_19 : Operation 144 [54/68] (7.04ns)   --->   "%empty_22 = writeresp i1 @_ssdm_op_WriteResp.m_axi.p1i32, i32 %gmem_addr" [/home/fran/Documentos/progra/sys_fir/fuentes/HLS/s2mm.cpp:43]   --->   Operation 144 'writeresp' 'empty_22' <Predicate = (!icmp_ln37_2)> <Delay = 7.04> <CoreInst = "m_axi">   --->   Core 125 'm_axi' <Latency = 0> <II = 1> <Delay = 1.00> <Adapter> <Opcode : 'read' 'write' 'readreq' 'writereq' 'writeresp'>

State 20 <SV = 19> <Delay = 7.04>
ST_20 : Operation 145 [53/68] (7.04ns)   --->   "%empty_22 = writeresp i1 @_ssdm_op_WriteResp.m_axi.p1i32, i32 %gmem_addr" [/home/fran/Documentos/progra/sys_fir/fuentes/HLS/s2mm.cpp:43]   --->   Operation 145 'writeresp' 'empty_22' <Predicate = (!icmp_ln37_2)> <Delay = 7.04> <CoreInst = "m_axi">   --->   Core 125 'm_axi' <Latency = 0> <II = 1> <Delay = 1.00> <Adapter> <Opcode : 'read' 'write' 'readreq' 'writereq' 'writeresp'>

State 21 <SV = 20> <Delay = 7.04>
ST_21 : Operation 146 [52/68] (7.04ns)   --->   "%empty_22 = writeresp i1 @_ssdm_op_WriteResp.m_axi.p1i32, i32 %gmem_addr" [/home/fran/Documentos/progra/sys_fir/fuentes/HLS/s2mm.cpp:43]   --->   Operation 146 'writeresp' 'empty_22' <Predicate = (!icmp_ln37_2)> <Delay = 7.04> <CoreInst = "m_axi">   --->   Core 125 'm_axi' <Latency = 0> <II = 1> <Delay = 1.00> <Adapter> <Opcode : 'read' 'write' 'readreq' 'writereq' 'writeresp'>

State 22 <SV = 21> <Delay = 7.04>
ST_22 : Operation 147 [51/68] (7.04ns)   --->   "%empty_22 = writeresp i1 @_ssdm_op_WriteResp.m_axi.p1i32, i32 %gmem_addr" [/home/fran/Documentos/progra/sys_fir/fuentes/HLS/s2mm.cpp:43]   --->   Operation 147 'writeresp' 'empty_22' <Predicate = (!icmp_ln37_2)> <Delay = 7.04> <CoreInst = "m_axi">   --->   Core 125 'm_axi' <Latency = 0> <II = 1> <Delay = 1.00> <Adapter> <Opcode : 'read' 'write' 'readreq' 'writereq' 'writeresp'>

State 23 <SV = 22> <Delay = 7.04>
ST_23 : Operation 148 [50/68] (7.04ns)   --->   "%empty_22 = writeresp i1 @_ssdm_op_WriteResp.m_axi.p1i32, i32 %gmem_addr" [/home/fran/Documentos/progra/sys_fir/fuentes/HLS/s2mm.cpp:43]   --->   Operation 148 'writeresp' 'empty_22' <Predicate = (!icmp_ln37_2)> <Delay = 7.04> <CoreInst = "m_axi">   --->   Core 125 'm_axi' <Latency = 0> <II = 1> <Delay = 1.00> <Adapter> <Opcode : 'read' 'write' 'readreq' 'writereq' 'writeresp'>

State 24 <SV = 23> <Delay = 7.04>
ST_24 : Operation 149 [49/68] (7.04ns)   --->   "%empty_22 = writeresp i1 @_ssdm_op_WriteResp.m_axi.p1i32, i32 %gmem_addr" [/home/fran/Documentos/progra/sys_fir/fuentes/HLS/s2mm.cpp:43]   --->   Operation 149 'writeresp' 'empty_22' <Predicate = (!icmp_ln37_2)> <Delay = 7.04> <CoreInst = "m_axi">   --->   Core 125 'm_axi' <Latency = 0> <II = 1> <Delay = 1.00> <Adapter> <Opcode : 'read' 'write' 'readreq' 'writereq' 'writeresp'>

State 25 <SV = 24> <Delay = 7.04>
ST_25 : Operation 150 [48/68] (7.04ns)   --->   "%empty_22 = writeresp i1 @_ssdm_op_WriteResp.m_axi.p1i32, i32 %gmem_addr" [/home/fran/Documentos/progra/sys_fir/fuentes/HLS/s2mm.cpp:43]   --->   Operation 150 'writeresp' 'empty_22' <Predicate = (!icmp_ln37_2)> <Delay = 7.04> <CoreInst = "m_axi">   --->   Core 125 'm_axi' <Latency = 0> <II = 1> <Delay = 1.00> <Adapter> <Opcode : 'read' 'write' 'readreq' 'writereq' 'writeresp'>

State 26 <SV = 25> <Delay = 7.04>
ST_26 : Operation 151 [47/68] (7.04ns)   --->   "%empty_22 = writeresp i1 @_ssdm_op_WriteResp.m_axi.p1i32, i32 %gmem_addr" [/home/fran/Documentos/progra/sys_fir/fuentes/HLS/s2mm.cpp:43]   --->   Operation 151 'writeresp' 'empty_22' <Predicate = (!icmp_ln37_2)> <Delay = 7.04> <CoreInst = "m_axi">   --->   Core 125 'm_axi' <Latency = 0> <II = 1> <Delay = 1.00> <Adapter> <Opcode : 'read' 'write' 'readreq' 'writereq' 'writeresp'>

State 27 <SV = 26> <Delay = 7.04>
ST_27 : Operation 152 [46/68] (7.04ns)   --->   "%empty_22 = writeresp i1 @_ssdm_op_WriteResp.m_axi.p1i32, i32 %gmem_addr" [/home/fran/Documentos/progra/sys_fir/fuentes/HLS/s2mm.cpp:43]   --->   Operation 152 'writeresp' 'empty_22' <Predicate = (!icmp_ln37_2)> <Delay = 7.04> <CoreInst = "m_axi">   --->   Core 125 'm_axi' <Latency = 0> <II = 1> <Delay = 1.00> <Adapter> <Opcode : 'read' 'write' 'readreq' 'writereq' 'writeresp'>

State 28 <SV = 27> <Delay = 7.04>
ST_28 : Operation 153 [45/68] (7.04ns)   --->   "%empty_22 = writeresp i1 @_ssdm_op_WriteResp.m_axi.p1i32, i32 %gmem_addr" [/home/fran/Documentos/progra/sys_fir/fuentes/HLS/s2mm.cpp:43]   --->   Operation 153 'writeresp' 'empty_22' <Predicate = (!icmp_ln37_2)> <Delay = 7.04> <CoreInst = "m_axi">   --->   Core 125 'm_axi' <Latency = 0> <II = 1> <Delay = 1.00> <Adapter> <Opcode : 'read' 'write' 'readreq' 'writereq' 'writeresp'>

State 29 <SV = 28> <Delay = 7.04>
ST_29 : Operation 154 [44/68] (7.04ns)   --->   "%empty_22 = writeresp i1 @_ssdm_op_WriteResp.m_axi.p1i32, i32 %gmem_addr" [/home/fran/Documentos/progra/sys_fir/fuentes/HLS/s2mm.cpp:43]   --->   Operation 154 'writeresp' 'empty_22' <Predicate = (!icmp_ln37_2)> <Delay = 7.04> <CoreInst = "m_axi">   --->   Core 125 'm_axi' <Latency = 0> <II = 1> <Delay = 1.00> <Adapter> <Opcode : 'read' 'write' 'readreq' 'writereq' 'writeresp'>

State 30 <SV = 29> <Delay = 7.04>
ST_30 : Operation 155 [43/68] (7.04ns)   --->   "%empty_22 = writeresp i1 @_ssdm_op_WriteResp.m_axi.p1i32, i32 %gmem_addr" [/home/fran/Documentos/progra/sys_fir/fuentes/HLS/s2mm.cpp:43]   --->   Operation 155 'writeresp' 'empty_22' <Predicate = (!icmp_ln37_2)> <Delay = 7.04> <CoreInst = "m_axi">   --->   Core 125 'm_axi' <Latency = 0> <II = 1> <Delay = 1.00> <Adapter> <Opcode : 'read' 'write' 'readreq' 'writereq' 'writeresp'>

State 31 <SV = 30> <Delay = 7.04>
ST_31 : Operation 156 [42/68] (7.04ns)   --->   "%empty_22 = writeresp i1 @_ssdm_op_WriteResp.m_axi.p1i32, i32 %gmem_addr" [/home/fran/Documentos/progra/sys_fir/fuentes/HLS/s2mm.cpp:43]   --->   Operation 156 'writeresp' 'empty_22' <Predicate = (!icmp_ln37_2)> <Delay = 7.04> <CoreInst = "m_axi">   --->   Core 125 'm_axi' <Latency = 0> <II = 1> <Delay = 1.00> <Adapter> <Opcode : 'read' 'write' 'readreq' 'writereq' 'writeresp'>

State 32 <SV = 31> <Delay = 7.04>
ST_32 : Operation 157 [41/68] (7.04ns)   --->   "%empty_22 = writeresp i1 @_ssdm_op_WriteResp.m_axi.p1i32, i32 %gmem_addr" [/home/fran/Documentos/progra/sys_fir/fuentes/HLS/s2mm.cpp:43]   --->   Operation 157 'writeresp' 'empty_22' <Predicate = (!icmp_ln37_2)> <Delay = 7.04> <CoreInst = "m_axi">   --->   Core 125 'm_axi' <Latency = 0> <II = 1> <Delay = 1.00> <Adapter> <Opcode : 'read' 'write' 'readreq' 'writereq' 'writeresp'>

State 33 <SV = 32> <Delay = 7.04>
ST_33 : Operation 158 [40/68] (7.04ns)   --->   "%empty_22 = writeresp i1 @_ssdm_op_WriteResp.m_axi.p1i32, i32 %gmem_addr" [/home/fran/Documentos/progra/sys_fir/fuentes/HLS/s2mm.cpp:43]   --->   Operation 158 'writeresp' 'empty_22' <Predicate = (!icmp_ln37_2)> <Delay = 7.04> <CoreInst = "m_axi">   --->   Core 125 'm_axi' <Latency = 0> <II = 1> <Delay = 1.00> <Adapter> <Opcode : 'read' 'write' 'readreq' 'writereq' 'writeresp'>

State 34 <SV = 33> <Delay = 7.04>
ST_34 : Operation 159 [39/68] (7.04ns)   --->   "%empty_22 = writeresp i1 @_ssdm_op_WriteResp.m_axi.p1i32, i32 %gmem_addr" [/home/fran/Documentos/progra/sys_fir/fuentes/HLS/s2mm.cpp:43]   --->   Operation 159 'writeresp' 'empty_22' <Predicate = (!icmp_ln37_2)> <Delay = 7.04> <CoreInst = "m_axi">   --->   Core 125 'm_axi' <Latency = 0> <II = 1> <Delay = 1.00> <Adapter> <Opcode : 'read' 'write' 'readreq' 'writereq' 'writeresp'>

State 35 <SV = 34> <Delay = 7.04>
ST_35 : Operation 160 [38/68] (7.04ns)   --->   "%empty_22 = writeresp i1 @_ssdm_op_WriteResp.m_axi.p1i32, i32 %gmem_addr" [/home/fran/Documentos/progra/sys_fir/fuentes/HLS/s2mm.cpp:43]   --->   Operation 160 'writeresp' 'empty_22' <Predicate = (!icmp_ln37_2)> <Delay = 7.04> <CoreInst = "m_axi">   --->   Core 125 'm_axi' <Latency = 0> <II = 1> <Delay = 1.00> <Adapter> <Opcode : 'read' 'write' 'readreq' 'writereq' 'writeresp'>

State 36 <SV = 35> <Delay = 7.04>
ST_36 : Operation 161 [37/68] (7.04ns)   --->   "%empty_22 = writeresp i1 @_ssdm_op_WriteResp.m_axi.p1i32, i32 %gmem_addr" [/home/fran/Documentos/progra/sys_fir/fuentes/HLS/s2mm.cpp:43]   --->   Operation 161 'writeresp' 'empty_22' <Predicate = (!icmp_ln37_2)> <Delay = 7.04> <CoreInst = "m_axi">   --->   Core 125 'm_axi' <Latency = 0> <II = 1> <Delay = 1.00> <Adapter> <Opcode : 'read' 'write' 'readreq' 'writereq' 'writeresp'>

State 37 <SV = 36> <Delay = 7.04>
ST_37 : Operation 162 [36/68] (7.04ns)   --->   "%empty_22 = writeresp i1 @_ssdm_op_WriteResp.m_axi.p1i32, i32 %gmem_addr" [/home/fran/Documentos/progra/sys_fir/fuentes/HLS/s2mm.cpp:43]   --->   Operation 162 'writeresp' 'empty_22' <Predicate = (!icmp_ln37_2)> <Delay = 7.04> <CoreInst = "m_axi">   --->   Core 125 'm_axi' <Latency = 0> <II = 1> <Delay = 1.00> <Adapter> <Opcode : 'read' 'write' 'readreq' 'writereq' 'writeresp'>

State 38 <SV = 37> <Delay = 7.04>
ST_38 : Operation 163 [35/68] (7.04ns)   --->   "%empty_22 = writeresp i1 @_ssdm_op_WriteResp.m_axi.p1i32, i32 %gmem_addr" [/home/fran/Documentos/progra/sys_fir/fuentes/HLS/s2mm.cpp:43]   --->   Operation 163 'writeresp' 'empty_22' <Predicate = (!icmp_ln37_2)> <Delay = 7.04> <CoreInst = "m_axi">   --->   Core 125 'm_axi' <Latency = 0> <II = 1> <Delay = 1.00> <Adapter> <Opcode : 'read' 'write' 'readreq' 'writereq' 'writeresp'>

State 39 <SV = 38> <Delay = 7.04>
ST_39 : Operation 164 [34/68] (7.04ns)   --->   "%empty_22 = writeresp i1 @_ssdm_op_WriteResp.m_axi.p1i32, i32 %gmem_addr" [/home/fran/Documentos/progra/sys_fir/fuentes/HLS/s2mm.cpp:43]   --->   Operation 164 'writeresp' 'empty_22' <Predicate = (!icmp_ln37_2)> <Delay = 7.04> <CoreInst = "m_axi">   --->   Core 125 'm_axi' <Latency = 0> <II = 1> <Delay = 1.00> <Adapter> <Opcode : 'read' 'write' 'readreq' 'writereq' 'writeresp'>

State 40 <SV = 39> <Delay = 7.04>
ST_40 : Operation 165 [33/68] (7.04ns)   --->   "%empty_22 = writeresp i1 @_ssdm_op_WriteResp.m_axi.p1i32, i32 %gmem_addr" [/home/fran/Documentos/progra/sys_fir/fuentes/HLS/s2mm.cpp:43]   --->   Operation 165 'writeresp' 'empty_22' <Predicate = (!icmp_ln37_2)> <Delay = 7.04> <CoreInst = "m_axi">   --->   Core 125 'm_axi' <Latency = 0> <II = 1> <Delay = 1.00> <Adapter> <Opcode : 'read' 'write' 'readreq' 'writereq' 'writeresp'>

State 41 <SV = 40> <Delay = 7.04>
ST_41 : Operation 166 [32/68] (7.04ns)   --->   "%empty_22 = writeresp i1 @_ssdm_op_WriteResp.m_axi.p1i32, i32 %gmem_addr" [/home/fran/Documentos/progra/sys_fir/fuentes/HLS/s2mm.cpp:43]   --->   Operation 166 'writeresp' 'empty_22' <Predicate = (!icmp_ln37_2)> <Delay = 7.04> <CoreInst = "m_axi">   --->   Core 125 'm_axi' <Latency = 0> <II = 1> <Delay = 1.00> <Adapter> <Opcode : 'read' 'write' 'readreq' 'writereq' 'writeresp'>

State 42 <SV = 41> <Delay = 7.04>
ST_42 : Operation 167 [31/68] (7.04ns)   --->   "%empty_22 = writeresp i1 @_ssdm_op_WriteResp.m_axi.p1i32, i32 %gmem_addr" [/home/fran/Documentos/progra/sys_fir/fuentes/HLS/s2mm.cpp:43]   --->   Operation 167 'writeresp' 'empty_22' <Predicate = (!icmp_ln37_2)> <Delay = 7.04> <CoreInst = "m_axi">   --->   Core 125 'm_axi' <Latency = 0> <II = 1> <Delay = 1.00> <Adapter> <Opcode : 'read' 'write' 'readreq' 'writereq' 'writeresp'>

State 43 <SV = 42> <Delay = 7.04>
ST_43 : Operation 168 [30/68] (7.04ns)   --->   "%empty_22 = writeresp i1 @_ssdm_op_WriteResp.m_axi.p1i32, i32 %gmem_addr" [/home/fran/Documentos/progra/sys_fir/fuentes/HLS/s2mm.cpp:43]   --->   Operation 168 'writeresp' 'empty_22' <Predicate = (!icmp_ln37_2)> <Delay = 7.04> <CoreInst = "m_axi">   --->   Core 125 'm_axi' <Latency = 0> <II = 1> <Delay = 1.00> <Adapter> <Opcode : 'read' 'write' 'readreq' 'writereq' 'writeresp'>

State 44 <SV = 43> <Delay = 7.04>
ST_44 : Operation 169 [29/68] (7.04ns)   --->   "%empty_22 = writeresp i1 @_ssdm_op_WriteResp.m_axi.p1i32, i32 %gmem_addr" [/home/fran/Documentos/progra/sys_fir/fuentes/HLS/s2mm.cpp:43]   --->   Operation 169 'writeresp' 'empty_22' <Predicate = (!icmp_ln37_2)> <Delay = 7.04> <CoreInst = "m_axi">   --->   Core 125 'm_axi' <Latency = 0> <II = 1> <Delay = 1.00> <Adapter> <Opcode : 'read' 'write' 'readreq' 'writereq' 'writeresp'>

State 45 <SV = 44> <Delay = 7.04>
ST_45 : Operation 170 [28/68] (7.04ns)   --->   "%empty_22 = writeresp i1 @_ssdm_op_WriteResp.m_axi.p1i32, i32 %gmem_addr" [/home/fran/Documentos/progra/sys_fir/fuentes/HLS/s2mm.cpp:43]   --->   Operation 170 'writeresp' 'empty_22' <Predicate = (!icmp_ln37_2)> <Delay = 7.04> <CoreInst = "m_axi">   --->   Core 125 'm_axi' <Latency = 0> <II = 1> <Delay = 1.00> <Adapter> <Opcode : 'read' 'write' 'readreq' 'writereq' 'writeresp'>

State 46 <SV = 45> <Delay = 7.04>
ST_46 : Operation 171 [27/68] (7.04ns)   --->   "%empty_22 = writeresp i1 @_ssdm_op_WriteResp.m_axi.p1i32, i32 %gmem_addr" [/home/fran/Documentos/progra/sys_fir/fuentes/HLS/s2mm.cpp:43]   --->   Operation 171 'writeresp' 'empty_22' <Predicate = (!icmp_ln37_2)> <Delay = 7.04> <CoreInst = "m_axi">   --->   Core 125 'm_axi' <Latency = 0> <II = 1> <Delay = 1.00> <Adapter> <Opcode : 'read' 'write' 'readreq' 'writereq' 'writeresp'>

State 47 <SV = 46> <Delay = 7.04>
ST_47 : Operation 172 [26/68] (7.04ns)   --->   "%empty_22 = writeresp i1 @_ssdm_op_WriteResp.m_axi.p1i32, i32 %gmem_addr" [/home/fran/Documentos/progra/sys_fir/fuentes/HLS/s2mm.cpp:43]   --->   Operation 172 'writeresp' 'empty_22' <Predicate = (!icmp_ln37_2)> <Delay = 7.04> <CoreInst = "m_axi">   --->   Core 125 'm_axi' <Latency = 0> <II = 1> <Delay = 1.00> <Adapter> <Opcode : 'read' 'write' 'readreq' 'writereq' 'writeresp'>

State 48 <SV = 47> <Delay = 7.04>
ST_48 : Operation 173 [25/68] (7.04ns)   --->   "%empty_22 = writeresp i1 @_ssdm_op_WriteResp.m_axi.p1i32, i32 %gmem_addr" [/home/fran/Documentos/progra/sys_fir/fuentes/HLS/s2mm.cpp:43]   --->   Operation 173 'writeresp' 'empty_22' <Predicate = (!icmp_ln37_2)> <Delay = 7.04> <CoreInst = "m_axi">   --->   Core 125 'm_axi' <Latency = 0> <II = 1> <Delay = 1.00> <Adapter> <Opcode : 'read' 'write' 'readreq' 'writereq' 'writeresp'>

State 49 <SV = 48> <Delay = 7.04>
ST_49 : Operation 174 [24/68] (7.04ns)   --->   "%empty_22 = writeresp i1 @_ssdm_op_WriteResp.m_axi.p1i32, i32 %gmem_addr" [/home/fran/Documentos/progra/sys_fir/fuentes/HLS/s2mm.cpp:43]   --->   Operation 174 'writeresp' 'empty_22' <Predicate = (!icmp_ln37_2)> <Delay = 7.04> <CoreInst = "m_axi">   --->   Core 125 'm_axi' <Latency = 0> <II = 1> <Delay = 1.00> <Adapter> <Opcode : 'read' 'write' 'readreq' 'writereq' 'writeresp'>

State 50 <SV = 49> <Delay = 7.04>
ST_50 : Operation 175 [23/68] (7.04ns)   --->   "%empty_22 = writeresp i1 @_ssdm_op_WriteResp.m_axi.p1i32, i32 %gmem_addr" [/home/fran/Documentos/progra/sys_fir/fuentes/HLS/s2mm.cpp:43]   --->   Operation 175 'writeresp' 'empty_22' <Predicate = (!icmp_ln37_2)> <Delay = 7.04> <CoreInst = "m_axi">   --->   Core 125 'm_axi' <Latency = 0> <II = 1> <Delay = 1.00> <Adapter> <Opcode : 'read' 'write' 'readreq' 'writereq' 'writeresp'>

State 51 <SV = 50> <Delay = 7.04>
ST_51 : Operation 176 [22/68] (7.04ns)   --->   "%empty_22 = writeresp i1 @_ssdm_op_WriteResp.m_axi.p1i32, i32 %gmem_addr" [/home/fran/Documentos/progra/sys_fir/fuentes/HLS/s2mm.cpp:43]   --->   Operation 176 'writeresp' 'empty_22' <Predicate = (!icmp_ln37_2)> <Delay = 7.04> <CoreInst = "m_axi">   --->   Core 125 'm_axi' <Latency = 0> <II = 1> <Delay = 1.00> <Adapter> <Opcode : 'read' 'write' 'readreq' 'writereq' 'writeresp'>

State 52 <SV = 51> <Delay = 7.04>
ST_52 : Operation 177 [21/68] (7.04ns)   --->   "%empty_22 = writeresp i1 @_ssdm_op_WriteResp.m_axi.p1i32, i32 %gmem_addr" [/home/fran/Documentos/progra/sys_fir/fuentes/HLS/s2mm.cpp:43]   --->   Operation 177 'writeresp' 'empty_22' <Predicate = (!icmp_ln37_2)> <Delay = 7.04> <CoreInst = "m_axi">   --->   Core 125 'm_axi' <Latency = 0> <II = 1> <Delay = 1.00> <Adapter> <Opcode : 'read' 'write' 'readreq' 'writereq' 'writeresp'>

State 53 <SV = 52> <Delay = 7.04>
ST_53 : Operation 178 [20/68] (7.04ns)   --->   "%empty_22 = writeresp i1 @_ssdm_op_WriteResp.m_axi.p1i32, i32 %gmem_addr" [/home/fran/Documentos/progra/sys_fir/fuentes/HLS/s2mm.cpp:43]   --->   Operation 178 'writeresp' 'empty_22' <Predicate = (!icmp_ln37_2)> <Delay = 7.04> <CoreInst = "m_axi">   --->   Core 125 'm_axi' <Latency = 0> <II = 1> <Delay = 1.00> <Adapter> <Opcode : 'read' 'write' 'readreq' 'writereq' 'writeresp'>

State 54 <SV = 53> <Delay = 7.04>
ST_54 : Operation 179 [19/68] (7.04ns)   --->   "%empty_22 = writeresp i1 @_ssdm_op_WriteResp.m_axi.p1i32, i32 %gmem_addr" [/home/fran/Documentos/progra/sys_fir/fuentes/HLS/s2mm.cpp:43]   --->   Operation 179 'writeresp' 'empty_22' <Predicate = (!icmp_ln37_2)> <Delay = 7.04> <CoreInst = "m_axi">   --->   Core 125 'm_axi' <Latency = 0> <II = 1> <Delay = 1.00> <Adapter> <Opcode : 'read' 'write' 'readreq' 'writereq' 'writeresp'>

State 55 <SV = 54> <Delay = 7.04>
ST_55 : Operation 180 [18/68] (7.04ns)   --->   "%empty_22 = writeresp i1 @_ssdm_op_WriteResp.m_axi.p1i32, i32 %gmem_addr" [/home/fran/Documentos/progra/sys_fir/fuentes/HLS/s2mm.cpp:43]   --->   Operation 180 'writeresp' 'empty_22' <Predicate = (!icmp_ln37_2)> <Delay = 7.04> <CoreInst = "m_axi">   --->   Core 125 'm_axi' <Latency = 0> <II = 1> <Delay = 1.00> <Adapter> <Opcode : 'read' 'write' 'readreq' 'writereq' 'writeresp'>

State 56 <SV = 55> <Delay = 7.04>
ST_56 : Operation 181 [17/68] (7.04ns)   --->   "%empty_22 = writeresp i1 @_ssdm_op_WriteResp.m_axi.p1i32, i32 %gmem_addr" [/home/fran/Documentos/progra/sys_fir/fuentes/HLS/s2mm.cpp:43]   --->   Operation 181 'writeresp' 'empty_22' <Predicate = (!icmp_ln37_2)> <Delay = 7.04> <CoreInst = "m_axi">   --->   Core 125 'm_axi' <Latency = 0> <II = 1> <Delay = 1.00> <Adapter> <Opcode : 'read' 'write' 'readreq' 'writereq' 'writeresp'>

State 57 <SV = 56> <Delay = 7.04>
ST_57 : Operation 182 [16/68] (7.04ns)   --->   "%empty_22 = writeresp i1 @_ssdm_op_WriteResp.m_axi.p1i32, i32 %gmem_addr" [/home/fran/Documentos/progra/sys_fir/fuentes/HLS/s2mm.cpp:43]   --->   Operation 182 'writeresp' 'empty_22' <Predicate = (!icmp_ln37_2)> <Delay = 7.04> <CoreInst = "m_axi">   --->   Core 125 'm_axi' <Latency = 0> <II = 1> <Delay = 1.00> <Adapter> <Opcode : 'read' 'write' 'readreq' 'writereq' 'writeresp'>

State 58 <SV = 57> <Delay = 7.04>
ST_58 : Operation 183 [15/68] (7.04ns)   --->   "%empty_22 = writeresp i1 @_ssdm_op_WriteResp.m_axi.p1i32, i32 %gmem_addr" [/home/fran/Documentos/progra/sys_fir/fuentes/HLS/s2mm.cpp:43]   --->   Operation 183 'writeresp' 'empty_22' <Predicate = (!icmp_ln37_2)> <Delay = 7.04> <CoreInst = "m_axi">   --->   Core 125 'm_axi' <Latency = 0> <II = 1> <Delay = 1.00> <Adapter> <Opcode : 'read' 'write' 'readreq' 'writereq' 'writeresp'>

State 59 <SV = 58> <Delay = 7.04>
ST_59 : Operation 184 [14/68] (7.04ns)   --->   "%empty_22 = writeresp i1 @_ssdm_op_WriteResp.m_axi.p1i32, i32 %gmem_addr" [/home/fran/Documentos/progra/sys_fir/fuentes/HLS/s2mm.cpp:43]   --->   Operation 184 'writeresp' 'empty_22' <Predicate = (!icmp_ln37_2)> <Delay = 7.04> <CoreInst = "m_axi">   --->   Core 125 'm_axi' <Latency = 0> <II = 1> <Delay = 1.00> <Adapter> <Opcode : 'read' 'write' 'readreq' 'writereq' 'writeresp'>

State 60 <SV = 59> <Delay = 7.04>
ST_60 : Operation 185 [13/68] (7.04ns)   --->   "%empty_22 = writeresp i1 @_ssdm_op_WriteResp.m_axi.p1i32, i32 %gmem_addr" [/home/fran/Documentos/progra/sys_fir/fuentes/HLS/s2mm.cpp:43]   --->   Operation 185 'writeresp' 'empty_22' <Predicate = (!icmp_ln37_2)> <Delay = 7.04> <CoreInst = "m_axi">   --->   Core 125 'm_axi' <Latency = 0> <II = 1> <Delay = 1.00> <Adapter> <Opcode : 'read' 'write' 'readreq' 'writereq' 'writeresp'>

State 61 <SV = 60> <Delay = 7.04>
ST_61 : Operation 186 [12/68] (7.04ns)   --->   "%empty_22 = writeresp i1 @_ssdm_op_WriteResp.m_axi.p1i32, i32 %gmem_addr" [/home/fran/Documentos/progra/sys_fir/fuentes/HLS/s2mm.cpp:43]   --->   Operation 186 'writeresp' 'empty_22' <Predicate = (!icmp_ln37_2)> <Delay = 7.04> <CoreInst = "m_axi">   --->   Core 125 'm_axi' <Latency = 0> <II = 1> <Delay = 1.00> <Adapter> <Opcode : 'read' 'write' 'readreq' 'writereq' 'writeresp'>

State 62 <SV = 61> <Delay = 7.04>
ST_62 : Operation 187 [11/68] (7.04ns)   --->   "%empty_22 = writeresp i1 @_ssdm_op_WriteResp.m_axi.p1i32, i32 %gmem_addr" [/home/fran/Documentos/progra/sys_fir/fuentes/HLS/s2mm.cpp:43]   --->   Operation 187 'writeresp' 'empty_22' <Predicate = (!icmp_ln37_2)> <Delay = 7.04> <CoreInst = "m_axi">   --->   Core 125 'm_axi' <Latency = 0> <II = 1> <Delay = 1.00> <Adapter> <Opcode : 'read' 'write' 'readreq' 'writereq' 'writeresp'>

State 63 <SV = 62> <Delay = 7.04>
ST_63 : Operation 188 [10/68] (7.04ns)   --->   "%empty_22 = writeresp i1 @_ssdm_op_WriteResp.m_axi.p1i32, i32 %gmem_addr" [/home/fran/Documentos/progra/sys_fir/fuentes/HLS/s2mm.cpp:43]   --->   Operation 188 'writeresp' 'empty_22' <Predicate = (!icmp_ln37_2)> <Delay = 7.04> <CoreInst = "m_axi">   --->   Core 125 'm_axi' <Latency = 0> <II = 1> <Delay = 1.00> <Adapter> <Opcode : 'read' 'write' 'readreq' 'writereq' 'writeresp'>

State 64 <SV = 63> <Delay = 7.04>
ST_64 : Operation 189 [9/68] (7.04ns)   --->   "%empty_22 = writeresp i1 @_ssdm_op_WriteResp.m_axi.p1i32, i32 %gmem_addr" [/home/fran/Documentos/progra/sys_fir/fuentes/HLS/s2mm.cpp:43]   --->   Operation 189 'writeresp' 'empty_22' <Predicate = (!icmp_ln37_2)> <Delay = 7.04> <CoreInst = "m_axi">   --->   Core 125 'm_axi' <Latency = 0> <II = 1> <Delay = 1.00> <Adapter> <Opcode : 'read' 'write' 'readreq' 'writereq' 'writeresp'>

State 65 <SV = 64> <Delay = 7.04>
ST_65 : Operation 190 [8/68] (7.04ns)   --->   "%empty_22 = writeresp i1 @_ssdm_op_WriteResp.m_axi.p1i32, i32 %gmem_addr" [/home/fran/Documentos/progra/sys_fir/fuentes/HLS/s2mm.cpp:43]   --->   Operation 190 'writeresp' 'empty_22' <Predicate = (!icmp_ln37_2)> <Delay = 7.04> <CoreInst = "m_axi">   --->   Core 125 'm_axi' <Latency = 0> <II = 1> <Delay = 1.00> <Adapter> <Opcode : 'read' 'write' 'readreq' 'writereq' 'writeresp'>

State 66 <SV = 65> <Delay = 7.04>
ST_66 : Operation 191 [7/68] (7.04ns)   --->   "%empty_22 = writeresp i1 @_ssdm_op_WriteResp.m_axi.p1i32, i32 %gmem_addr" [/home/fran/Documentos/progra/sys_fir/fuentes/HLS/s2mm.cpp:43]   --->   Operation 191 'writeresp' 'empty_22' <Predicate = (!icmp_ln37_2)> <Delay = 7.04> <CoreInst = "m_axi">   --->   Core 125 'm_axi' <Latency = 0> <II = 1> <Delay = 1.00> <Adapter> <Opcode : 'read' 'write' 'readreq' 'writereq' 'writeresp'>

State 67 <SV = 66> <Delay = 7.04>
ST_67 : Operation 192 [6/68] (7.04ns)   --->   "%empty_22 = writeresp i1 @_ssdm_op_WriteResp.m_axi.p1i32, i32 %gmem_addr" [/home/fran/Documentos/progra/sys_fir/fuentes/HLS/s2mm.cpp:43]   --->   Operation 192 'writeresp' 'empty_22' <Predicate = (!icmp_ln37_2)> <Delay = 7.04> <CoreInst = "m_axi">   --->   Core 125 'm_axi' <Latency = 0> <II = 1> <Delay = 1.00> <Adapter> <Opcode : 'read' 'write' 'readreq' 'writereq' 'writeresp'>

State 68 <SV = 67> <Delay = 7.04>
ST_68 : Operation 193 [5/68] (7.04ns)   --->   "%empty_22 = writeresp i1 @_ssdm_op_WriteResp.m_axi.p1i32, i32 %gmem_addr" [/home/fran/Documentos/progra/sys_fir/fuentes/HLS/s2mm.cpp:43]   --->   Operation 193 'writeresp' 'empty_22' <Predicate = (!icmp_ln37_2)> <Delay = 7.04> <CoreInst = "m_axi">   --->   Core 125 'm_axi' <Latency = 0> <II = 1> <Delay = 1.00> <Adapter> <Opcode : 'read' 'write' 'readreq' 'writereq' 'writeresp'>

State 69 <SV = 68> <Delay = 7.04>
ST_69 : Operation 194 [4/68] (7.04ns)   --->   "%empty_22 = writeresp i1 @_ssdm_op_WriteResp.m_axi.p1i32, i32 %gmem_addr" [/home/fran/Documentos/progra/sys_fir/fuentes/HLS/s2mm.cpp:43]   --->   Operation 194 'writeresp' 'empty_22' <Predicate = (!icmp_ln37_2)> <Delay = 7.04> <CoreInst = "m_axi">   --->   Core 125 'm_axi' <Latency = 0> <II = 1> <Delay = 1.00> <Adapter> <Opcode : 'read' 'write' 'readreq' 'writereq' 'writeresp'>

State 70 <SV = 69> <Delay = 7.04>
ST_70 : Operation 195 [3/68] (7.04ns)   --->   "%empty_22 = writeresp i1 @_ssdm_op_WriteResp.m_axi.p1i32, i32 %gmem_addr" [/home/fran/Documentos/progra/sys_fir/fuentes/HLS/s2mm.cpp:43]   --->   Operation 195 'writeresp' 'empty_22' <Predicate = (!icmp_ln37_2)> <Delay = 7.04> <CoreInst = "m_axi">   --->   Core 125 'm_axi' <Latency = 0> <II = 1> <Delay = 1.00> <Adapter> <Opcode : 'read' 'write' 'readreq' 'writereq' 'writeresp'>

State 71 <SV = 70> <Delay = 7.04>
ST_71 : Operation 196 [2/68] (7.04ns)   --->   "%empty_22 = writeresp i1 @_ssdm_op_WriteResp.m_axi.p1i32, i32 %gmem_addr" [/home/fran/Documentos/progra/sys_fir/fuentes/HLS/s2mm.cpp:43]   --->   Operation 196 'writeresp' 'empty_22' <Predicate = (!icmp_ln37_2)> <Delay = 7.04> <CoreInst = "m_axi">   --->   Core 125 'm_axi' <Latency = 0> <II = 1> <Delay = 1.00> <Adapter> <Opcode : 'read' 'write' 'readreq' 'writereq' 'writeresp'>

State 72 <SV = 71> <Delay = 1.00>
ST_72 : Operation 197 [1/68] (1.00ns)   --->   "%empty_22 = writeresp i1 @_ssdm_op_WriteResp.m_axi.p1i32, i32 %gmem_addr" [/home/fran/Documentos/progra/sys_fir/fuentes/HLS/s2mm.cpp:43]   --->   Operation 197 'writeresp' 'empty_22' <Predicate = (!icmp_ln37_2)> <Delay = 1.00> <CoreInst = "m_axi">   --->   Core 125 'm_axi' <Latency = 0> <II = 1> <Delay = 1.00> <Adapter> <Opcode : 'read' 'write' 'readreq' 'writereq' 'writeresp'>
ST_72 : Operation 198 [1/1] (0.00ns)   --->   "%br_ln37 = br void %new.latch.for.inc.split" [/home/fran/Documentos/progra/sys_fir/fuentes/HLS/s2mm.cpp:37]   --->   Operation 198 'br' 'br_ln37' <Predicate = (!icmp_ln37_2)> <Delay = 0.00>

State 73 <SV = 2> <Delay = 0.00>
ST_73 : Operation 199 [1/1] (0.00ns)   --->   "%ret_ln43 = ret" [/home/fran/Documentos/progra/sys_fir/fuentes/HLS/s2mm.cpp:43]   --->   Operation 199 'ret' 'ret_ln43' <Predicate = true> <Delay = 0.00>


============================================================
+ Verbose Summary: Timing violations
============================================================
Target clock period: 8.000ns, clock uncertainty: 0.960ns.

 <State 1>: 2.300ns
The critical path consists of the following:
	'muxlogic' operation 32 bit ('muxLogicCE_to_size_read') [9]  (0.000 ns)
	wire read operation ('size_read', /home/fran/Documentos/progra/sys_fir/fuentes/HLS/s2mm.cpp:28) on port 'size' (/home/fran/Documentos/progra/sys_fir/fuentes/HLS/s2mm.cpp:28) [10]  (1.000 ns)
	'icmp' operation 1 bit ('icmp_ln37', /home/fran/Documentos/progra/sys_fir/fuentes/HLS/s2mm.cpp:37) [29]  (0.893 ns)
	'select' operation 31 bit ('empty', /home/fran/Documentos/progra/sys_fir/fuentes/HLS/s2mm.cpp:37) [34]  (0.407 ns)

 <State 2>: 1.893ns
The critical path consists of the following:
	'muxlogic' operation 31 bit ('MuxLogicAddr_to_i_load') [42]  (0.000 ns)
	'load' operation 31 bit ('i_load', /home/fran/Documentos/progra/sys_fir/fuentes/HLS/s2mm.cpp:37) on local variable 'i' [43]  (0.000 ns)
	'icmp' operation 1 bit ('icmp_ln37_1', /home/fran/Documentos/progra/sys_fir/fuentes/HLS/s2mm.cpp:37) [45]  (0.893 ns)
	axis read operation ('empty_21', /home/fran/Documentos/progra/sys_fir/fuentes/HLS/s2mm.cpp:39) on port 's_V_data_V' (/home/fran/Documentos/progra/sys_fir/fuentes/HLS/s2mm.cpp:39) [58]  (1.000 ns)

 <State 3>: 1.000ns
The critical path consists of the following:
	bus request operation ('empty_20', /home/fran/Documentos/progra/sys_fir/fuentes/HLS/s2mm.cpp:37) on port 'gmem' (/home/fran/Documentos/progra/sys_fir/fuentes/HLS/s2mm.cpp:37) [52]  (1.000 ns)

 <State 4>: 1.000ns
The critical path consists of the following:
	'muxlogic' operation 0 bit ('muxLogicData_to_write_ln40') [60]  (0.000 ns)
	bus write operation ('write_ln40', /home/fran/Documentos/progra/sys_fir/fuentes/HLS/s2mm.cpp:40) on port 'gmem' (/home/fran/Documentos/progra/sys_fir/fuentes/HLS/s2mm.cpp:40) [61]  (1.000 ns)

 <State 5>: 1.000ns
The critical path consists of the following:
	bus response operation ('empty_22', /home/fran/Documentos/progra/sys_fir/fuentes/HLS/s2mm.cpp:43) on port 'gmem' (/home/fran/Documentos/progra/sys_fir/fuentes/HLS/s2mm.cpp:43) [65]  (1.000 ns)

 <State 6>: 7.040ns
The critical path consists of the following:
	bus response operation ('empty_22', /home/fran/Documentos/progra/sys_fir/fuentes/HLS/s2mm.cpp:43) on port 'gmem' (/home/fran/Documentos/progra/sys_fir/fuentes/HLS/s2mm.cpp:43) [65]  (7.040 ns)

 <State 7>: 7.040ns
The critical path consists of the following:
	bus response operation ('empty_22', /home/fran/Documentos/progra/sys_fir/fuentes/HLS/s2mm.cpp:43) on port 'gmem' (/home/fran/Documentos/progra/sys_fir/fuentes/HLS/s2mm.cpp:43) [65]  (7.040 ns)

 <State 8>: 7.040ns
The critical path consists of the following:
	bus response operation ('empty_22', /home/fran/Documentos/progra/sys_fir/fuentes/HLS/s2mm.cpp:43) on port 'gmem' (/home/fran/Documentos/progra/sys_fir/fuentes/HLS/s2mm.cpp:43) [65]  (7.040 ns)

 <State 9>: 7.040ns
The critical path consists of the following:
	bus response operation ('empty_22', /home/fran/Documentos/progra/sys_fir/fuentes/HLS/s2mm.cpp:43) on port 'gmem' (/home/fran/Documentos/progra/sys_fir/fuentes/HLS/s2mm.cpp:43) [65]  (7.040 ns)

 <State 10>: 7.040ns
The critical path consists of the following:
	bus response operation ('empty_22', /home/fran/Documentos/progra/sys_fir/fuentes/HLS/s2mm.cpp:43) on port 'gmem' (/home/fran/Documentos/progra/sys_fir/fuentes/HLS/s2mm.cpp:43) [65]  (7.040 ns)

 <State 11>: 7.040ns
The critical path consists of the following:
	bus response operation ('empty_22', /home/fran/Documentos/progra/sys_fir/fuentes/HLS/s2mm.cpp:43) on port 'gmem' (/home/fran/Documentos/progra/sys_fir/fuentes/HLS/s2mm.cpp:43) [65]  (7.040 ns)

 <State 12>: 7.040ns
The critical path consists of the following:
	bus response operation ('empty_22', /home/fran/Documentos/progra/sys_fir/fuentes/HLS/s2mm.cpp:43) on port 'gmem' (/home/fran/Documentos/progra/sys_fir/fuentes/HLS/s2mm.cpp:43) [65]  (7.040 ns)

 <State 13>: 7.040ns
The critical path consists of the following:
	bus response operation ('empty_22', /home/fran/Documentos/progra/sys_fir/fuentes/HLS/s2mm.cpp:43) on port 'gmem' (/home/fran/Documentos/progra/sys_fir/fuentes/HLS/s2mm.cpp:43) [65]  (7.040 ns)

 <State 14>: 7.040ns
The critical path consists of the following:
	bus response operation ('empty_22', /home/fran/Documentos/progra/sys_fir/fuentes/HLS/s2mm.cpp:43) on port 'gmem' (/home/fran/Documentos/progra/sys_fir/fuentes/HLS/s2mm.cpp:43) [65]  (7.040 ns)

 <State 15>: 7.040ns
The critical path consists of the following:
	bus response operation ('empty_22', /home/fran/Documentos/progra/sys_fir/fuentes/HLS/s2mm.cpp:43) on port 'gmem' (/home/fran/Documentos/progra/sys_fir/fuentes/HLS/s2mm.cpp:43) [65]  (7.040 ns)

 <State 16>: 7.040ns
The critical path consists of the following:
	bus response operation ('empty_22', /home/fran/Documentos/progra/sys_fir/fuentes/HLS/s2mm.cpp:43) on port 'gmem' (/home/fran/Documentos/progra/sys_fir/fuentes/HLS/s2mm.cpp:43) [65]  (7.040 ns)

 <State 17>: 7.040ns
The critical path consists of the following:
	bus response operation ('empty_22', /home/fran/Documentos/progra/sys_fir/fuentes/HLS/s2mm.cpp:43) on port 'gmem' (/home/fran/Documentos/progra/sys_fir/fuentes/HLS/s2mm.cpp:43) [65]  (7.040 ns)

 <State 18>: 7.040ns
The critical path consists of the following:
	bus response operation ('empty_22', /home/fran/Documentos/progra/sys_fir/fuentes/HLS/s2mm.cpp:43) on port 'gmem' (/home/fran/Documentos/progra/sys_fir/fuentes/HLS/s2mm.cpp:43) [65]  (7.040 ns)

 <State 19>: 7.040ns
The critical path consists of the following:
	bus response operation ('empty_22', /home/fran/Documentos/progra/sys_fir/fuentes/HLS/s2mm.cpp:43) on port 'gmem' (/home/fran/Documentos/progra/sys_fir/fuentes/HLS/s2mm.cpp:43) [65]  (7.040 ns)

 <State 20>: 7.040ns
The critical path consists of the following:
	bus response operation ('empty_22', /home/fran/Documentos/progra/sys_fir/fuentes/HLS/s2mm.cpp:43) on port 'gmem' (/home/fran/Documentos/progra/sys_fir/fuentes/HLS/s2mm.cpp:43) [65]  (7.040 ns)

 <State 21>: 7.040ns
The critical path consists of the following:
	bus response operation ('empty_22', /home/fran/Documentos/progra/sys_fir/fuentes/HLS/s2mm.cpp:43) on port 'gmem' (/home/fran/Documentos/progra/sys_fir/fuentes/HLS/s2mm.cpp:43) [65]  (7.040 ns)

 <State 22>: 7.040ns
The critical path consists of the following:
	bus response operation ('empty_22', /home/fran/Documentos/progra/sys_fir/fuentes/HLS/s2mm.cpp:43) on port 'gmem' (/home/fran/Documentos/progra/sys_fir/fuentes/HLS/s2mm.cpp:43) [65]  (7.040 ns)

 <State 23>: 7.040ns
The critical path consists of the following:
	bus response operation ('empty_22', /home/fran/Documentos/progra/sys_fir/fuentes/HLS/s2mm.cpp:43) on port 'gmem' (/home/fran/Documentos/progra/sys_fir/fuentes/HLS/s2mm.cpp:43) [65]  (7.040 ns)

 <State 24>: 7.040ns
The critical path consists of the following:
	bus response operation ('empty_22', /home/fran/Documentos/progra/sys_fir/fuentes/HLS/s2mm.cpp:43) on port 'gmem' (/home/fran/Documentos/progra/sys_fir/fuentes/HLS/s2mm.cpp:43) [65]  (7.040 ns)

 <State 25>: 7.040ns
The critical path consists of the following:
	bus response operation ('empty_22', /home/fran/Documentos/progra/sys_fir/fuentes/HLS/s2mm.cpp:43) on port 'gmem' (/home/fran/Documentos/progra/sys_fir/fuentes/HLS/s2mm.cpp:43) [65]  (7.040 ns)

 <State 26>: 7.040ns
The critical path consists of the following:
	bus response operation ('empty_22', /home/fran/Documentos/progra/sys_fir/fuentes/HLS/s2mm.cpp:43) on port 'gmem' (/home/fran/Documentos/progra/sys_fir/fuentes/HLS/s2mm.cpp:43) [65]  (7.040 ns)

 <State 27>: 7.040ns
The critical path consists of the following:
	bus response operation ('empty_22', /home/fran/Documentos/progra/sys_fir/fuentes/HLS/s2mm.cpp:43) on port 'gmem' (/home/fran/Documentos/progra/sys_fir/fuentes/HLS/s2mm.cpp:43) [65]  (7.040 ns)

 <State 28>: 7.040ns
The critical path consists of the following:
	bus response operation ('empty_22', /home/fran/Documentos/progra/sys_fir/fuentes/HLS/s2mm.cpp:43) on port 'gmem' (/home/fran/Documentos/progra/sys_fir/fuentes/HLS/s2mm.cpp:43) [65]  (7.040 ns)

 <State 29>: 7.040ns
The critical path consists of the following:
	bus response operation ('empty_22', /home/fran/Documentos/progra/sys_fir/fuentes/HLS/s2mm.cpp:43) on port 'gmem' (/home/fran/Documentos/progra/sys_fir/fuentes/HLS/s2mm.cpp:43) [65]  (7.040 ns)

 <State 30>: 7.040ns
The critical path consists of the following:
	bus response operation ('empty_22', /home/fran/Documentos/progra/sys_fir/fuentes/HLS/s2mm.cpp:43) on port 'gmem' (/home/fran/Documentos/progra/sys_fir/fuentes/HLS/s2mm.cpp:43) [65]  (7.040 ns)

 <State 31>: 7.040ns
The critical path consists of the following:
	bus response operation ('empty_22', /home/fran/Documentos/progra/sys_fir/fuentes/HLS/s2mm.cpp:43) on port 'gmem' (/home/fran/Documentos/progra/sys_fir/fuentes/HLS/s2mm.cpp:43) [65]  (7.040 ns)

 <State 32>: 7.040ns
The critical path consists of the following:
	bus response operation ('empty_22', /home/fran/Documentos/progra/sys_fir/fuentes/HLS/s2mm.cpp:43) on port 'gmem' (/home/fran/Documentos/progra/sys_fir/fuentes/HLS/s2mm.cpp:43) [65]  (7.040 ns)

 <State 33>: 7.040ns
The critical path consists of the following:
	bus response operation ('empty_22', /home/fran/Documentos/progra/sys_fir/fuentes/HLS/s2mm.cpp:43) on port 'gmem' (/home/fran/Documentos/progra/sys_fir/fuentes/HLS/s2mm.cpp:43) [65]  (7.040 ns)

 <State 34>: 7.040ns
The critical path consists of the following:
	bus response operation ('empty_22', /home/fran/Documentos/progra/sys_fir/fuentes/HLS/s2mm.cpp:43) on port 'gmem' (/home/fran/Documentos/progra/sys_fir/fuentes/HLS/s2mm.cpp:43) [65]  (7.040 ns)

 <State 35>: 7.040ns
The critical path consists of the following:
	bus response operation ('empty_22', /home/fran/Documentos/progra/sys_fir/fuentes/HLS/s2mm.cpp:43) on port 'gmem' (/home/fran/Documentos/progra/sys_fir/fuentes/HLS/s2mm.cpp:43) [65]  (7.040 ns)

 <State 36>: 7.040ns
The critical path consists of the following:
	bus response operation ('empty_22', /home/fran/Documentos/progra/sys_fir/fuentes/HLS/s2mm.cpp:43) on port 'gmem' (/home/fran/Documentos/progra/sys_fir/fuentes/HLS/s2mm.cpp:43) [65]  (7.040 ns)

 <State 37>: 7.040ns
The critical path consists of the following:
	bus response operation ('empty_22', /home/fran/Documentos/progra/sys_fir/fuentes/HLS/s2mm.cpp:43) on port 'gmem' (/home/fran/Documentos/progra/sys_fir/fuentes/HLS/s2mm.cpp:43) [65]  (7.040 ns)

 <State 38>: 7.040ns
The critical path consists of the following:
	bus response operation ('empty_22', /home/fran/Documentos/progra/sys_fir/fuentes/HLS/s2mm.cpp:43) on port 'gmem' (/home/fran/Documentos/progra/sys_fir/fuentes/HLS/s2mm.cpp:43) [65]  (7.040 ns)

 <State 39>: 7.040ns
The critical path consists of the following:
	bus response operation ('empty_22', /home/fran/Documentos/progra/sys_fir/fuentes/HLS/s2mm.cpp:43) on port 'gmem' (/home/fran/Documentos/progra/sys_fir/fuentes/HLS/s2mm.cpp:43) [65]  (7.040 ns)

 <State 40>: 7.040ns
The critical path consists of the following:
	bus response operation ('empty_22', /home/fran/Documentos/progra/sys_fir/fuentes/HLS/s2mm.cpp:43) on port 'gmem' (/home/fran/Documentos/progra/sys_fir/fuentes/HLS/s2mm.cpp:43) [65]  (7.040 ns)

 <State 41>: 7.040ns
The critical path consists of the following:
	bus response operation ('empty_22', /home/fran/Documentos/progra/sys_fir/fuentes/HLS/s2mm.cpp:43) on port 'gmem' (/home/fran/Documentos/progra/sys_fir/fuentes/HLS/s2mm.cpp:43) [65]  (7.040 ns)

 <State 42>: 7.040ns
The critical path consists of the following:
	bus response operation ('empty_22', /home/fran/Documentos/progra/sys_fir/fuentes/HLS/s2mm.cpp:43) on port 'gmem' (/home/fran/Documentos/progra/sys_fir/fuentes/HLS/s2mm.cpp:43) [65]  (7.040 ns)

 <State 43>: 7.040ns
The critical path consists of the following:
	bus response operation ('empty_22', /home/fran/Documentos/progra/sys_fir/fuentes/HLS/s2mm.cpp:43) on port 'gmem' (/home/fran/Documentos/progra/sys_fir/fuentes/HLS/s2mm.cpp:43) [65]  (7.040 ns)

 <State 44>: 7.040ns
The critical path consists of the following:
	bus response operation ('empty_22', /home/fran/Documentos/progra/sys_fir/fuentes/HLS/s2mm.cpp:43) on port 'gmem' (/home/fran/Documentos/progra/sys_fir/fuentes/HLS/s2mm.cpp:43) [65]  (7.040 ns)

 <State 45>: 7.040ns
The critical path consists of the following:
	bus response operation ('empty_22', /home/fran/Documentos/progra/sys_fir/fuentes/HLS/s2mm.cpp:43) on port 'gmem' (/home/fran/Documentos/progra/sys_fir/fuentes/HLS/s2mm.cpp:43) [65]  (7.040 ns)

 <State 46>: 7.040ns
The critical path consists of the following:
	bus response operation ('empty_22', /home/fran/Documentos/progra/sys_fir/fuentes/HLS/s2mm.cpp:43) on port 'gmem' (/home/fran/Documentos/progra/sys_fir/fuentes/HLS/s2mm.cpp:43) [65]  (7.040 ns)

 <State 47>: 7.040ns
The critical path consists of the following:
	bus response operation ('empty_22', /home/fran/Documentos/progra/sys_fir/fuentes/HLS/s2mm.cpp:43) on port 'gmem' (/home/fran/Documentos/progra/sys_fir/fuentes/HLS/s2mm.cpp:43) [65]  (7.040 ns)

 <State 48>: 7.040ns
The critical path consists of the following:
	bus response operation ('empty_22', /home/fran/Documentos/progra/sys_fir/fuentes/HLS/s2mm.cpp:43) on port 'gmem' (/home/fran/Documentos/progra/sys_fir/fuentes/HLS/s2mm.cpp:43) [65]  (7.040 ns)

 <State 49>: 7.040ns
The critical path consists of the following:
	bus response operation ('empty_22', /home/fran/Documentos/progra/sys_fir/fuentes/HLS/s2mm.cpp:43) on port 'gmem' (/home/fran/Documentos/progra/sys_fir/fuentes/HLS/s2mm.cpp:43) [65]  (7.040 ns)

 <State 50>: 7.040ns
The critical path consists of the following:
	bus response operation ('empty_22', /home/fran/Documentos/progra/sys_fir/fuentes/HLS/s2mm.cpp:43) on port 'gmem' (/home/fran/Documentos/progra/sys_fir/fuentes/HLS/s2mm.cpp:43) [65]  (7.040 ns)

 <State 51>: 7.040ns
The critical path consists of the following:
	bus response operation ('empty_22', /home/fran/Documentos/progra/sys_fir/fuentes/HLS/s2mm.cpp:43) on port 'gmem' (/home/fran/Documentos/progra/sys_fir/fuentes/HLS/s2mm.cpp:43) [65]  (7.040 ns)

 <State 52>: 7.040ns
The critical path consists of the following:
	bus response operation ('empty_22', /home/fran/Documentos/progra/sys_fir/fuentes/HLS/s2mm.cpp:43) on port 'gmem' (/home/fran/Documentos/progra/sys_fir/fuentes/HLS/s2mm.cpp:43) [65]  (7.040 ns)

 <State 53>: 7.040ns
The critical path consists of the following:
	bus response operation ('empty_22', /home/fran/Documentos/progra/sys_fir/fuentes/HLS/s2mm.cpp:43) on port 'gmem' (/home/fran/Documentos/progra/sys_fir/fuentes/HLS/s2mm.cpp:43) [65]  (7.040 ns)

 <State 54>: 7.040ns
The critical path consists of the following:
	bus response operation ('empty_22', /home/fran/Documentos/progra/sys_fir/fuentes/HLS/s2mm.cpp:43) on port 'gmem' (/home/fran/Documentos/progra/sys_fir/fuentes/HLS/s2mm.cpp:43) [65]  (7.040 ns)

 <State 55>: 7.040ns
The critical path consists of the following:
	bus response operation ('empty_22', /home/fran/Documentos/progra/sys_fir/fuentes/HLS/s2mm.cpp:43) on port 'gmem' (/home/fran/Documentos/progra/sys_fir/fuentes/HLS/s2mm.cpp:43) [65]  (7.040 ns)

 <State 56>: 7.040ns
The critical path consists of the following:
	bus response operation ('empty_22', /home/fran/Documentos/progra/sys_fir/fuentes/HLS/s2mm.cpp:43) on port 'gmem' (/home/fran/Documentos/progra/sys_fir/fuentes/HLS/s2mm.cpp:43) [65]  (7.040 ns)

 <State 57>: 7.040ns
The critical path consists of the following:
	bus response operation ('empty_22', /home/fran/Documentos/progra/sys_fir/fuentes/HLS/s2mm.cpp:43) on port 'gmem' (/home/fran/Documentos/progra/sys_fir/fuentes/HLS/s2mm.cpp:43) [65]  (7.040 ns)

 <State 58>: 7.040ns
The critical path consists of the following:
	bus response operation ('empty_22', /home/fran/Documentos/progra/sys_fir/fuentes/HLS/s2mm.cpp:43) on port 'gmem' (/home/fran/Documentos/progra/sys_fir/fuentes/HLS/s2mm.cpp:43) [65]  (7.040 ns)

 <State 59>: 7.040ns
The critical path consists of the following:
	bus response operation ('empty_22', /home/fran/Documentos/progra/sys_fir/fuentes/HLS/s2mm.cpp:43) on port 'gmem' (/home/fran/Documentos/progra/sys_fir/fuentes/HLS/s2mm.cpp:43) [65]  (7.040 ns)

 <State 60>: 7.040ns
The critical path consists of the following:
	bus response operation ('empty_22', /home/fran/Documentos/progra/sys_fir/fuentes/HLS/s2mm.cpp:43) on port 'gmem' (/home/fran/Documentos/progra/sys_fir/fuentes/HLS/s2mm.cpp:43) [65]  (7.040 ns)

 <State 61>: 7.040ns
The critical path consists of the following:
	bus response operation ('empty_22', /home/fran/Documentos/progra/sys_fir/fuentes/HLS/s2mm.cpp:43) on port 'gmem' (/home/fran/Documentos/progra/sys_fir/fuentes/HLS/s2mm.cpp:43) [65]  (7.040 ns)

 <State 62>: 7.040ns
The critical path consists of the following:
	bus response operation ('empty_22', /home/fran/Documentos/progra/sys_fir/fuentes/HLS/s2mm.cpp:43) on port 'gmem' (/home/fran/Documentos/progra/sys_fir/fuentes/HLS/s2mm.cpp:43) [65]  (7.040 ns)

 <State 63>: 7.040ns
The critical path consists of the following:
	bus response operation ('empty_22', /home/fran/Documentos/progra/sys_fir/fuentes/HLS/s2mm.cpp:43) on port 'gmem' (/home/fran/Documentos/progra/sys_fir/fuentes/HLS/s2mm.cpp:43) [65]  (7.040 ns)

 <State 64>: 7.040ns
The critical path consists of the following:
	bus response operation ('empty_22', /home/fran/Documentos/progra/sys_fir/fuentes/HLS/s2mm.cpp:43) on port 'gmem' (/home/fran/Documentos/progra/sys_fir/fuentes/HLS/s2mm.cpp:43) [65]  (7.040 ns)

 <State 65>: 7.040ns
The critical path consists of the following:
	bus response operation ('empty_22', /home/fran/Documentos/progra/sys_fir/fuentes/HLS/s2mm.cpp:43) on port 'gmem' (/home/fran/Documentos/progra/sys_fir/fuentes/HLS/s2mm.cpp:43) [65]  (7.040 ns)

 <State 66>: 7.040ns
The critical path consists of the following:
	bus response operation ('empty_22', /home/fran/Documentos/progra/sys_fir/fuentes/HLS/s2mm.cpp:43) on port 'gmem' (/home/fran/Documentos/progra/sys_fir/fuentes/HLS/s2mm.cpp:43) [65]  (7.040 ns)

 <State 67>: 7.040ns
The critical path consists of the following:
	bus response operation ('empty_22', /home/fran/Documentos/progra/sys_fir/fuentes/HLS/s2mm.cpp:43) on port 'gmem' (/home/fran/Documentos/progra/sys_fir/fuentes/HLS/s2mm.cpp:43) [65]  (7.040 ns)

 <State 68>: 7.040ns
The critical path consists of the following:
	bus response operation ('empty_22', /home/fran/Documentos/progra/sys_fir/fuentes/HLS/s2mm.cpp:43) on port 'gmem' (/home/fran/Documentos/progra/sys_fir/fuentes/HLS/s2mm.cpp:43) [65]  (7.040 ns)

 <State 69>: 7.040ns
The critical path consists of the following:
	bus response operation ('empty_22', /home/fran/Documentos/progra/sys_fir/fuentes/HLS/s2mm.cpp:43) on port 'gmem' (/home/fran/Documentos/progra/sys_fir/fuentes/HLS/s2mm.cpp:43) [65]  (7.040 ns)

 <State 70>: 7.040ns
The critical path consists of the following:
	bus response operation ('empty_22', /home/fran/Documentos/progra/sys_fir/fuentes/HLS/s2mm.cpp:43) on port 'gmem' (/home/fran/Documentos/progra/sys_fir/fuentes/HLS/s2mm.cpp:43) [65]  (7.040 ns)

 <State 71>: 7.040ns
The critical path consists of the following:
	bus response operation ('empty_22', /home/fran/Documentos/progra/sys_fir/fuentes/HLS/s2mm.cpp:43) on port 'gmem' (/home/fran/Documentos/progra/sys_fir/fuentes/HLS/s2mm.cpp:43) [65]  (7.040 ns)

 <State 72>: 1.000ns
The critical path consists of the following:
	bus response operation ('empty_22', /home/fran/Documentos/progra/sys_fir/fuentes/HLS/s2mm.cpp:43) on port 'gmem' (/home/fran/Documentos/progra/sys_fir/fuentes/HLS/s2mm.cpp:43) [65]  (1.000 ns)

 <State 73>: 0.000ns
The critical path consists of the following:


============================================================
+ Verbose Summary: Binding
============================================================
N/A
* FSMD analyzer results:
  - Output states:
 - Input state : 
  - Chain level:
	State 1
	State 2
	State 3
	State 4
	State 5
	State 6
	State 7
	State 8
	State 9
	State 10
	State 11
	State 12
	State 13
	State 14
	State 15
	State 16
	State 17
	State 18
	State 19
	State 20
	State 21
	State 22
	State 23
	State 24
	State 25
	State 26
	State 27
	State 28
	State 29
	State 30
	State 31
	State 32
	State 33
	State 34
	State 35
	State 36
	State 37
	State 38
	State 39
	State 40
	State 41
	State 42
	State 43
	State 44
	State 45
	State 46
	State 47
	State 48
	State 49
	State 50
	State 51
	State 52
	State 53
	State 54
	State 55
	State 56
	State 57
	State 58
	State 59
	State 60
	State 61
	State 62
	State 63
	State 64
	State 65
	State 66
	State 67
	State 68
	State 69
	State 70
	State 71
	State 72
	State 73


============================================================
+ Verbose Summary: Datapath Resource usage 
============================================================
N/A
