directive:1:9: warning: HLS pragma dump _XLX_SEP_ PragmaIsValid=1_XLX_SEP_ PragmaType=top_XLX_SEP_ PragmaContext=directive_XLX_SEP_ PragmaFunction=s2mm_XLX_SEP_ PragmaOptions=name=s2mm_XLX_SEP_ [-Wdump-hls-pragmas]
#pragma HLSDIRECTIVE TOP name=s2mm
        ^
/home/fran/Documentos/progra/sys_fir/fuentes/HLS/s2mm.cpp:29:9: warning: HLS pragma dump _XLX_SEP_ PragmaIsValid=1_XLX_SEP_ PragmaType=interface_XLX_SEP_ PragmaContext=_XLX_SEP_ PragmaFunction=s2mm_XLX_SEP_ PragmaOptions=m_axi port=mem offset=slave bundle=gmem_XLX_SEP_ [-Wdump-hls-pragmas]
#pragma HLS INTERFACE m_axi port=mem offset=slave bundle=gmem
        ^
/home/fran/Documentos/progra/sys_fir/fuentes/HLS/s2mm.cpp:31:9: warning: HLS pragma dump _XLX_SEP_ PragmaIsValid=1_XLX_SEP_ PragmaType=interface_XLX_SEP_ PragmaContext=_XLX_SEP_ PragmaFunction=s2mm_XLX_SEP_ PragmaOptions=axis port=s_XLX_SEP_ [-Wdump-hls-pragmas]
#pragma HLS interface axis port=s
        ^
/home/fran/Documentos/progra/sys_fir/fuentes/HLS/s2mm.cpp:33:9: warning: HLS pragma dump _XLX_SEP_ PragmaIsValid=1_XLX_SEP_ PragmaType=interface_XLX_SEP_ PragmaContext=_XLX_SEP_ PragmaFunction=s2mm_XLX_SEP_ PragmaOptions=s_axilite port=mem bundle=control_XLX_SEP_ [-Wdump-hls-pragmas]
#pragma HLS INTERFACE s_axilite port=mem bundle=control
        ^
/home/fran/Documentos/progra/sys_fir/fuentes/HLS/s2mm.cpp:34:9: warning: HLS pragma dump _XLX_SEP_ PragmaIsValid=1_XLX_SEP_ PragmaType=interface_XLX_SEP_ PragmaContext=_XLX_SEP_ PragmaFunction=s2mm_XLX_SEP_ PragmaOptions=s_axilite port=size bundle=control_XLX_SEP_ [-Wdump-hls-pragmas]
#pragma HLS INTERFACE s_axilite port=size bundle=control
        ^
/home/fran/Documentos/progra/sys_fir/fuentes/HLS/s2mm.cpp:35:9: warning: HLS pragma dump _XLX_SEP_ PragmaIsValid=1_XLX_SEP_ PragmaType=interface_XLX_SEP_ PragmaContext=_XLX_SEP_ PragmaFunction=s2mm_XLX_SEP_ PragmaOptions=s_axilite port=return bundle=control_XLX_SEP_ [-Wdump-hls-pragmas]
#pragma HLS interface s_axilite port=return bundle=control
        ^
/home/fran/Documentos/progra/sys_fir/fuentes/HLS/s2mm.cpp:38:9: warning: HLS pragma dump _XLX_SEP_ PragmaIsValid=1_XLX_SEP_ PragmaType=pipeline_XLX_SEP_ PragmaContext=_XLX_SEP_ PragmaFunction=s2mm_XLX_SEP_ PragmaOptions=II=1_XLX_SEP_ [-Wdump-hls-pragmas]
#pragma HLS PIPELINE II=1
        ^
7 warnings generated.
